<?xml version="1.0" encoding="UTF-8"?>
<testsuite xmlns:xsi="http://www.w3.org/2001/XMLSchema-instance" xsi:noNamespaceSchemaLocation="https://maven.apache.org/surefire/maven-surefire-plugin/xsd/surefire-test-report.xsd" name="com.memorynotfound.kafka.SpringKafkaSenderTest" time="32.794" tests="1" errors="0" skipped="0" failures="1">
  <properties>
    <property name="sun.desktop" value="windows"/>
    <property name="awt.toolkit" value="sun.awt.windows.WToolkit"/>
    <property name="file.encoding.pkg" value="sun.io"/>
    <property name="java.specification.version" value="1.8"/>
    <property name="sun.cpu.isalist" value="pentium_pro+mmx pentium_pro pentium+mmx pentium i486 i386 i86"/>
    <property name="sun.jnu.encoding" value="Cp1252"/>
    <property name="java.class.path" value="C:\Firebase\spring-kafka-producer-consumer-example\producer-consumer\target\test-classes;C:\Firebase\spring-kafka-producer-consumer-example\producer-consumer\target\classes;C:\Users\ashru\.m2\repository\org\springframework\boot\spring-boot-starter\2.0.0.RELEASE\spring-boot-starter-2.0.0.RELEASE.jar;C:\Users\ashru\.m2\repository\org\springframework\boot\spring-boot\2.0.0.RELEASE\spring-boot-2.0.0.RELEASE.jar;C:\Users\ashru\.m2\repository\org\springframework\boot\spring-boot-autoconfigure\2.0.0.RELEASE\spring-boot-autoconfigure-2.0.0.RELEASE.jar;C:\Users\ashru\.m2\repository\org\springframework\boot\spring-boot-starter-logging\2.0.0.RELEASE\spring-boot-starter-logging-2.0.0.RELEASE.jar;C:\Users\ashru\.m2\repository\ch\qos\logback\logback-classic\1.2.3\logback-classic-1.2.3.jar;C:\Users\ashru\.m2\repository\ch\qos\logback\logback-core\1.2.3\logback-core-1.2.3.jar;C:\Users\ashru\.m2\repository\org\apache\logging\log4j\log4j-to-slf4j\2.10.0\log4j-to-slf4j-2.10.0.jar;C:\Users\ashru\.m2\repository\org\apache\logging\log4j\log4j-api\2.10.0\log4j-api-2.10.0.jar;C:\Users\ashru\.m2\repository\org\slf4j\jul-to-slf4j\1.7.25\jul-to-slf4j-1.7.25.jar;C:\Users\ashru\.m2\repository\javax\annotation\javax.annotation-api\1.3.2\javax.annotation-api-1.3.2.jar;C:\Users\ashru\.m2\repository\org\springframework\spring-core\5.0.4.RELEASE\spring-core-5.0.4.RELEASE.jar;C:\Users\ashru\.m2\repository\org\springframework\spring-jcl\5.0.4.RELEASE\spring-jcl-5.0.4.RELEASE.jar;C:\Users\ashru\.m2\repository\org\yaml\snakeyaml\1.19\snakeyaml-1.19.jar;C:\Users\ashru\.m2\repository\org\springframework\kafka\spring-kafka\2.1.4.RELEASE\spring-kafka-2.1.4.RELEASE.jar;C:\Users\ashru\.m2\repository\org\springframework\spring-context\5.0.4.RELEASE\spring-context-5.0.4.RELEASE.jar;C:\Users\ashru\.m2\repository\org\springframework\spring-aop\5.0.4.RELEASE\spring-aop-5.0.4.RELEASE.jar;C:\Users\ashru\.m2\repository\org\springframework\spring-beans\5.0.4.RELEASE\spring-beans-5.0.4.RELEASE.jar;C:\Users\ashru\.m2\repository\org\springframework\spring-expression\5.0.4.RELEASE\spring-expression-5.0.4.RELEASE.jar;C:\Users\ashru\.m2\repository\org\springframework\spring-messaging\5.0.4.RELEASE\spring-messaging-5.0.4.RELEASE.jar;C:\Users\ashru\.m2\repository\org\springframework\spring-tx\5.0.4.RELEASE\spring-tx-5.0.4.RELEASE.jar;C:\Users\ashru\.m2\repository\org\springframework\retry\spring-retry\1.2.2.RELEASE\spring-retry-1.2.2.RELEASE.jar;C:\Users\ashru\.m2\repository\org\apache\kafka\kafka-clients\1.0.0\kafka-clients-1.0.0.jar;C:\Users\ashru\.m2\repository\org\lz4\lz4-java\1.4\lz4-java-1.4.jar;C:\Users\ashru\.m2\repository\org\xerial\snappy\snappy-java\1.1.4\snappy-java-1.1.4.jar;C:\Users\ashru\.m2\repository\org\springframework\boot\spring-boot-starter-test\2.0.0.RELEASE\spring-boot-starter-test-2.0.0.RELEASE.jar;C:\Users\ashru\.m2\repository\org\springframework\boot\spring-boot-test\2.0.0.RELEASE\spring-boot-test-2.0.0.RELEASE.jar;C:\Users\ashru\.m2\repository\org\springframework\boot\spring-boot-test-autoconfigure\2.0.0.RELEASE\spring-boot-test-autoconfigure-2.0.0.RELEASE.jar;C:\Users\ashru\.m2\repository\com\jayway\jsonpath\json-path\2.4.0\json-path-2.4.0.jar;C:\Users\ashru\.m2\repository\net\minidev\json-smart\2.3\json-smart-2.3.jar;C:\Users\ashru\.m2\repository\net\minidev\accessors-smart\1.2\accessors-smart-1.2.jar;C:\Users\ashru\.m2\repository\org\ow2\asm\asm\5.0.4\asm-5.0.4.jar;C:\Users\ashru\.m2\repository\org\slf4j\slf4j-api\1.7.25\slf4j-api-1.7.25.jar;C:\Users\ashru\.m2\repository\junit\junit\4.12\junit-4.12.jar;C:\Users\ashru\.m2\repository\org\assertj\assertj-core\3.9.1\assertj-core-3.9.1.jar;C:\Users\ashru\.m2\repository\org\mockito\mockito-core\2.15.0\mockito-core-2.15.0.jar;C:\Users\ashru\.m2\repository\net\bytebuddy\byte-buddy\1.7.10\byte-buddy-1.7.10.jar;C:\Users\ashru\.m2\repository\net\bytebuddy\byte-buddy-agent\1.7.10\byte-buddy-agent-1.7.10.jar;C:\Users\ashru\.m2\repository\org\objenesis\objenesis\2.6\objenesis-2.6.jar;C:\Users\ashru\.m2\repository\org\hamcrest\hamcrest-core\1.3\hamcrest-core-1.3.jar;C:\Users\ashru\.m2\repository\org\hamcrest\hamcrest-library\1.3\hamcrest-library-1.3.jar;C:\Users\ashru\.m2\repository\org\skyscreamer\jsonassert\1.5.0\jsonassert-1.5.0.jar;C:\Users\ashru\.m2\repository\com\vaadin\external\google\android-json\0.0.20131108.vaadin1\android-json-0.0.20131108.vaadin1.jar;C:\Users\ashru\.m2\repository\org\springframework\spring-test\5.0.4.RELEASE\spring-test-5.0.4.RELEASE.jar;C:\Users\ashru\.m2\repository\org\xmlunit\xmlunit-core\2.5.1\xmlunit-core-2.5.1.jar;C:\Users\ashru\.m2\repository\org\springframework\kafka\spring-kafka-test\2.1.4.RELEASE\spring-kafka-test-2.1.4.RELEASE.jar;C:\Users\ashru\.m2\repository\org\apache\kafka\kafka-clients\1.0.0\kafka-clients-1.0.0-test.jar;C:\Users\ashru\.m2\repository\org\apache\kafka\kafka_2.11\1.0.0\kafka_2.11-1.0.0.jar;C:\Users\ashru\.m2\repository\com\fasterxml\jackson\core\jackson-databind\2.9.4\jackson-databind-2.9.4.jar;C:\Users\ashru\.m2\repository\com\fasterxml\jackson\core\jackson-annotations\2.9.0\jackson-annotations-2.9.0.jar;C:\Users\ashru\.m2\repository\com\fasterxml\jackson\core\jackson-core\2.9.4\jackson-core-2.9.4.jar;C:\Users\ashru\.m2\repository\net\sf\jopt-simple\jopt-simple\5.0.4\jopt-simple-5.0.4.jar;C:\Users\ashru\.m2\repository\com\yammer\metrics\metrics-core\2.2.0\metrics-core-2.2.0.jar;C:\Users\ashru\.m2\repository\org\scala-lang\scala-library\2.11.11\scala-library-2.11.11.jar;C:\Users\ashru\.m2\repository\com\101tec\zkclient\0.10\zkclient-0.10.jar;C:\Users\ashru\.m2\repository\org\apache\zookeeper\zookeeper\3.4.10\zookeeper-3.4.10.jar;C:\Users\ashru\.m2\repository\log4j\log4j\1.2.16\log4j-1.2.16.jar;C:\Users\ashru\.m2\repository\org\apache\kafka\kafka_2.11\1.0.0\kafka_2.11-1.0.0-test.jar;"/>
    <property name="java.vm.vendor" value="Oracle Corporation"/>
    <property name="sun.arch.data.model" value="32"/>
    <property name="user.variant" value=""/>
    <property name="java.vendor.url" value="http://java.oracle.com/"/>
    <property name="user.timezone" value=""/>
    <property name="java.vm.specification.version" value="1.8"/>
    <property name="os.name" value="Windows 10"/>
    <property name="user.country" value="GB"/>
    <property name="sun.java.launcher" value="SUN_STANDARD"/>
    <property name="sun.boot.library.path" value="C:\Program Files (x86)\Java\jdk1.8.0_181\jre\bin"/>
    <property name="sun.java.command" value="C:\Users\ashru\AppData\Local\Temp\surefire8504665249565219306\surefirebooter2514368698823662589.jar C:\Users\ashru\AppData\Local\Temp\surefire8504665249565219306 2018-10-09T18-22-30_501-jvmRun1 surefire6096623395111276452tmp surefire_03957771889454204232tmp"/>
    <property name="surefire.test.class.path" value="C:\Firebase\spring-kafka-producer-consumer-example\producer-consumer\target\test-classes;C:\Firebase\spring-kafka-producer-consumer-example\producer-consumer\target\classes;C:\Users\ashru\.m2\repository\org\springframework\boot\spring-boot-starter\2.0.0.RELEASE\spring-boot-starter-2.0.0.RELEASE.jar;C:\Users\ashru\.m2\repository\org\springframework\boot\spring-boot\2.0.0.RELEASE\spring-boot-2.0.0.RELEASE.jar;C:\Users\ashru\.m2\repository\org\springframework\boot\spring-boot-autoconfigure\2.0.0.RELEASE\spring-boot-autoconfigure-2.0.0.RELEASE.jar;C:\Users\ashru\.m2\repository\org\springframework\boot\spring-boot-starter-logging\2.0.0.RELEASE\spring-boot-starter-logging-2.0.0.RELEASE.jar;C:\Users\ashru\.m2\repository\ch\qos\logback\logback-classic\1.2.3\logback-classic-1.2.3.jar;C:\Users\ashru\.m2\repository\ch\qos\logback\logback-core\1.2.3\logback-core-1.2.3.jar;C:\Users\ashru\.m2\repository\org\apache\logging\log4j\log4j-to-slf4j\2.10.0\log4j-to-slf4j-2.10.0.jar;C:\Users\ashru\.m2\repository\org\apache\logging\log4j\log4j-api\2.10.0\log4j-api-2.10.0.jar;C:\Users\ashru\.m2\repository\org\slf4j\jul-to-slf4j\1.7.25\jul-to-slf4j-1.7.25.jar;C:\Users\ashru\.m2\repository\javax\annotation\javax.annotation-api\1.3.2\javax.annotation-api-1.3.2.jar;C:\Users\ashru\.m2\repository\org\springframework\spring-core\5.0.4.RELEASE\spring-core-5.0.4.RELEASE.jar;C:\Users\ashru\.m2\repository\org\springframework\spring-jcl\5.0.4.RELEASE\spring-jcl-5.0.4.RELEASE.jar;C:\Users\ashru\.m2\repository\org\yaml\snakeyaml\1.19\snakeyaml-1.19.jar;C:\Users\ashru\.m2\repository\org\springframework\kafka\spring-kafka\2.1.4.RELEASE\spring-kafka-2.1.4.RELEASE.jar;C:\Users\ashru\.m2\repository\org\springframework\spring-context\5.0.4.RELEASE\spring-context-5.0.4.RELEASE.jar;C:\Users\ashru\.m2\repository\org\springframework\spring-aop\5.0.4.RELEASE\spring-aop-5.0.4.RELEASE.jar;C:\Users\ashru\.m2\repository\org\springframework\spring-beans\5.0.4.RELEASE\spring-beans-5.0.4.RELEASE.jar;C:\Users\ashru\.m2\repository\org\springframework\spring-expression\5.0.4.RELEASE\spring-expression-5.0.4.RELEASE.jar;C:\Users\ashru\.m2\repository\org\springframework\spring-messaging\5.0.4.RELEASE\spring-messaging-5.0.4.RELEASE.jar;C:\Users\ashru\.m2\repository\org\springframework\spring-tx\5.0.4.RELEASE\spring-tx-5.0.4.RELEASE.jar;C:\Users\ashru\.m2\repository\org\springframework\retry\spring-retry\1.2.2.RELEASE\spring-retry-1.2.2.RELEASE.jar;C:\Users\ashru\.m2\repository\org\apache\kafka\kafka-clients\1.0.0\kafka-clients-1.0.0.jar;C:\Users\ashru\.m2\repository\org\lz4\lz4-java\1.4\lz4-java-1.4.jar;C:\Users\ashru\.m2\repository\org\xerial\snappy\snappy-java\1.1.4\snappy-java-1.1.4.jar;C:\Users\ashru\.m2\repository\org\springframework\boot\spring-boot-starter-test\2.0.0.RELEASE\spring-boot-starter-test-2.0.0.RELEASE.jar;C:\Users\ashru\.m2\repository\org\springframework\boot\spring-boot-test\2.0.0.RELEASE\spring-boot-test-2.0.0.RELEASE.jar;C:\Users\ashru\.m2\repository\org\springframework\boot\spring-boot-test-autoconfigure\2.0.0.RELEASE\spring-boot-test-autoconfigure-2.0.0.RELEASE.jar;C:\Users\ashru\.m2\repository\com\jayway\jsonpath\json-path\2.4.0\json-path-2.4.0.jar;C:\Users\ashru\.m2\repository\net\minidev\json-smart\2.3\json-smart-2.3.jar;C:\Users\ashru\.m2\repository\net\minidev\accessors-smart\1.2\accessors-smart-1.2.jar;C:\Users\ashru\.m2\repository\org\ow2\asm\asm\5.0.4\asm-5.0.4.jar;C:\Users\ashru\.m2\repository\org\slf4j\slf4j-api\1.7.25\slf4j-api-1.7.25.jar;C:\Users\ashru\.m2\repository\junit\junit\4.12\junit-4.12.jar;C:\Users\ashru\.m2\repository\org\assertj\assertj-core\3.9.1\assertj-core-3.9.1.jar;C:\Users\ashru\.m2\repository\org\mockito\mockito-core\2.15.0\mockito-core-2.15.0.jar;C:\Users\ashru\.m2\repository\net\bytebuddy\byte-buddy\1.7.10\byte-buddy-1.7.10.jar;C:\Users\ashru\.m2\repository\net\bytebuddy\byte-buddy-agent\1.7.10\byte-buddy-agent-1.7.10.jar;C:\Users\ashru\.m2\repository\org\objenesis\objenesis\2.6\objenesis-2.6.jar;C:\Users\ashru\.m2\repository\org\hamcrest\hamcrest-core\1.3\hamcrest-core-1.3.jar;C:\Users\ashru\.m2\repository\org\hamcrest\hamcrest-library\1.3\hamcrest-library-1.3.jar;C:\Users\ashru\.m2\repository\org\skyscreamer\jsonassert\1.5.0\jsonassert-1.5.0.jar;C:\Users\ashru\.m2\repository\com\vaadin\external\google\android-json\0.0.20131108.vaadin1\android-json-0.0.20131108.vaadin1.jar;C:\Users\ashru\.m2\repository\org\springframework\spring-test\5.0.4.RELEASE\spring-test-5.0.4.RELEASE.jar;C:\Users\ashru\.m2\repository\org\xmlunit\xmlunit-core\2.5.1\xmlunit-core-2.5.1.jar;C:\Users\ashru\.m2\repository\org\springframework\kafka\spring-kafka-test\2.1.4.RELEASE\spring-kafka-test-2.1.4.RELEASE.jar;C:\Users\ashru\.m2\repository\org\apache\kafka\kafka-clients\1.0.0\kafka-clients-1.0.0-test.jar;C:\Users\ashru\.m2\repository\org\apache\kafka\kafka_2.11\1.0.0\kafka_2.11-1.0.0.jar;C:\Users\ashru\.m2\repository\com\fasterxml\jackson\core\jackson-databind\2.9.4\jackson-databind-2.9.4.jar;C:\Users\ashru\.m2\repository\com\fasterxml\jackson\core\jackson-annotations\2.9.0\jackson-annotations-2.9.0.jar;C:\Users\ashru\.m2\repository\com\fasterxml\jackson\core\jackson-core\2.9.4\jackson-core-2.9.4.jar;C:\Users\ashru\.m2\repository\net\sf\jopt-simple\jopt-simple\5.0.4\jopt-simple-5.0.4.jar;C:\Users\ashru\.m2\repository\com\yammer\metrics\metrics-core\2.2.0\metrics-core-2.2.0.jar;C:\Users\ashru\.m2\repository\org\scala-lang\scala-library\2.11.11\scala-library-2.11.11.jar;C:\Users\ashru\.m2\repository\com\101tec\zkclient\0.10\zkclient-0.10.jar;C:\Users\ashru\.m2\repository\org\apache\zookeeper\zookeeper\3.4.10\zookeeper-3.4.10.jar;C:\Users\ashru\.m2\repository\log4j\log4j\1.2.16\log4j-1.2.16.jar;C:\Users\ashru\.m2\repository\org\apache\kafka\kafka_2.11\1.0.0\kafka_2.11-1.0.0-test.jar;"/>
    <property name="sun.cpu.endian" value="little"/>
    <property name="user.home" value="C:\Users\ashru"/>
    <property name="user.language" value="en"/>
    <property name="java.specification.vendor" value="Oracle Corporation"/>
    <property name="java.home" value="C:\Program Files (x86)\Java\jdk1.8.0_181\jre"/>
    <property name="basedir" value="C:\Firebase\spring-kafka-producer-consumer-example\producer-consumer"/>
    <property name="file.separator" value="\"/>
    <property name="line.separator" value="&#10;"/>
    <property name="java.vm.specification.vendor" value="Oracle Corporation"/>
    <property name="java.specification.name" value="Java Platform API Specification"/>
    <property name="java.awt.graphicsenv" value="sun.awt.Win32GraphicsEnvironment"/>
    <property name="surefire.real.class.path" value="C:\Users\ashru\AppData\Local\Temp\surefire8504665249565219306\surefirebooter2514368698823662589.jar"/>
    <property name="sun.boot.class.path" value="C:\Program Files (x86)\Java\jdk1.8.0_181\jre\lib\resources.jar;C:\Program Files (x86)\Java\jdk1.8.0_181\jre\lib\rt.jar;C:\Program Files (x86)\Java\jdk1.8.0_181\jre\lib\sunrsasign.jar;C:\Program Files (x86)\Java\jdk1.8.0_181\jre\lib\jsse.jar;C:\Program Files (x86)\Java\jdk1.8.0_181\jre\lib\jce.jar;C:\Program Files (x86)\Java\jdk1.8.0_181\jre\lib\charsets.jar;C:\Program Files (x86)\Java\jdk1.8.0_181\jre\lib\jfr.jar;C:\Program Files (x86)\Java\jdk1.8.0_181\jre\classes"/>
    <property name="user.script" value=""/>
    <property name="sun.management.compiler" value="HotSpot Client Compiler"/>
    <property name="java.runtime.version" value="1.8.0_181-b13"/>
    <property name="user.name" value="ashru"/>
    <property name="path.separator" value=";"/>
    <property name="os.version" value="10.0"/>
    <property name="java.endorsed.dirs" value="C:\Program Files (x86)\Java\jdk1.8.0_181\jre\lib\endorsed"/>
    <property name="java.runtime.name" value="Java(TM) SE Runtime Environment"/>
    <property name="file.encoding" value="Cp1252"/>
    <property name="java.vm.name" value="Java HotSpot(TM) Client VM"/>
    <property name="localRepository" value="C:\Users\ashru\.m2\repository"/>
    <property name="java.vendor.url.bug" value="http://bugreport.sun.com/bugreport/"/>
    <property name="java.io.tmpdir" value="C:\Users\ashru\AppData\Local\Temp\"/>
    <property name="java.version" value="1.8.0_181"/>
    <property name="user.dir" value="C:\Firebase\spring-kafka-producer-consumer-example\producer-consumer"/>
    <property name="os.arch" value="x86"/>
    <property name="java.vm.specification.name" value="Java Virtual Machine Specification"/>
    <property name="java.awt.printerjob" value="sun.awt.windows.WPrinterJob"/>
    <property name="sun.os.patch.level" value=""/>
    <property name="java.library.path" value="C:\Program Files (x86)\Java\jdk1.8.0_181\jre\bin;C:\WINDOWS\Sun\Java\bin;C:\WINDOWS\system32;C:\WINDOWS;C:\Program Files (x86)\Common Files\Oracle\Java\javapath;C:\ProgramData\Oracle\Java\javapath;C:\PROGRAM FILES (X86)\LENOVO\FUSIONENGINE;C:\WINDOWS\SYSTEM32;C:\WINDOWS;C:\WINDOWS\SYSTEM32\WBEM;C:\WINDOWS\SYSTEM32\WINDOWSPOWERSHELL\V1.0\;C:\PROGRAM FILES (X86)\COMMON FILES\LENOVO\EASYPLUSSDK\BIN;C:\Program Files\Lenovo\Bluetooth Software\;C:\Program Files\Lenovo\Bluetooth Software\syswow64;C:\Program Files (x86)\Java\jdk1.8.0_181\bin;C:\WINDOWS\system32;C:\WINDOWS;C:\WINDOWS\System32\Wbem;C:\WINDOWS\System32\WindowsPowerShell\v1.0\;C:\apache-maven-3.5.0\bin;C:\apache-maven-3.5.0\bin;C:\spring-1.5.6.RELEASE\bin;C:\apache-tomcat-8.5.20\bin;C:\WINDOWS\System32\OpenSSH\;C:\Softwares\nodejs;C:\Python\Python37;C:\Program Files\Cloud Foundry;C:\Program Files\Git\cmd;C:\Program Files\PuTTY\;C:\Program Files\dotnet\;C:\Softwares\codes\MobileOnboarding-61c63b06c16b.json;C:\Users\ashru\AppData\Local\Microsoft\WindowsApps;C:\gradle-4.0\bin;C:\Program Files\Docker Toolbox;C:\Users\ashru\AppData\Local\Google\Cloud SDK\google-cloud-sdk\bin;C:\Users\ashru\AppData\Local\Programs\Microsoft VS Code\bin;."/>
    <property name="java.vm.info" value="mixed mode, sharing"/>
    <property name="java.vendor" value="Oracle Corporation"/>
    <property name="java.vm.version" value="25.181-b13"/>
    <property name="java.ext.dirs" value="C:\Program Files (x86)\Java\jdk1.8.0_181\jre\lib\ext;C:\WINDOWS\Sun\Java\lib\ext"/>
    <property name="sun.io.unicode.encoding" value="UnicodeLittle"/>
    <property name="java.class.version" value="52.0"/>
  </properties>
  <testcase name="testSend" classname="com.memorynotfound.kafka.SpringKafkaSenderTest" time="7.153">
    <failure message="&#10;Expected: a ConsumerRecord with value Hello Spring Kafka Sender!&#10;     but: is null" type="java.lang.AssertionError">java.lang.AssertionError: 

Expected: a ConsumerRecord with value Hello Spring Kafka Sender!
     but: is null
	at com.memorynotfound.kafka.SpringKafkaSenderTest.testSend(SpringKafkaSenderTest.java:100)
</failure>
    <system-out><![CDATA[18:22:31.695 [main] DEBUG org.springframework.test.context.junit4.SpringJUnit4ClassRunner - SpringJUnit4ClassRunner constructor called with [class com.memorynotfound.kafka.SpringKafkaSenderTest]
18:22:31.707 [main] DEBUG org.springframework.test.context.BootstrapUtils - Instantiating CacheAwareContextLoaderDelegate from class [org.springframework.test.context.cache.DefaultCacheAwareContextLoaderDelegate]
18:22:31.718 [main] DEBUG org.springframework.test.context.BootstrapUtils - Instantiating BootstrapContext using constructor [public org.springframework.test.context.support.DefaultBootstrapContext(java.lang.Class,org.springframework.test.context.CacheAwareContextLoaderDelegate)]
18:22:31.736 [main] DEBUG org.springframework.test.context.BootstrapUtils - Instantiating TestContextBootstrapper for test class [com.memorynotfound.kafka.SpringKafkaSenderTest] from class [org.springframework.boot.test.context.SpringBootTestContextBootstrapper]
18:22:31.755 [main] INFO org.springframework.boot.test.context.SpringBootTestContextBootstrapper - Neither @ContextConfiguration nor @ContextHierarchy found for test class [com.memorynotfound.kafka.SpringKafkaSenderTest], using SpringBootContextLoader
18:22:31.760 [main] DEBUG org.springframework.test.context.support.AbstractContextLoader - Did not detect default resource location for test class [com.memorynotfound.kafka.SpringKafkaSenderTest]: class path resource [com/memorynotfound/kafka/SpringKafkaSenderTest-context.xml] does not exist
18:22:31.760 [main] DEBUG org.springframework.test.context.support.AbstractContextLoader - Did not detect default resource location for test class [com.memorynotfound.kafka.SpringKafkaSenderTest]: class path resource [com/memorynotfound/kafka/SpringKafkaSenderTestContext.groovy] does not exist
18:22:31.762 [main] INFO org.springframework.test.context.support.AbstractContextLoader - Could not detect default resource locations for test class [com.memorynotfound.kafka.SpringKafkaSenderTest]: no resource found for suffixes {-context.xml, Context.groovy}.
18:22:31.765 [main] INFO org.springframework.test.context.support.AnnotationConfigContextLoaderUtils - Could not detect default configuration classes for test class [com.memorynotfound.kafka.SpringKafkaSenderTest]: SpringKafkaSenderTest does not declare any static, non-private, non-final, nested classes annotated with @Configuration.
18:22:31.842 [main] DEBUG org.springframework.test.context.support.ActiveProfilesUtils - Could not find an 'annotation declaring class' for annotation type [org.springframework.test.context.ActiveProfiles] and class [com.memorynotfound.kafka.SpringKafkaSenderTest]
18:22:31.859 [main] DEBUG org.springframework.core.env.StandardEnvironment - Adding PropertySource 'systemProperties' with lowest search precedence
18:22:31.859 [main] DEBUG org.springframework.core.env.StandardEnvironment - Adding PropertySource 'systemEnvironment' with lowest search precedence
18:22:31.859 [main] DEBUG org.springframework.core.env.StandardEnvironment - Initialized StandardEnvironment with PropertySources [MapPropertySource@20958640 {name='systemProperties', properties={java.runtime.name=Java(TM) SE Runtime Environment, sun.boot.library.path=C:\Program Files (x86)\Java\jdk1.8.0_181\jre\bin, java.vm.version=25.181-b13, java.vm.vendor=Oracle Corporation, java.vendor.url=http://java.oracle.com/, path.separator=;, java.vm.name=Java HotSpot(TM) Client VM, file.encoding.pkg=sun.io, user.country=GB, user.script=, sun.java.launcher=SUN_STANDARD, sun.os.patch.level=, java.vm.specification.name=Java Virtual Machine Specification, user.dir=C:\Firebase\spring-kafka-producer-consumer-example\producer-consumer, java.runtime.version=1.8.0_181-b13, basedir=C:\Firebase\spring-kafka-producer-consumer-example\producer-consumer, java.awt.graphicsenv=sun.awt.Win32GraphicsEnvironment, java.endorsed.dirs=C:\Program Files (x86)\Java\jdk1.8.0_181\jre\lib\endorsed, os.arch=x86, surefire.real.class.path=C:\Users\ashru\AppData\Local\Temp\surefire8504665249565219306\surefirebooter2514368698823662589.jar, java.io.tmpdir=C:\Users\ashru\AppData\Local\Temp\, line.separator=
, java.vm.specification.vendor=Oracle Corporation, user.variant=, os.name=Windows 10, sun.jnu.encoding=Cp1252, java.library.path=C:\Program Files (x86)\Java\jdk1.8.0_181\jre\bin;C:\WINDOWS\Sun\Java\bin;C:\WINDOWS\system32;C:\WINDOWS;C:\Program Files (x86)\Common Files\Oracle\Java\javapath;C:\ProgramData\Oracle\Java\javapath;C:\PROGRAM FILES (X86)\LENOVO\FUSIONENGINE;C:\WINDOWS\SYSTEM32;C:\WINDOWS;C:\WINDOWS\SYSTEM32\WBEM;C:\WINDOWS\SYSTEM32\WINDOWSPOWERSHELL\V1.0\;C:\PROGRAM FILES (X86)\COMMON FILES\LENOVO\EASYPLUSSDK\BIN;C:\Program Files\Lenovo\Bluetooth Software\;C:\Program Files\Lenovo\Bluetooth Software\syswow64;C:\Program Files (x86)\Java\jdk1.8.0_181\bin;C:\WINDOWS\system32;C:\WINDOWS;C:\WINDOWS\System32\Wbem;C:\WINDOWS\System32\WindowsPowerShell\v1.0\;C:\apache-maven-3.5.0\bin;C:\apache-maven-3.5.0\bin;C:\spring-1.5.6.RELEASE\bin;C:\apache-tomcat-8.5.20\bin;C:\WINDOWS\System32\OpenSSH\;C:\Softwares\nodejs;C:\Python\Python37;C:\Program Files\Cloud Foundry;C:\Program Files\Git\cmd;C:\Program Files\PuTTY\;C:\Program Files\dotnet\;C:\Softwares\codes\MobileOnboarding-61c63b06c16b.json;C:\Users\ashru\AppData\Local\Microsoft\WindowsApps;C:\gradle-4.0\bin;C:\Program Files\Docker Toolbox;C:\Users\ashru\AppData\Local\Google\Cloud SDK\google-cloud-sdk\bin;C:\Users\ashru\AppData\Local\Programs\Microsoft VS Code\bin;., surefire.test.class.path=C:\Firebase\spring-kafka-producer-consumer-example\producer-consumer\target\test-classes;C:\Firebase\spring-kafka-producer-consumer-example\producer-consumer\target\classes;C:\Users\ashru\.m2\repository\org\springframework\boot\spring-boot-starter\2.0.0.RELEASE\spring-boot-starter-2.0.0.RELEASE.jar;C:\Users\ashru\.m2\repository\org\springframework\boot\spring-boot\2.0.0.RELEASE\spring-boot-2.0.0.RELEASE.jar;C:\Users\ashru\.m2\repository\org\springframework\boot\spring-boot-autoconfigure\2.0.0.RELEASE\spring-boot-autoconfigure-2.0.0.RELEASE.jar;C:\Users\ashru\.m2\repository\org\springframework\boot\spring-boot-starter-logging\2.0.0.RELEASE\spring-boot-starter-logging-2.0.0.RELEASE.jar;C:\Users\ashru\.m2\repository\ch\qos\logback\logback-classic\1.2.3\logback-classic-1.2.3.jar;C:\Users\ashru\.m2\repository\ch\qos\logback\logback-core\1.2.3\logback-core-1.2.3.jar;C:\Users\ashru\.m2\repository\org\apache\logging\log4j\log4j-to-slf4j\2.10.0\log4j-to-slf4j-2.10.0.jar;C:\Users\ashru\.m2\repository\org\apache\logging\log4j\log4j-api\2.10.0\log4j-api-2.10.0.jar;C:\Users\ashru\.m2\repository\org\slf4j\jul-to-slf4j\1.7.25\jul-to-slf4j-1.7.25.jar;C:\Users\ashru\.m2\repository\javax\annotation\javax.annotation-api\1.3.2\javax.annotation-api-1.3.2.jar;C:\Users\ashru\.m2\repository\org\springframework\spring-core\5.0.4.RELEASE\spring-core-5.0.4.RELEASE.jar;C:\Users\ashru\.m2\repository\org\springframework\spring-jcl\5.0.4.RELEASE\spring-jcl-5.0.4.RELEASE.jar;C:\Users\ashru\.m2\repository\org\yaml\snakeyaml\1.19\snakeyaml-1.19.jar;C:\Users\ashru\.m2\repository\org\springframework\kafka\spring-kafka\2.1.4.RELEASE\spring-kafka-2.1.4.RELEASE.jar;C:\Users\ashru\.m2\repository\org\springframework\spring-context\5.0.4.RELEASE\spring-context-5.0.4.RELEASE.jar;C:\Users\ashru\.m2\repository\org\springframework\spring-aop\5.0.4.RELEASE\spring-aop-5.0.4.RELEASE.jar;C:\Users\ashru\.m2\repository\org\springframework\spring-beans\5.0.4.RELEASE\spring-beans-5.0.4.RELEASE.jar;C:\Users\ashru\.m2\repository\org\springframework\spring-expression\5.0.4.RELEASE\spring-expression-5.0.4.RELEASE.jar;C:\Users\ashru\.m2\repository\org\springframework\spring-messaging\5.0.4.RELEASE\spring-messaging-5.0.4.RELEASE.jar;C:\Users\ashru\.m2\repository\org\springframework\spring-tx\5.0.4.RELEASE\spring-tx-5.0.4.RELEASE.jar;C:\Users\ashru\.m2\repository\org\springframework\retry\spring-retry\1.2.2.RELEASE\spring-retry-1.2.2.RELEASE.jar;C:\Users\ashru\.m2\repository\org\apache\kafka\kafka-clients\1.0.0\kafka-clients-1.0.0.jar;C:\Users\ashru\.m2\repository\org\lz4\lz4-java\1.4\lz4-java-1.4.jar;C:\Users\ashru\.m2\repository\org\xerial\snappy\snappy-java\1.1.4\snappy-java-1.1.4.jar;C:\Users\ashru\.m2\repository\org\springframework\boot\spring-boot-starter-test\2.0.0.RELEASE\spring-boot-starter-test-2.0.0.RELEASE.jar;C:\Users\ashru\.m2\repository\org\springframework\boot\spring-boot-test\2.0.0.RELEASE\spring-boot-test-2.0.0.RELEASE.jar;C:\Users\ashru\.m2\repository\org\springframework\boot\spring-boot-test-autoconfigure\2.0.0.RELEASE\spring-boot-test-autoconfigure-2.0.0.RELEASE.jar;C:\Users\ashru\.m2\repository\com\jayway\jsonpath\json-path\2.4.0\json-path-2.4.0.jar;C:\Users\ashru\.m2\repository\net\minidev\json-smart\2.3\json-smart-2.3.jar;C:\Users\ashru\.m2\repository\net\minidev\accessors-smart\1.2\accessors-smart-1.2.jar;C:\Users\ashru\.m2\repository\org\ow2\asm\asm\5.0.4\asm-5.0.4.jar;C:\Users\ashru\.m2\repository\org\slf4j\slf4j-api\1.7.25\slf4j-api-1.7.25.jar;C:\Users\ashru\.m2\repository\junit\junit\4.12\junit-4.12.jar;C:\Users\ashru\.m2\repository\org\assertj\assertj-core\3.9.1\assertj-core-3.9.1.jar;C:\Users\ashru\.m2\repository\org\mockito\mockito-core\2.15.0\mockito-core-2.15.0.jar;C:\Users\ashru\.m2\repository\net\bytebuddy\byte-buddy\1.7.10\byte-buddy-1.7.10.jar;C:\Users\ashru\.m2\repository\net\bytebuddy\byte-buddy-agent\1.7.10\byte-buddy-agent-1.7.10.jar;C:\Users\ashru\.m2\repository\org\objenesis\objenesis\2.6\objenesis-2.6.jar;C:\Users\ashru\.m2\repository\org\hamcrest\hamcrest-core\1.3\hamcrest-core-1.3.jar;C:\Users\ashru\.m2\repository\org\hamcrest\hamcrest-library\1.3\hamcrest-library-1.3.jar;C:\Users\ashru\.m2\repository\org\skyscreamer\jsonassert\1.5.0\jsonassert-1.5.0.jar;C:\Users\ashru\.m2\repository\com\vaadin\external\google\android-json\0.0.20131108.vaadin1\android-json-0.0.20131108.vaadin1.jar;C:\Users\ashru\.m2\repository\org\springframework\spring-test\5.0.4.RELEASE\spring-test-5.0.4.RELEASE.jar;C:\Users\ashru\.m2\repository\org\xmlunit\xmlunit-core\2.5.1\xmlunit-core-2.5.1.jar;C:\Users\ashru\.m2\repository\org\springframework\kafka\spring-kafka-test\2.1.4.RELEASE\spring-kafka-test-2.1.4.RELEASE.jar;C:\Users\ashru\.m2\repository\org\apache\kafka\kafka-clients\1.0.0\kafka-clients-1.0.0-test.jar;C:\Users\ashru\.m2\repository\org\apache\kafka\kafka_2.11\1.0.0\kafka_2.11-1.0.0.jar;C:\Users\ashru\.m2\repository\com\fasterxml\jackson\core\jackson-databind\2.9.4\jackson-databind-2.9.4.jar;C:\Users\ashru\.m2\repository\com\fasterxml\jackson\core\jackson-annotations\2.9.0\jackson-annotations-2.9.0.jar;C:\Users\ashru\.m2\repository\com\fasterxml\jackson\core\jackson-core\2.9.4\jackson-core-2.9.4.jar;C:\Users\ashru\.m2\repository\net\sf\jopt-simple\jopt-simple\5.0.4\jopt-simple-5.0.4.jar;C:\Users\ashru\.m2\repository\com\yammer\metrics\metrics-core\2.2.0\metrics-core-2.2.0.jar;C:\Users\ashru\.m2\repository\org\scala-lang\scala-library\2.11.11\scala-library-2.11.11.jar;C:\Users\ashru\.m2\repository\com\101tec\zkclient\0.10\zkclient-0.10.jar;C:\Users\ashru\.m2\repository\org\apache\zookeeper\zookeeper\3.4.10\zookeeper-3.4.10.jar;C:\Users\ashru\.m2\repository\log4j\log4j\1.2.16\log4j-1.2.16.jar;C:\Users\ashru\.m2\repository\org\apache\kafka\kafka_2.11\1.0.0\kafka_2.11-1.0.0-test.jar;, java.specification.name=Java Platform API Specification, java.class.version=52.0, sun.management.compiler=HotSpot Client Compiler, os.version=10.0, user.home=C:\Users\ashru, user.timezone=Asia/Muscat, java.awt.printerjob=sun.awt.windows.WPrinterJob, file.encoding=Cp1252, java.specification.version=1.8, java.class.path=C:\Firebase\spring-kafka-producer-consumer-example\producer-consumer\target\test-classes;C:\Firebase\spring-kafka-producer-consumer-example\producer-consumer\target\classes;C:\Users\ashru\.m2\repository\org\springframework\boot\spring-boot-starter\2.0.0.RELEASE\spring-boot-starter-2.0.0.RELEASE.jar;C:\Users\ashru\.m2\repository\org\springframework\boot\spring-boot\2.0.0.RELEASE\spring-boot-2.0.0.RELEASE.jar;C:\Users\ashru\.m2\repository\org\springframework\boot\spring-boot-autoconfigure\2.0.0.RELEASE\spring-boot-autoconfigure-2.0.0.RELEASE.jar;C:\Users\ashru\.m2\repository\org\springframework\boot\spring-boot-starter-logging\2.0.0.RELEASE\spring-boot-starter-logging-2.0.0.RELEASE.jar;C:\Users\ashru\.m2\repository\ch\qos\logback\logback-classic\1.2.3\logback-classic-1.2.3.jar;C:\Users\ashru\.m2\repository\ch\qos\logback\logback-core\1.2.3\logback-core-1.2.3.jar;C:\Users\ashru\.m2\repository\org\apache\logging\log4j\log4j-to-slf4j\2.10.0\log4j-to-slf4j-2.10.0.jar;C:\Users\ashru\.m2\repository\org\apache\logging\log4j\log4j-api\2.10.0\log4j-api-2.10.0.jar;C:\Users\ashru\.m2\repository\org\slf4j\jul-to-slf4j\1.7.25\jul-to-slf4j-1.7.25.jar;C:\Users\ashru\.m2\repository\javax\annotation\javax.annotation-api\1.3.2\javax.annotation-api-1.3.2.jar;C:\Users\ashru\.m2\repository\org\springframework\spring-core\5.0.4.RELEASE\spring-core-5.0.4.RELEASE.jar;C:\Users\ashru\.m2\repository\org\springframework\spring-jcl\5.0.4.RELEASE\spring-jcl-5.0.4.RELEASE.jar;C:\Users\ashru\.m2\repository\org\yaml\snakeyaml\1.19\snakeyaml-1.19.jar;C:\Users\ashru\.m2\repository\org\springframework\kafka\spring-kafka\2.1.4.RELEASE\spring-kafka-2.1.4.RELEASE.jar;C:\Users\ashru\.m2\repository\org\springframework\spring-context\5.0.4.RELEASE\spring-context-5.0.4.RELEASE.jar;C:\Users\ashru\.m2\repository\org\springframework\spring-aop\5.0.4.RELEASE\spring-aop-5.0.4.RELEASE.jar;C:\Users\ashru\.m2\repository\org\springframework\spring-beans\5.0.4.RELEASE\spring-beans-5.0.4.RELEASE.jar;C:\Users\ashru\.m2\repository\org\springframework\spring-expression\5.0.4.RELEASE\spring-expression-5.0.4.RELEASE.jar;C:\Users\ashru\.m2\repository\org\springframework\spring-messaging\5.0.4.RELEASE\spring-messaging-5.0.4.RELEASE.jar;C:\Users\ashru\.m2\repository\org\springframework\spring-tx\5.0.4.RELEASE\spring-tx-5.0.4.RELEASE.jar;C:\Users\ashru\.m2\repository\org\springframework\retry\spring-retry\1.2.2.RELEASE\spring-retry-1.2.2.RELEASE.jar;C:\Users\ashru\.m2\repository\org\apache\kafka\kafka-clients\1.0.0\kafka-clients-1.0.0.jar;C:\Users\ashru\.m2\repository\org\lz4\lz4-java\1.4\lz4-java-1.4.jar;C:\Users\ashru\.m2\repository\org\xerial\snappy\snappy-java\1.1.4\snappy-java-1.1.4.jar;C:\Users\ashru\.m2\repository\org\springframework\boot\spring-boot-starter-test\2.0.0.RELEASE\spring-boot-starter-test-2.0.0.RELEASE.jar;C:\Users\ashru\.m2\repository\org\springframework\boot\spring-boot-test\2.0.0.RELEASE\spring-boot-test-2.0.0.RELEASE.jar;C:\Users\ashru\.m2\repository\org\springframework\boot\spring-boot-test-autoconfigure\2.0.0.RELEASE\spring-boot-test-autoconfigure-2.0.0.RELEASE.jar;C:\Users\ashru\.m2\repository\com\jayway\jsonpath\json-path\2.4.0\json-path-2.4.0.jar;C:\Users\ashru\.m2\repository\net\minidev\json-smart\2.3\json-smart-2.3.jar;C:\Users\ashru\.m2\repository\net\minidev\accessors-smart\1.2\accessors-smart-1.2.jar;C:\Users\ashru\.m2\repository\org\ow2\asm\asm\5.0.4\asm-5.0.4.jar;C:\Users\ashru\.m2\repository\org\slf4j\slf4j-api\1.7.25\slf4j-api-1.7.25.jar;C:\Users\ashru\.m2\repository\junit\junit\4.12\junit-4.12.jar;C:\Users\ashru\.m2\repository\org\assertj\assertj-core\3.9.1\assertj-core-3.9.1.jar;C:\Users\ashru\.m2\repository\org\mockito\mockito-core\2.15.0\mockito-core-2.15.0.jar;C:\Users\ashru\.m2\repository\net\bytebuddy\byte-buddy\1.7.10\byte-buddy-1.7.10.jar;C:\Users\ashru\.m2\repository\net\bytebuddy\byte-buddy-agent\1.7.10\byte-buddy-agent-1.7.10.jar;C:\Users\ashru\.m2\repository\org\objenesis\objenesis\2.6\objenesis-2.6.jar;C:\Users\ashru\.m2\repository\org\hamcrest\hamcrest-core\1.3\hamcrest-core-1.3.jar;C:\Users\ashru\.m2\repository\org\hamcrest\hamcrest-library\1.3\hamcrest-library-1.3.jar;C:\Users\ashru\.m2\repository\org\skyscreamer\jsonassert\1.5.0\jsonassert-1.5.0.jar;C:\Users\ashru\.m2\repository\com\vaadin\external\google\android-json\0.0.20131108.vaadin1\android-json-0.0.20131108.vaadin1.jar;C:\Users\ashru\.m2\repository\org\springframework\spring-test\5.0.4.RELEASE\spring-test-5.0.4.RELEASE.jar;C:\Users\ashru\.m2\repository\org\xmlunit\xmlunit-core\2.5.1\xmlunit-core-2.5.1.jar;C:\Users\ashru\.m2\repository\org\springframework\kafka\spring-kafka-test\2.1.4.RELEASE\spring-kafka-test-2.1.4.RELEASE.jar;C:\Users\ashru\.m2\repository\org\apache\kafka\kafka-clients\1.0.0\kafka-clients-1.0.0-test.jar;C:\Users\ashru\.m2\repository\org\apache\kafka\kafka_2.11\1.0.0\kafka_2.11-1.0.0.jar;C:\Users\ashru\.m2\repository\com\fasterxml\jackson\core\jackson-databind\2.9.4\jackson-databind-2.9.4.jar;C:\Users\ashru\.m2\repository\com\fasterxml\jackson\core\jackson-annotations\2.9.0\jackson-annotations-2.9.0.jar;C:\Users\ashru\.m2\repository\com\fasterxml\jackson\core\jackson-core\2.9.4\jackson-core-2.9.4.jar;C:\Users\ashru\.m2\repository\net\sf\jopt-simple\jopt-simple\5.0.4\jopt-simple-5.0.4.jar;C:\Users\ashru\.m2\repository\com\yammer\metrics\metrics-core\2.2.0\metrics-core-2.2.0.jar;C:\Users\ashru\.m2\repository\org\scala-lang\scala-library\2.11.11\scala-library-2.11.11.jar;C:\Users\ashru\.m2\repository\com\101tec\zkclient\0.10\zkclient-0.10.jar;C:\Users\ashru\.m2\repository\org\apache\zookeeper\zookeeper\3.4.10\zookeeper-3.4.10.jar;C:\Users\ashru\.m2\repository\log4j\log4j\1.2.16\log4j-1.2.16.jar;C:\Users\ashru\.m2\repository\org\apache\kafka\kafka_2.11\1.0.0\kafka_2.11-1.0.0-test.jar;, user.name=ashru, java.vm.specification.version=1.8, sun.java.command=C:\Users\ashru\AppData\Local\Temp\surefire8504665249565219306\surefirebooter2514368698823662589.jar C:\Users\ashru\AppData\Local\Temp\surefire8504665249565219306 2018-10-09T18-22-30_501-jvmRun1 surefire6096623395111276452tmp surefire_03957771889454204232tmp, java.home=C:\Program Files (x86)\Java\jdk1.8.0_181\jre, sun.arch.data.model=32, user.language=en, java.specification.vendor=Oracle Corporation, awt.toolkit=sun.awt.windows.WToolkit, java.vm.info=mixed mode, sharing, java.version=1.8.0_181, java.ext.dirs=C:\Program Files (x86)\Java\jdk1.8.0_181\jre\lib\ext;C:\WINDOWS\Sun\Java\lib\ext, sun.boot.class.path=C:\Program Files (x86)\Java\jdk1.8.0_181\jre\lib\resources.jar;C:\Program Files (x86)\Java\jdk1.8.0_181\jre\lib\rt.jar;C:\Program Files (x86)\Java\jdk1.8.0_181\jre\lib\sunrsasign.jar;C:\Program Files (x86)\Java\jdk1.8.0_181\jre\lib\jsse.jar;C:\Program Files (x86)\Java\jdk1.8.0_181\jre\lib\jce.jar;C:\Program Files (x86)\Java\jdk1.8.0_181\jre\lib\charsets.jar;C:\Program Files (x86)\Java\jdk1.8.0_181\jre\lib\jfr.jar;C:\Program Files (x86)\Java\jdk1.8.0_181\jre\classes, java.vendor=Oracle Corporation, localRepository=C:\Users\ashru\.m2\repository, file.separator=\, java.vendor.url.bug=http://bugreport.sun.com/bugreport/, sun.io.unicode.encoding=UnicodeLittle, sun.cpu.endian=little, sun.desktop=windows, sun.cpu.isalist=pentium_pro+mmx pentium_pro pentium+mmx pentium i486 i386 i86}}, SystemEnvironmentPropertySource@1132496 {name='systemEnvironment', properties={PATH=C:\Program Files (x86)\Common Files\Oracle\Java\javapath;C:\ProgramData\Oracle\Java\javapath;C:\PROGRAM FILES (X86)\LENOVO\FUSIONENGINE;C:\WINDOWS\SYSTEM32;C:\WINDOWS;C:\WINDOWS\SYSTEM32\WBEM;C:\WINDOWS\SYSTEM32\WINDOWSPOWERSHELL\V1.0\;C:\PROGRAM FILES (X86)\COMMON FILES\LENOVO\EASYPLUSSDK\BIN;C:\Program Files\Lenovo\Bluetooth Software\;C:\Program Files\Lenovo\Bluetooth Software\syswow64;C:\Program Files (x86)\Java\jdk1.8.0_181\bin;C:\WINDOWS\system32;C:\WINDOWS;C:\WINDOWS\System32\Wbem;C:\WINDOWS\System32\WindowsPowerShell\v1.0\;C:\apache-maven-3.5.0\bin;C:\apache-maven-3.5.0\bin;C:\spring-1.5.6.RELEASE\bin;C:\apache-tomcat-8.5.20\bin;C:\WINDOWS\System32\OpenSSH\;C:\Softwares\nodejs;C:\Python\Python37;C:\Program Files\Cloud Foundry;C:\Program Files\Git\cmd;C:\Program Files\PuTTY\;C:\Program Files\dotnet\;C:\Softwares\codes\MobileOnboarding-61c63b06c16b.json;C:\Users\ashru\AppData\Local\Microsoft\WindowsApps;C:\gradle-4.0\bin;C:\Program Files\Docker Toolbox;C:\Users\ashru\AppData\Local\Google\Cloud SDK\google-cloud-sdk\bin;C:\Users\ashru\AppData\Local\Programs\Microsoft VS Code\bin, USERDOMAIN_ROAMINGPROFILE=ASHRUJITPC, NO_PROXY=192.168.99.100, PROCESSOR_LEVEL=6, SYSTEMDRIVE=C:, SESSIONNAME=Console, ALLUSERSPROFILE=C:\ProgramData, PROCESSOR_ARCHITECTURE=x86, DRIVERDATA=C:\Windows\System32\Drivers\DriverData, MAVEN_HOME=C:\apache-maven-3.5.0\bin\.., PROGRAMFILES=C:\Program Files (x86), TVT=C:\Program Files (x86)\Lenovo, PSMODULEPATH=;C:\Users\ashru\AppData\Local\Google\Cloud SDK\google-cloud-sdk\platform\PowerShell, PROGRAMDATA=C:\ProgramData, USERNAME=ashru, WDIR=C:\, FPS_BROWSER_USER_PROFILE_STRING=Default, ONEDRIVE=C:\Users\ashru\OneDrive, CONFIGSETROOT=C:\WINDOWS\ConfigSetRoot, PATHEXT=.COM;.EXE;.BAT;.CMD;.VBS;.VBE;.JS;.JSE;.WSF;.WSH;.MSC, COMPOSE_CONVERT_WINDOWS_PATHS=true, PROCESSOR_ARCHITEW6432=AMD64, CLASSWORLDS_JAR="C:\apache-maven-3.5.0\bin\..\boot\plexus-classworlds-2.5.2.jar", WINDIR=C:\WINDOWS, HOMEPATH=\Users\ashru, SPRING_HOME=C:\spring-1.5.6.RELEASE, PROCESSOR_IDENTIFIER=Intel64 Family 6 Model 61 Stepping 4, GenuineIntel, M2_HOME=C:\apache-maven-3.5.0, PUBLIC=C:\Users\Public, =::=::\, =EXITCODE=00000001, LOCALAPPDATA=C:\Users\ashru\AppData\Local, COMMONPROGRAMFILES(X86)=C:\Program Files (x86)\Common Files, DOCKER_HOST=tcp://192.168.99.100:2376, USERDOMAIN=ASHRUJITPC, FPS_BROWSER_APP_PROFILE_STRING=Internet Explorer, LOGONSERVER=\\ASHRUJITPC, JAVA_HOME=C:\Program Files (x86)\Java\jdk1.8.0_181, PROMPT=$P$G, PROGRAMFILES(X86)=C:\Program Files (x86), GOOGLE_APPLICATION_CREDENTIALS=C:\Softwares\codes\MobileOnboarding-61c63b06c16b.json, ERROR_CODE=0, EXEC_DIR=C:\Firebase\spring-kafka-producer-consumer-example\producer-consumer, =C:=C:\Firebase\spring-kafka-producer-consumer-example\producer-consumer, APPDATA=C:\Users\ashru\AppData\Roaming, DOCKER_MACHINE_NAME=default, DOCKER_CERT_PATH=C:\Users\ashru\.docker\machine\machines\default, PROGRAMW6432=C:\Program Files, NODEJS=C:\Softwares\nodejs, SYSTEMROOT=C:\WINDOWS, MAVEN_CMD_LINE_ARGS=install, VBOX_MSI_INSTALL_PATH=C:\Program Files\Oracle\VirtualBox\, DOCKER_ID_USER=ashrujitpal, OS=Windows_NT, COMMONPROGRAMW6432=C:\Program Files\Common Files, COMPUTERNAME=ASHRUJITPC, COMMONPROGRAMFILES=C:\Program Files (x86)\Common Files, COMSPEC=C:\WINDOWS\system32\cmd.exe, CATALINA_HOME=C:\apache-tomcat-8.5.20, JAVACMD=C:\Program Files (x86)\Java\jdk1.8.0_181\bin\java.exe, MAVEN_PROJECTBASEDIR=C:\Firebase\spring-kafka-producer-consumer-example\producer-consumer, PROCESSOR_REVISION=3d04, CLASSWORLDS_LAUNCHER=org.codehaus.plexus.classworlds.launcher.Launcher, DOCKER_TLS_VERIFY=1, TEMP=C:\Users\ashru\AppData\Local\Temp, HOMEDRIVE=C:, USERPROFILE=C:\Users\ashru, TMP=C:\Users\ashru\AppData\Local\Temp, NUMBER_OF_PROCESSORS=4, JVMCONFIG=\.mvn\jvm.config, DOCKER_TOOLBOX_INSTALL_PATH=C:\Program Files\Docker Toolbox}}]
18:22:31.887 [main] DEBUG org.springframework.core.io.support.PathMatchingResourcePatternResolver - Resolved classpath location [com/memorynotfound/kafka/] to resources [URL [file:/C:/Firebase/spring-kafka-producer-consumer-example/producer-consumer/target/test-classes/com/memorynotfound/kafka/], URL [file:/C:/Firebase/spring-kafka-producer-consumer-example/producer-consumer/target/classes/com/memorynotfound/kafka/]]
18:22:31.888 [main] DEBUG org.springframework.core.io.support.PathMatchingResourcePatternResolver - Looking for matching resources in directory tree [C:\Firebase\spring-kafka-producer-consumer-example\producer-consumer\target\test-classes\com\memorynotfound\kafka]
18:22:31.888 [main] DEBUG org.springframework.core.io.support.PathMatchingResourcePatternResolver - Searching directory [C:\Firebase\spring-kafka-producer-consumer-example\producer-consumer\target\test-classes\com\memorynotfound\kafka] for files matching pattern [C:/Firebase/spring-kafka-producer-consumer-example/producer-consumer/target/test-classes/com/memorynotfound/kafka/*.class]
18:22:31.894 [main] DEBUG org.springframework.core.io.support.PathMatchingResourcePatternResolver - Looking for matching resources in directory tree [C:\Firebase\spring-kafka-producer-consumer-example\producer-consumer\target\classes\com\memorynotfound\kafka]
18:22:31.896 [main] DEBUG org.springframework.core.io.support.PathMatchingResourcePatternResolver - Searching directory [C:\Firebase\spring-kafka-producer-consumer-example\producer-consumer\target\classes\com\memorynotfound\kafka] for files matching pattern [C:/Firebase/spring-kafka-producer-consumer-example/producer-consumer/target/classes/com/memorynotfound/kafka/*.class]
18:22:31.900 [main] DEBUG org.springframework.core.io.support.PathMatchingResourcePatternResolver - Resolved location pattern [classpath*:com/memorynotfound/kafka/*.class] to resources [file [C:\Firebase\spring-kafka-producer-consumer-example\producer-consumer\target\test-classes\com\memorynotfound\kafka\SpringKafkaSenderTest.class], file [C:\Firebase\spring-kafka-producer-consumer-example\producer-consumer\target\classes\com\memorynotfound\kafka\ProducerConsumerApplication.class]]
18:22:32.041 [main] DEBUG org.springframework.context.annotation.ClassPathScanningCandidateComponentProvider - Identified candidate component class: file [C:\Firebase\spring-kafka-producer-consumer-example\producer-consumer\target\classes\com\memorynotfound\kafka\ProducerConsumerApplication.class]
18:22:32.045 [main] INFO org.springframework.boot.test.context.SpringBootTestContextBootstrapper - Found @SpringBootConfiguration com.memorynotfound.kafka.ProducerConsumerApplication for test class com.memorynotfound.kafka.SpringKafkaSenderTest
18:22:32.369 [main] DEBUG org.springframework.boot.test.context.SpringBootTestContextBootstrapper - @TestExecutionListeners is not present for class [com.memorynotfound.kafka.SpringKafkaSenderTest]: using defaults.
18:22:32.370 [main] INFO org.springframework.boot.test.context.SpringBootTestContextBootstrapper - Loaded default TestExecutionListener class names from location [META-INF/spring.factories]: [org.springframework.boot.test.mock.mockito.MockitoTestExecutionListener, org.springframework.boot.test.mock.mockito.ResetMocksTestExecutionListener, org.springframework.boot.test.autoconfigure.restdocs.RestDocsTestExecutionListener, org.springframework.boot.test.autoconfigure.web.client.MockRestServiceServerResetTestExecutionListener, org.springframework.boot.test.autoconfigure.web.servlet.MockMvcPrintOnlyOnFailureTestExecutionListener, org.springframework.boot.test.autoconfigure.web.servlet.WebDriverTestExecutionListener, org.springframework.test.context.web.ServletTestExecutionListener, org.springframework.test.context.support.DirtiesContextBeforeModesTestExecutionListener, org.springframework.test.context.support.DependencyInjectionTestExecutionListener, org.springframework.test.context.support.DirtiesContextTestExecutionListener, org.springframework.test.context.transaction.TransactionalTestExecutionListener, org.springframework.test.context.jdbc.SqlScriptsTestExecutionListener]
18:22:32.388 [main] DEBUG org.springframework.boot.test.context.SpringBootTestContextBootstrapper - Skipping candidate TestExecutionListener [org.springframework.test.context.web.ServletTestExecutionListener] due to a missing dependency. Specify custom listener classes or make the default listener classes and their required dependencies available. Offending class: [javax/servlet/ServletContext]
18:22:32.410 [main] INFO org.springframework.boot.test.context.SpringBootTestContextBootstrapper - Using TestExecutionListeners: [org.springframework.test.context.support.DirtiesContextBeforeModesTestExecutionListener@1da768f, org.springframework.boot.test.mock.mockito.MockitoTestExecutionListener@8c8dcf, org.springframework.boot.test.autoconfigure.SpringBootDependencyInjectionTestExecutionListener@269709, org.springframework.test.context.support.DirtiesContextTestExecutionListener@ceadd4, org.springframework.test.context.transaction.TransactionalTestExecutionListener@aed80c, org.springframework.test.context.jdbc.SqlScriptsTestExecutionListener@52dba3, org.springframework.boot.test.mock.mockito.ResetMocksTestExecutionListener@5c8d3f, org.springframework.boot.test.autoconfigure.restdocs.RestDocsTestExecutionListener@12325ad, org.springframework.boot.test.autoconfigure.web.client.MockRestServiceServerResetTestExecutionListener@19fedbd, org.springframework.boot.test.autoconfigure.web.servlet.MockMvcPrintOnlyOnFailureTestExecutionListener@13ca52e, org.springframework.boot.test.autoconfigure.web.servlet.WebDriverTestExecutionListener@1c7e403]
18:22:32.418 [main] DEBUG org.springframework.test.annotation.ProfileValueUtils - Retrieved @ProfileValueSourceConfiguration [null] for test class [com.memorynotfound.kafka.SpringKafkaSenderTest]
18:22:32.420 [main] DEBUG org.springframework.test.annotation.ProfileValueUtils - Retrieved ProfileValueSource type [class org.springframework.test.annotation.SystemProfileValueSource] for class [com.memorynotfound.kafka.SpringKafkaSenderTest]
18:22:32.421 [main] DEBUG org.springframework.test.annotation.ProfileValueUtils - Retrieved @ProfileValueSourceConfiguration [null] for test class [com.memorynotfound.kafka.SpringKafkaSenderTest]
18:22:32.421 [main] DEBUG org.springframework.test.annotation.ProfileValueUtils - Retrieved ProfileValueSource type [class org.springframework.test.annotation.SystemProfileValueSource] for class [com.memorynotfound.kafka.SpringKafkaSenderTest]
18:22:32.422 [main] DEBUG org.springframework.test.annotation.ProfileValueUtils - Retrieved @ProfileValueSourceConfiguration [null] for test class [com.memorynotfound.kafka.SpringKafkaSenderTest]
18:22:32.422 [main] DEBUG org.springframework.test.annotation.ProfileValueUtils - Retrieved ProfileValueSource type [class org.springframework.test.annotation.SystemProfileValueSource] for class [com.memorynotfound.kafka.SpringKafkaSenderTest]
18:22:32.436 [main] DEBUG org.springframework.test.annotation.ProfileValueUtils - Retrieved @ProfileValueSourceConfiguration [null] for test class [com.memorynotfound.kafka.SpringKafkaSenderTest]
18:22:32.437 [main] DEBUG org.springframework.test.annotation.ProfileValueUtils - Retrieved ProfileValueSource type [class org.springframework.test.annotation.SystemProfileValueSource] for class [com.memorynotfound.kafka.SpringKafkaSenderTest]
18:22:37.868 [main] INFO org.apache.zookeeper.server.ZooKeeperServer - Server environment:zookeeper.version=3.4.10-39d3a4f269333c922ed3db283be479f9deacaa0f, built on 03/23/2017 10:13 GMT
18:22:37.868 [main] INFO org.apache.zookeeper.server.ZooKeeperServer - Server environment:host.name=AshrujitPC
18:22:37.869 [main] INFO org.apache.zookeeper.server.ZooKeeperServer - Server environment:java.version=1.8.0_181
18:22:37.869 [main] INFO org.apache.zookeeper.server.ZooKeeperServer - Server environment:java.vendor=Oracle Corporation
18:22:37.869 [main] INFO org.apache.zookeeper.server.ZooKeeperServer - Server environment:java.home=C:\Program Files (x86)\Java\jdk1.8.0_181\jre
18:22:37.869 [main] INFO org.apache.zookeeper.server.ZooKeeperServer - Server environment:java.class.path=C:\Firebase\spring-kafka-producer-consumer-example\producer-consumer\target\test-classes;C:\Firebase\spring-kafka-producer-consumer-example\producer-consumer\target\classes;C:\Users\ashru\.m2\repository\org\springframework\boot\spring-boot-starter\2.0.0.RELEASE\spring-boot-starter-2.0.0.RELEASE.jar;C:\Users\ashru\.m2\repository\org\springframework\boot\spring-boot\2.0.0.RELEASE\spring-boot-2.0.0.RELEASE.jar;C:\Users\ashru\.m2\repository\org\springframework\boot\spring-boot-autoconfigure\2.0.0.RELEASE\spring-boot-autoconfigure-2.0.0.RELEASE.jar;C:\Users\ashru\.m2\repository\org\springframework\boot\spring-boot-starter-logging\2.0.0.RELEASE\spring-boot-starter-logging-2.0.0.RELEASE.jar;C:\Users\ashru\.m2\repository\ch\qos\logback\logback-classic\1.2.3\logback-classic-1.2.3.jar;C:\Users\ashru\.m2\repository\ch\qos\logback\logback-core\1.2.3\logback-core-1.2.3.jar;C:\Users\ashru\.m2\repository\org\apache\logging\log4j\log4j-to-slf4j\2.10.0\log4j-to-slf4j-2.10.0.jar;C:\Users\ashru\.m2\repository\org\apache\logging\log4j\log4j-api\2.10.0\log4j-api-2.10.0.jar;C:\Users\ashru\.m2\repository\org\slf4j\jul-to-slf4j\1.7.25\jul-to-slf4j-1.7.25.jar;C:\Users\ashru\.m2\repository\javax\annotation\javax.annotation-api\1.3.2\javax.annotation-api-1.3.2.jar;C:\Users\ashru\.m2\repository\org\springframework\spring-core\5.0.4.RELEASE\spring-core-5.0.4.RELEASE.jar;C:\Users\ashru\.m2\repository\org\springframework\spring-jcl\5.0.4.RELEASE\spring-jcl-5.0.4.RELEASE.jar;C:\Users\ashru\.m2\repository\org\yaml\snakeyaml\1.19\snakeyaml-1.19.jar;C:\Users\ashru\.m2\repository\org\springframework\kafka\spring-kafka\2.1.4.RELEASE\spring-kafka-2.1.4.RELEASE.jar;C:\Users\ashru\.m2\repository\org\springframework\spring-context\5.0.4.RELEASE\spring-context-5.0.4.RELEASE.jar;C:\Users\ashru\.m2\repository\org\springframework\spring-aop\5.0.4.RELEASE\spring-aop-5.0.4.RELEASE.jar;C:\Users\ashru\.m2\repository\org\springframework\spring-beans\5.0.4.RELEASE\spring-beans-5.0.4.RELEASE.jar;C:\Users\ashru\.m2\repository\org\springframework\spring-expression\5.0.4.RELEASE\spring-expression-5.0.4.RELEASE.jar;C:\Users\ashru\.m2\repository\org\springframework\spring-messaging\5.0.4.RELEASE\spring-messaging-5.0.4.RELEASE.jar;C:\Users\ashru\.m2\repository\org\springframework\spring-tx\5.0.4.RELEASE\spring-tx-5.0.4.RELEASE.jar;C:\Users\ashru\.m2\repository\org\springframework\retry\spring-retry\1.2.2.RELEASE\spring-retry-1.2.2.RELEASE.jar;C:\Users\ashru\.m2\repository\org\apache\kafka\kafka-clients\1.0.0\kafka-clients-1.0.0.jar;C:\Users\ashru\.m2\repository\org\lz4\lz4-java\1.4\lz4-java-1.4.jar;C:\Users\ashru\.m2\repository\org\xerial\snappy\snappy-java\1.1.4\snappy-java-1.1.4.jar;C:\Users\ashru\.m2\repository\org\springframework\boot\spring-boot-starter-test\2.0.0.RELEASE\spring-boot-starter-test-2.0.0.RELEASE.jar;C:\Users\ashru\.m2\repository\org\springframework\boot\spring-boot-test\2.0.0.RELEASE\spring-boot-test-2.0.0.RELEASE.jar;C:\Users\ashru\.m2\repository\org\springframework\boot\spring-boot-test-autoconfigure\2.0.0.RELEASE\spring-boot-test-autoconfigure-2.0.0.RELEASE.jar;C:\Users\ashru\.m2\repository\com\jayway\jsonpath\json-path\2.4.0\json-path-2.4.0.jar;C:\Users\ashru\.m2\repository\net\minidev\json-smart\2.3\json-smart-2.3.jar;C:\Users\ashru\.m2\repository\net\minidev\accessors-smart\1.2\accessors-smart-1.2.jar;C:\Users\ashru\.m2\repository\org\ow2\asm\asm\5.0.4\asm-5.0.4.jar;C:\Users\ashru\.m2\repository\org\slf4j\slf4j-api\1.7.25\slf4j-api-1.7.25.jar;C:\Users\ashru\.m2\repository\junit\junit\4.12\junit-4.12.jar;C:\Users\ashru\.m2\repository\org\assertj\assertj-core\3.9.1\assertj-core-3.9.1.jar;C:\Users\ashru\.m2\repository\org\mockito\mockito-core\2.15.0\mockito-core-2.15.0.jar;C:\Users\ashru\.m2\repository\net\bytebuddy\byte-buddy\1.7.10\byte-buddy-1.7.10.jar;C:\Users\ashru\.m2\repository\net\bytebuddy\byte-buddy-agent\1.7.10\byte-buddy-agent-1.7.10.jar;C:\Users\ashru\.m2\repository\org\objenesis\objenesis\2.6\objenesis-2.6.jar;C:\Users\ashru\.m2\repository\org\hamcrest\hamcrest-core\1.3\hamcrest-core-1.3.jar;C:\Users\ashru\.m2\repository\org\hamcrest\hamcrest-library\1.3\hamcrest-library-1.3.jar;C:\Users\ashru\.m2\repository\org\skyscreamer\jsonassert\1.5.0\jsonassert-1.5.0.jar;C:\Users\ashru\.m2\repository\com\vaadin\external\google\android-json\0.0.20131108.vaadin1\android-json-0.0.20131108.vaadin1.jar;C:\Users\ashru\.m2\repository\org\springframework\spring-test\5.0.4.RELEASE\spring-test-5.0.4.RELEASE.jar;C:\Users\ashru\.m2\repository\org\xmlunit\xmlunit-core\2.5.1\xmlunit-core-2.5.1.jar;C:\Users\ashru\.m2\repository\org\springframework\kafka\spring-kafka-test\2.1.4.RELEASE\spring-kafka-test-2.1.4.RELEASE.jar;C:\Users\ashru\.m2\repository\org\apache\kafka\kafka-clients\1.0.0\kafka-clients-1.0.0-test.jar;C:\Users\ashru\.m2\repository\org\apache\kafka\kafka_2.11\1.0.0\kafka_2.11-1.0.0.jar;C:\Users\ashru\.m2\repository\com\fasterxml\jackson\core\jackson-databind\2.9.4\jackson-databind-2.9.4.jar;C:\Users\ashru\.m2\repository\com\fasterxml\jackson\core\jackson-annotations\2.9.0\jackson-annotations-2.9.0.jar;C:\Users\ashru\.m2\repository\com\fasterxml\jackson\core\jackson-core\2.9.4\jackson-core-2.9.4.jar;C:\Users\ashru\.m2\repository\net\sf\jopt-simple\jopt-simple\5.0.4\jopt-simple-5.0.4.jar;C:\Users\ashru\.m2\repository\com\yammer\metrics\metrics-core\2.2.0\metrics-core-2.2.0.jar;C:\Users\ashru\.m2\repository\org\scala-lang\scala-library\2.11.11\scala-library-2.11.11.jar;C:\Users\ashru\.m2\repository\com\101tec\zkclient\0.10\zkclient-0.10.jar;C:\Users\ashru\.m2\repository\org\apache\zookeeper\zookeeper\3.4.10\zookeeper-3.4.10.jar;C:\Users\ashru\.m2\repository\log4j\log4j\1.2.16\log4j-1.2.16.jar;C:\Users\ashru\.m2\repository\org\apache\kafka\kafka_2.11\1.0.0\kafka_2.11-1.0.0-test.jar;
18:22:37.869 [main] INFO org.apache.zookeeper.server.ZooKeeperServer - Server environment:java.library.path=C:\Program Files (x86)\Java\jdk1.8.0_181\jre\bin;C:\WINDOWS\Sun\Java\bin;C:\WINDOWS\system32;C:\WINDOWS;C:\Program Files (x86)\Common Files\Oracle\Java\javapath;C:\ProgramData\Oracle\Java\javapath;C:\PROGRAM FILES (X86)\LENOVO\FUSIONENGINE;C:\WINDOWS\SYSTEM32;C:\WINDOWS;C:\WINDOWS\SYSTEM32\WBEM;C:\WINDOWS\SYSTEM32\WINDOWSPOWERSHELL\V1.0\;C:\PROGRAM FILES (X86)\COMMON FILES\LENOVO\EASYPLUSSDK\BIN;C:\Program Files\Lenovo\Bluetooth Software\;C:\Program Files\Lenovo\Bluetooth Software\syswow64;C:\Program Files (x86)\Java\jdk1.8.0_181\bin;C:\WINDOWS\system32;C:\WINDOWS;C:\WINDOWS\System32\Wbem;C:\WINDOWS\System32\WindowsPowerShell\v1.0\;C:\apache-maven-3.5.0\bin;C:\apache-maven-3.5.0\bin;C:\spring-1.5.6.RELEASE\bin;C:\apache-tomcat-8.5.20\bin;C:\WINDOWS\System32\OpenSSH\;C:\Softwares\nodejs;C:\Python\Python37;C:\Program Files\Cloud Foundry;C:\Program Files\Git\cmd;C:\Program Files\PuTTY\;C:\Program Files\dotnet\;C:\Softwares\codes\MobileOnboarding-61c63b06c16b.json;C:\Users\ashru\AppData\Local\Microsoft\WindowsApps;C:\gradle-4.0\bin;C:\Program Files\Docker Toolbox;C:\Users\ashru\AppData\Local\Google\Cloud SDK\google-cloud-sdk\bin;C:\Users\ashru\AppData\Local\Programs\Microsoft VS Code\bin;.
18:22:37.869 [main] INFO org.apache.zookeeper.server.ZooKeeperServer - Server environment:java.io.tmpdir=C:\Users\ashru\AppData\Local\Temp\
18:22:37.869 [main] INFO org.apache.zookeeper.server.ZooKeeperServer - Server environment:java.compiler=<NA>
18:22:37.870 [main] INFO org.apache.zookeeper.server.ZooKeeperServer - Server environment:os.name=Windows 10
18:22:37.870 [main] INFO org.apache.zookeeper.server.ZooKeeperServer - Server environment:os.arch=x86
18:22:37.870 [main] INFO org.apache.zookeeper.server.ZooKeeperServer - Server environment:os.version=10.0
18:22:37.870 [main] INFO org.apache.zookeeper.server.ZooKeeperServer - Server environment:user.name=ashru
18:22:37.870 [main] INFO org.apache.zookeeper.server.ZooKeeperServer - Server environment:user.home=C:\Users\ashru
18:22:37.870 [main] INFO org.apache.zookeeper.server.ZooKeeperServer - Server environment:user.dir=C:\Firebase\spring-kafka-producer-consumer-example\producer-consumer
18:22:37.886 [main] DEBUG org.apache.zookeeper.server.persistence.FileTxnSnapLog - Opening datadir:C:\Users\ashru\AppData\Local\Temp\kafka-6904604717546809435 snapDir:C:\Users\ashru\AppData\Local\Temp\kafka-4540525070990838546
18:22:37.914 [main] INFO org.apache.zookeeper.server.ZooKeeperServer - Created server with tickTime 500 minSessionTimeout 1000 maxSessionTimeout 10000 datadir C:\Users\ashru\AppData\Local\Temp\kafka-6904604717546809435\version-2 snapdir C:\Users\ashru\AppData\Local\Temp\kafka-4540525070990838546\version-2
18:22:37.957 [main] INFO org.apache.zookeeper.server.NIOServerCnxnFactory - binding to port /127.0.0.1:0
18:22:37.998 [main] ERROR org.apache.zookeeper.server.ZooKeeperServer - ZKShutdownHandler is not registered, so ZooKeeper server won't take any action on ERROR or SHUTDOWN server state changes
18:22:38.017 [main] DEBUG org.I0Itec.zkclient.ZkConnection - Creating new ZookKeeper instance to connect to 127.0.0.1:52398.
18:22:38.017 [ZkClient-EventThread-17-127.0.0.1:52398] INFO org.I0Itec.zkclient.ZkEventThread - Starting ZkClient event thread.
18:22:38.028 [main] INFO org.apache.zookeeper.ZooKeeper - Client environment:zookeeper.version=3.4.10-39d3a4f269333c922ed3db283be479f9deacaa0f, built on 03/23/2017 10:13 GMT
18:22:38.028 [main] INFO org.apache.zookeeper.ZooKeeper - Client environment:host.name=AshrujitPC
18:22:38.028 [main] INFO org.apache.zookeeper.ZooKeeper - Client environment:java.version=1.8.0_181
18:22:38.028 [main] INFO org.apache.zookeeper.ZooKeeper - Client environment:java.vendor=Oracle Corporation
18:22:38.028 [main] INFO org.apache.zookeeper.ZooKeeper - Client environment:java.home=C:\Program Files (x86)\Java\jdk1.8.0_181\jre
18:22:38.028 [main] INFO org.apache.zookeeper.ZooKeeper - Client environment:java.class.path=C:\Firebase\spring-kafka-producer-consumer-example\producer-consumer\target\test-classes;C:\Firebase\spring-kafka-producer-consumer-example\producer-consumer\target\classes;C:\Users\ashru\.m2\repository\org\springframework\boot\spring-boot-starter\2.0.0.RELEASE\spring-boot-starter-2.0.0.RELEASE.jar;C:\Users\ashru\.m2\repository\org\springframework\boot\spring-boot\2.0.0.RELEASE\spring-boot-2.0.0.RELEASE.jar;C:\Users\ashru\.m2\repository\org\springframework\boot\spring-boot-autoconfigure\2.0.0.RELEASE\spring-boot-autoconfigure-2.0.0.RELEASE.jar;C:\Users\ashru\.m2\repository\org\springframework\boot\spring-boot-starter-logging\2.0.0.RELEASE\spring-boot-starter-logging-2.0.0.RELEASE.jar;C:\Users\ashru\.m2\repository\ch\qos\logback\logback-classic\1.2.3\logback-classic-1.2.3.jar;C:\Users\ashru\.m2\repository\ch\qos\logback\logback-core\1.2.3\logback-core-1.2.3.jar;C:\Users\ashru\.m2\repository\org\apache\logging\log4j\log4j-to-slf4j\2.10.0\log4j-to-slf4j-2.10.0.jar;C:\Users\ashru\.m2\repository\org\apache\logging\log4j\log4j-api\2.10.0\log4j-api-2.10.0.jar;C:\Users\ashru\.m2\repository\org\slf4j\jul-to-slf4j\1.7.25\jul-to-slf4j-1.7.25.jar;C:\Users\ashru\.m2\repository\javax\annotation\javax.annotation-api\1.3.2\javax.annotation-api-1.3.2.jar;C:\Users\ashru\.m2\repository\org\springframework\spring-core\5.0.4.RELEASE\spring-core-5.0.4.RELEASE.jar;C:\Users\ashru\.m2\repository\org\springframework\spring-jcl\5.0.4.RELEASE\spring-jcl-5.0.4.RELEASE.jar;C:\Users\ashru\.m2\repository\org\yaml\snakeyaml\1.19\snakeyaml-1.19.jar;C:\Users\ashru\.m2\repository\org\springframework\kafka\spring-kafka\2.1.4.RELEASE\spring-kafka-2.1.4.RELEASE.jar;C:\Users\ashru\.m2\repository\org\springframework\spring-context\5.0.4.RELEASE\spring-context-5.0.4.RELEASE.jar;C:\Users\ashru\.m2\repository\org\springframework\spring-aop\5.0.4.RELEASE\spring-aop-5.0.4.RELEASE.jar;C:\Users\ashru\.m2\repository\org\springframework\spring-beans\5.0.4.RELEASE\spring-beans-5.0.4.RELEASE.jar;C:\Users\ashru\.m2\repository\org\springframework\spring-expression\5.0.4.RELEASE\spring-expression-5.0.4.RELEASE.jar;C:\Users\ashru\.m2\repository\org\springframework\spring-messaging\5.0.4.RELEASE\spring-messaging-5.0.4.RELEASE.jar;C:\Users\ashru\.m2\repository\org\springframework\spring-tx\5.0.4.RELEASE\spring-tx-5.0.4.RELEASE.jar;C:\Users\ashru\.m2\repository\org\springframework\retry\spring-retry\1.2.2.RELEASE\spring-retry-1.2.2.RELEASE.jar;C:\Users\ashru\.m2\repository\org\apache\kafka\kafka-clients\1.0.0\kafka-clients-1.0.0.jar;C:\Users\ashru\.m2\repository\org\lz4\lz4-java\1.4\lz4-java-1.4.jar;C:\Users\ashru\.m2\repository\org\xerial\snappy\snappy-java\1.1.4\snappy-java-1.1.4.jar;C:\Users\ashru\.m2\repository\org\springframework\boot\spring-boot-starter-test\2.0.0.RELEASE\spring-boot-starter-test-2.0.0.RELEASE.jar;C:\Users\ashru\.m2\repository\org\springframework\boot\spring-boot-test\2.0.0.RELEASE\spring-boot-test-2.0.0.RELEASE.jar;C:\Users\ashru\.m2\repository\org\springframework\boot\spring-boot-test-autoconfigure\2.0.0.RELEASE\spring-boot-test-autoconfigure-2.0.0.RELEASE.jar;C:\Users\ashru\.m2\repository\com\jayway\jsonpath\json-path\2.4.0\json-path-2.4.0.jar;C:\Users\ashru\.m2\repository\net\minidev\json-smart\2.3\json-smart-2.3.jar;C:\Users\ashru\.m2\repository\net\minidev\accessors-smart\1.2\accessors-smart-1.2.jar;C:\Users\ashru\.m2\repository\org\ow2\asm\asm\5.0.4\asm-5.0.4.jar;C:\Users\ashru\.m2\repository\org\slf4j\slf4j-api\1.7.25\slf4j-api-1.7.25.jar;C:\Users\ashru\.m2\repository\junit\junit\4.12\junit-4.12.jar;C:\Users\ashru\.m2\repository\org\assertj\assertj-core\3.9.1\assertj-core-3.9.1.jar;C:\Users\ashru\.m2\repository\org\mockito\mockito-core\2.15.0\mockito-core-2.15.0.jar;C:\Users\ashru\.m2\repository\net\bytebuddy\byte-buddy\1.7.10\byte-buddy-1.7.10.jar;C:\Users\ashru\.m2\repository\net\bytebuddy\byte-buddy-agent\1.7.10\byte-buddy-agent-1.7.10.jar;C:\Users\ashru\.m2\repository\org\objenesis\objenesis\2.6\objenesis-2.6.jar;C:\Users\ashru\.m2\repository\org\hamcrest\hamcrest-core\1.3\hamcrest-core-1.3.jar;C:\Users\ashru\.m2\repository\org\hamcrest\hamcrest-library\1.3\hamcrest-library-1.3.jar;C:\Users\ashru\.m2\repository\org\skyscreamer\jsonassert\1.5.0\jsonassert-1.5.0.jar;C:\Users\ashru\.m2\repository\com\vaadin\external\google\android-json\0.0.20131108.vaadin1\android-json-0.0.20131108.vaadin1.jar;C:\Users\ashru\.m2\repository\org\springframework\spring-test\5.0.4.RELEASE\spring-test-5.0.4.RELEASE.jar;C:\Users\ashru\.m2\repository\org\xmlunit\xmlunit-core\2.5.1\xmlunit-core-2.5.1.jar;C:\Users\ashru\.m2\repository\org\springframework\kafka\spring-kafka-test\2.1.4.RELEASE\spring-kafka-test-2.1.4.RELEASE.jar;C:\Users\ashru\.m2\repository\org\apache\kafka\kafka-clients\1.0.0\kafka-clients-1.0.0-test.jar;C:\Users\ashru\.m2\repository\org\apache\kafka\kafka_2.11\1.0.0\kafka_2.11-1.0.0.jar;C:\Users\ashru\.m2\repository\com\fasterxml\jackson\core\jackson-databind\2.9.4\jackson-databind-2.9.4.jar;C:\Users\ashru\.m2\repository\com\fasterxml\jackson\core\jackson-annotations\2.9.0\jackson-annotations-2.9.0.jar;C:\Users\ashru\.m2\repository\com\fasterxml\jackson\core\jackson-core\2.9.4\jackson-core-2.9.4.jar;C:\Users\ashru\.m2\repository\net\sf\jopt-simple\jopt-simple\5.0.4\jopt-simple-5.0.4.jar;C:\Users\ashru\.m2\repository\com\yammer\metrics\metrics-core\2.2.0\metrics-core-2.2.0.jar;C:\Users\ashru\.m2\repository\org\scala-lang\scala-library\2.11.11\scala-library-2.11.11.jar;C:\Users\ashru\.m2\repository\com\101tec\zkclient\0.10\zkclient-0.10.jar;C:\Users\ashru\.m2\repository\org\apache\zookeeper\zookeeper\3.4.10\zookeeper-3.4.10.jar;C:\Users\ashru\.m2\repository\log4j\log4j\1.2.16\log4j-1.2.16.jar;C:\Users\ashru\.m2\repository\org\apache\kafka\kafka_2.11\1.0.0\kafka_2.11-1.0.0-test.jar;
18:22:38.029 [main] INFO org.apache.zookeeper.ZooKeeper - Client environment:java.library.path=C:\Program Files (x86)\Java\jdk1.8.0_181\jre\bin;C:\WINDOWS\Sun\Java\bin;C:\WINDOWS\system32;C:\WINDOWS;C:\Program Files (x86)\Common Files\Oracle\Java\javapath;C:\ProgramData\Oracle\Java\javapath;C:\PROGRAM FILES (X86)\LENOVO\FUSIONENGINE;C:\WINDOWS\SYSTEM32;C:\WINDOWS;C:\WINDOWS\SYSTEM32\WBEM;C:\WINDOWS\SYSTEM32\WINDOWSPOWERSHELL\V1.0\;C:\PROGRAM FILES (X86)\COMMON FILES\LENOVO\EASYPLUSSDK\BIN;C:\Program Files\Lenovo\Bluetooth Software\;C:\Program Files\Lenovo\Bluetooth Software\syswow64;C:\Program Files (x86)\Java\jdk1.8.0_181\bin;C:\WINDOWS\system32;C:\WINDOWS;C:\WINDOWS\System32\Wbem;C:\WINDOWS\System32\WindowsPowerShell\v1.0\;C:\apache-maven-3.5.0\bin;C:\apache-maven-3.5.0\bin;C:\spring-1.5.6.RELEASE\bin;C:\apache-tomcat-8.5.20\bin;C:\WINDOWS\System32\OpenSSH\;C:\Softwares\nodejs;C:\Python\Python37;C:\Program Files\Cloud Foundry;C:\Program Files\Git\cmd;C:\Program Files\PuTTY\;C:\Program Files\dotnet\;C:\Softwares\codes\MobileOnboarding-61c63b06c16b.json;C:\Users\ashru\AppData\Local\Microsoft\WindowsApps;C:\gradle-4.0\bin;C:\Program Files\Docker Toolbox;C:\Users\ashru\AppData\Local\Google\Cloud SDK\google-cloud-sdk\bin;C:\Users\ashru\AppData\Local\Programs\Microsoft VS Code\bin;.
18:22:38.029 [main] INFO org.apache.zookeeper.ZooKeeper - Client environment:java.io.tmpdir=C:\Users\ashru\AppData\Local\Temp\
18:22:38.029 [main] INFO org.apache.zookeeper.ZooKeeper - Client environment:java.compiler=<NA>
18:22:38.029 [main] INFO org.apache.zookeeper.ZooKeeper - Client environment:os.name=Windows 10
18:22:38.030 [main] INFO org.apache.zookeeper.ZooKeeper - Client environment:os.arch=x86
18:22:38.030 [main] INFO org.apache.zookeeper.ZooKeeper - Client environment:os.version=10.0
18:22:38.030 [main] INFO org.apache.zookeeper.ZooKeeper - Client environment:user.name=ashru
18:22:38.030 [main] INFO org.apache.zookeeper.ZooKeeper - Client environment:user.home=C:\Users\ashru
18:22:38.030 [main] INFO org.apache.zookeeper.ZooKeeper - Client environment:user.dir=C:\Firebase\spring-kafka-producer-consumer-example\producer-consumer
18:22:38.033 [main] INFO org.apache.zookeeper.ZooKeeper - Initiating client connection, connectString=127.0.0.1:52398 sessionTimeout=6000 watcher=org.I0Itec.zkclient.ZkClient@f6d1be
18:22:38.037 [main] DEBUG org.apache.zookeeper.ClientCnxn - zookeeper.disableAutoWatchReset is false
18:22:38.057 [main] DEBUG org.I0Itec.zkclient.ZkClient - Awaiting connection to Zookeeper server
18:22:38.058 [main] INFO org.I0Itec.zkclient.ZkClient - Waiting for keeper state SyncConnected
18:22:38.061 [main-SendThread(127.0.0.1:52398)] INFO org.apache.zookeeper.ClientCnxn - Opening socket connection to server 127.0.0.1/127.0.0.1:52398. Will not attempt to authenticate using SASL (unknown error)
18:22:38.064 [main-SendThread(127.0.0.1:52398)] INFO org.apache.zookeeper.ClientCnxn - Socket connection established to 127.0.0.1/127.0.0.1:52398, initiating session
18:22:38.064 [NIOServerCxn.Factory:/127.0.0.1:0] INFO org.apache.zookeeper.server.NIOServerCnxnFactory - Accepted socket connection from /127.0.0.1:52401
18:22:38.068 [main-SendThread(127.0.0.1:52398)] DEBUG org.apache.zookeeper.ClientCnxn - Session establishment request sent on 127.0.0.1/127.0.0.1:52398
18:22:38.084 [NIOServerCxn.Factory:/127.0.0.1:0] DEBUG org.apache.zookeeper.server.ZooKeeperServer - Session establishment request from client /127.0.0.1:52401 client's lastZxid is 0x0
18:22:38.086 [NIOServerCxn.Factory:/127.0.0.1:0] INFO org.apache.zookeeper.server.ZooKeeperServer - Client attempting to establish new session at /127.0.0.1:52401
18:22:38.091 [SyncThread:0] INFO org.apache.zookeeper.server.persistence.FileTxnLog - Creating new log file: log.1
18:22:38.104 [SyncThread:0] DEBUG org.apache.zookeeper.server.FinalRequestProcessor - Processing request:: sessionid:0x16659354f920000 type:createSession cxid:0x0 zxid:0x1 txntype:-10 reqpath:n/a
18:22:38.113 [SyncThread:0] DEBUG org.apache.zookeeper.server.FinalRequestProcessor - sessionid:0x16659354f920000 type:createSession cxid:0x0 zxid:0x1 txntype:-10 reqpath:n/a
18:22:38.120 [SyncThread:0] INFO org.apache.zookeeper.server.ZooKeeperServer - Established session 0x16659354f920000 with negotiated timeout 6000 for client /127.0.0.1:52401
18:22:38.121 [main-SendThread(127.0.0.1:52398)] INFO org.apache.zookeeper.ClientCnxn - Session establishment complete on server 127.0.0.1/127.0.0.1:52398, sessionid = 0x16659354f920000, negotiated timeout = 6000
18:22:38.126 [main-EventThread] DEBUG org.I0Itec.zkclient.ZkClient - Received event: WatchedEvent state:SyncConnected type:None path:null
18:22:38.126 [main-EventThread] INFO org.I0Itec.zkclient.ZkClient - zookeeper state changed (SyncConnected)
18:22:38.126 [main-EventThread] DEBUG org.I0Itec.zkclient.ZkClient - Leaving process event
18:22:38.126 [main] DEBUG org.I0Itec.zkclient.ZkClient - State is SyncConnected
18:22:38.874 [main] INFO kafka.server.KafkaConfig - KafkaConfig values: 
	advertised.host.name = null
	advertised.listeners = null
	advertised.port = null
	alter.config.policy.class.name = null
	authorizer.class.name = 
	auto.create.topics.enable = true
	auto.leader.rebalance.enable = true
	background.threads = 10
	broker.id = 0
	broker.id.generation.enable = true
	broker.rack = null
	compression.type = producer
	connections.max.idle.ms = 600000
	controlled.shutdown.enable = true
	controlled.shutdown.max.retries = 3
	controlled.shutdown.retry.backoff.ms = 100
	controller.socket.timeout.ms = 1000
	create.topic.policy.class.name = null
	default.replication.factor = 1
	delete.records.purgatory.purge.interval.requests = 1
	delete.topic.enable = true
	fetch.purgatory.purge.interval.requests = 1000
	group.initial.rebalance.delay.ms = 0
	group.max.session.timeout.ms = 300000
	group.min.session.timeout.ms = 6000
	host.name = 
	inter.broker.listener.name = null
	inter.broker.protocol.version = 1.0-IV0
	leader.imbalance.check.interval.seconds = 300
	leader.imbalance.per.broker.percentage = 10
	listener.security.protocol.map = PLAINTEXT:PLAINTEXT,SSL:SSL,SASL_PLAINTEXT:SASL_PLAINTEXT,SASL_SSL:SASL_SSL
	listeners = PLAINTEXT://localhost:0
	log.cleaner.backoff.ms = 15000
	log.cleaner.dedupe.buffer.size = 2097152
	log.cleaner.delete.retention.ms = 86400000
	log.cleaner.enable = true
	log.cleaner.io.buffer.load.factor = 0.9
	log.cleaner.io.buffer.size = 524288
	log.cleaner.io.max.bytes.per.second = 1.7976931348623157E308
	log.cleaner.min.cleanable.ratio = 0.5
	log.cleaner.min.compaction.lag.ms = 0
	log.cleaner.threads = 1
	log.cleanup.policy = [delete]
	log.dir = C:\Users\ashru\AppData\Local\Temp\kafka-7887906714852656977
	log.dirs = null
	log.flush.interval.messages = 9223372036854775807
	log.flush.interval.ms = null
	log.flush.offset.checkpoint.interval.ms = 60000
	log.flush.scheduler.interval.ms = 9223372036854775807
	log.flush.start.offset.checkpoint.interval.ms = 60000
	log.index.interval.bytes = 4096
	log.index.size.max.bytes = 10485760
	log.message.format.version = 1.0-IV0
	log.message.timestamp.difference.max.ms = 9223372036854775807
	log.message.timestamp.type = CreateTime
	log.preallocate = false
	log.retention.bytes = -1
	log.retention.check.interval.ms = 300000
	log.retention.hours = 168
	log.retention.minutes = null
	log.retention.ms = null
	log.roll.hours = 168
	log.roll.jitter.hours = 0
	log.roll.jitter.ms = null
	log.roll.ms = null
	log.segment.bytes = 1073741824
	log.segment.delete.delay.ms = 1000
	max.connections.per.ip = 2147483647
	max.connections.per.ip.overrides = 
	message.max.bytes = 1000012
	metric.reporters = []
	metrics.num.samples = 2
	metrics.recording.level = INFO
	metrics.sample.window.ms = 30000
	min.insync.replicas = 1
	num.io.threads = 8
	num.network.threads = 3
	num.partitions = 1
	num.recovery.threads.per.data.dir = 1
	num.replica.fetchers = 1
	offset.metadata.max.bytes = 4096
	offsets.commit.required.acks = -1
	offsets.commit.timeout.ms = 5000
	offsets.load.buffer.size = 5242880
	offsets.retention.check.interval.ms = 600000
	offsets.retention.minutes = 1440
	offsets.topic.compression.codec = 0
	offsets.topic.num.partitions = 5
	offsets.topic.replication.factor = 1
	offsets.topic.segment.bytes = 104857600
	port = 9092
	principal.builder.class = null
	producer.purgatory.purge.interval.requests = 1000
	queued.max.request.bytes = -1
	queued.max.requests = 500
	quota.consumer.default = 9223372036854775807
	quota.producer.default = 9223372036854775807
	quota.window.num = 11
	quota.window.size.seconds = 1
	replica.fetch.backoff.ms = 1000
	replica.fetch.max.bytes = 1048576
	replica.fetch.min.bytes = 1
	replica.fetch.response.max.bytes = 10485760
	replica.fetch.wait.max.ms = 500
	replica.high.watermark.checkpoint.interval.ms = 5000
	replica.lag.time.max.ms = 10000
	replica.socket.receive.buffer.bytes = 65536
	replica.socket.timeout.ms = 1000
	replication.quota.window.num = 11
	replication.quota.window.size.seconds = 1
	request.timeout.ms = 30000
	reserved.broker.max.id = 1000
	sasl.enabled.mechanisms = [GSSAPI]
	sasl.kerberos.kinit.cmd = /usr/bin/kinit
	sasl.kerberos.min.time.before.relogin = 60000
	sasl.kerberos.principal.to.local.rules = [DEFAULT]
	sasl.kerberos.service.name = null
	sasl.kerberos.ticket.renew.jitter = 0.05
	sasl.kerberos.ticket.renew.window.factor = 0.8
	sasl.mechanism.inter.broker.protocol = GSSAPI
	security.inter.broker.protocol = PLAINTEXT
	socket.receive.buffer.bytes = 102400
	socket.request.max.bytes = 104857600
	socket.send.buffer.bytes = 102400
	ssl.cipher.suites = null
	ssl.client.auth = none
	ssl.enabled.protocols = [TLSv1.2, TLSv1.1, TLSv1]
	ssl.endpoint.identification.algorithm = null
	ssl.key.password = null
	ssl.keymanager.algorithm = SunX509
	ssl.keystore.location = null
	ssl.keystore.password = null
	ssl.keystore.type = JKS
	ssl.protocol = TLS
	ssl.provider = null
	ssl.secure.random.implementation = null
	ssl.trustmanager.algorithm = PKIX
	ssl.truststore.location = null
	ssl.truststore.password = null
	ssl.truststore.type = JKS
	transaction.abort.timed.out.transaction.cleanup.interval.ms = 60000
	transaction.max.timeout.ms = 900000
	transaction.remove.expired.transaction.cleanup.interval.ms = 3600000
	transaction.state.log.load.buffer.size = 5242880
	transaction.state.log.min.isr = 2
	transaction.state.log.num.partitions = 50
	transaction.state.log.replication.factor = 3
	transaction.state.log.segment.bytes = 104857600
	transactional.id.expiration.ms = 604800000
	unclean.leader.election.enable = false
	zookeeper.connect = 127.0.0.1:52398
	zookeeper.connection.timeout.ms = 10000
	zookeeper.session.timeout.ms = 6000
	zookeeper.set.acl = false
	zookeeper.sync.time.ms = 2000

18:22:39.149 [main] DEBUG org.I0Itec.zkclient.ZkConnection - Creating new ZookKeeper instance to connect to 127.0.0.1:52398.
18:22:39.150 [main] INFO org.apache.zookeeper.ZooKeeper - Initiating client connection, connectString=127.0.0.1:52398 sessionTimeout=6000 watcher=org.I0Itec.zkclient.ZkClient@12535ff
18:22:39.150 [ZkClient-EventThread-22-127.0.0.1:52398] INFO org.I0Itec.zkclient.ZkEventThread - Starting ZkClient event thread.
18:22:39.152 [main] DEBUG org.I0Itec.zkclient.ZkClient - Awaiting connection to Zookeeper server
18:22:39.153 [main] INFO org.I0Itec.zkclient.ZkClient - Waiting for keeper state SyncConnected
18:22:39.153 [main-SendThread(127.0.0.1:52398)] INFO org.apache.zookeeper.ClientCnxn - Opening socket connection to server 127.0.0.1/127.0.0.1:52398. Will not attempt to authenticate using SASL (unknown error)
18:22:39.155 [main-SendThread(127.0.0.1:52398)] INFO org.apache.zookeeper.ClientCnxn - Socket connection established to 127.0.0.1/127.0.0.1:52398, initiating session
18:22:39.155 [NIOServerCxn.Factory:/127.0.0.1:0] INFO org.apache.zookeeper.server.NIOServerCnxnFactory - Accepted socket connection from /127.0.0.1:52404
18:22:39.156 [main-SendThread(127.0.0.1:52398)] DEBUG org.apache.zookeeper.ClientCnxn - Session establishment request sent on 127.0.0.1/127.0.0.1:52398
18:22:39.157 [NIOServerCxn.Factory:/127.0.0.1:0] DEBUG org.apache.zookeeper.server.ZooKeeperServer - Session establishment request from client /127.0.0.1:52404 client's lastZxid is 0x0
18:22:39.157 [NIOServerCxn.Factory:/127.0.0.1:0] INFO org.apache.zookeeper.server.ZooKeeperServer - Client attempting to establish new session at /127.0.0.1:52404
18:22:39.159 [SyncThread:0] DEBUG org.apache.zookeeper.server.FinalRequestProcessor - Processing request:: sessionid:0x16659354f920001 type:createSession cxid:0x0 zxid:0x2 txntype:-10 reqpath:n/a
18:22:39.160 [SyncThread:0] DEBUG org.apache.zookeeper.server.FinalRequestProcessor - sessionid:0x16659354f920001 type:createSession cxid:0x0 zxid:0x2 txntype:-10 reqpath:n/a
18:22:39.161 [SyncThread:0] INFO org.apache.zookeeper.server.ZooKeeperServer - Established session 0x16659354f920001 with negotiated timeout 6000 for client /127.0.0.1:52404
18:22:39.161 [main-SendThread(127.0.0.1:52398)] INFO org.apache.zookeeper.ClientCnxn - Session establishment complete on server 127.0.0.1/127.0.0.1:52398, sessionid = 0x16659354f920001, negotiated timeout = 6000
18:22:39.162 [main-EventThread] DEBUG org.I0Itec.zkclient.ZkClient - Received event: WatchedEvent state:SyncConnected type:None path:null
18:22:39.162 [main-EventThread] INFO org.I0Itec.zkclient.ZkClient - zookeeper state changed (SyncConnected)
18:22:39.162 [main-EventThread] DEBUG org.I0Itec.zkclient.ZkClient - Leaving process event
18:22:39.163 [main] DEBUG org.I0Itec.zkclient.ZkClient - State is SyncConnected
18:22:39.200 [SyncThread:0] DEBUG org.apache.zookeeper.server.FinalRequestProcessor - Processing request:: sessionid:0x16659354f920001 type:exists cxid:0x1 zxid:0xfffffffffffffffe txntype:unknown reqpath:/consumers
18:22:39.201 [SyncThread:0] DEBUG org.apache.zookeeper.server.FinalRequestProcessor - sessionid:0x16659354f920001 type:exists cxid:0x1 zxid:0xfffffffffffffffe txntype:unknown reqpath:/consumers
18:22:39.219 [main-SendThread(127.0.0.1:52398)] DEBUG org.apache.zookeeper.ClientCnxn - Reading reply sessionid:0x16659354f920001, packet:: clientPath:null serverPath:null finished:false header:: 1,3  replyHeader:: 1,2,-101  request:: '/consumers,F  response::  
18:22:39.226 [SyncThread:0] DEBUG org.apache.zookeeper.server.FinalRequestProcessor - Processing request:: sessionid:0x16659354f920001 type:exists cxid:0x2 zxid:0xfffffffffffffffe txntype:unknown reqpath:/
18:22:39.226 [SyncThread:0] DEBUG org.apache.zookeeper.server.FinalRequestProcessor - sessionid:0x16659354f920001 type:exists cxid:0x2 zxid:0xfffffffffffffffe txntype:unknown reqpath:/
18:22:39.231 [main-SendThread(127.0.0.1:52398)] DEBUG org.apache.zookeeper.ClientCnxn - Reading reply sessionid:0x16659354f920001, packet:: clientPath:null serverPath:null finished:false header:: 2,3  replyHeader:: 2,2,0  request:: '/,F  response:: s{0,0,0,0,0,-1,0,0,0,1,0} 
18:22:39.248 [SyncThread:0] DEBUG org.apache.zookeeper.server.FinalRequestProcessor - Processing request:: sessionid:0x16659354f920001 type:create cxid:0x3 zxid:0x3 txntype:1 reqpath:n/a
18:22:39.251 [SyncThread:0] DEBUG org.apache.zookeeper.server.FinalRequestProcessor - sessionid:0x16659354f920001 type:create cxid:0x3 zxid:0x3 txntype:1 reqpath:n/a
18:22:39.252 [main-SendThread(127.0.0.1:52398)] DEBUG org.apache.zookeeper.ClientCnxn - Reading reply sessionid:0x16659354f920001, packet:: clientPath:null serverPath:null finished:false header:: 3,1  replyHeader:: 3,3,0  request:: '/consumers,,v{s{31,s{'world,'anyone}}},0  response:: '/consumers 
18:22:39.253 [SyncThread:0] DEBUG org.apache.zookeeper.server.FinalRequestProcessor - Processing request:: sessionid:0x16659354f920001 type:exists cxid:0x4 zxid:0xfffffffffffffffe txntype:unknown reqpath:/brokers/ids
18:22:39.253 [SyncThread:0] DEBUG org.apache.zookeeper.server.FinalRequestProcessor - sessionid:0x16659354f920001 type:exists cxid:0x4 zxid:0xfffffffffffffffe txntype:unknown reqpath:/brokers/ids
18:22:39.254 [main-SendThread(127.0.0.1:52398)] DEBUG org.apache.zookeeper.ClientCnxn - Reading reply sessionid:0x16659354f920001, packet:: clientPath:null serverPath:null finished:false header:: 4,3  replyHeader:: 4,3,-101  request:: '/brokers/ids,F  response::  
18:22:39.257 [ProcessThread(sid:0 cport:52398):] INFO org.apache.zookeeper.server.PrepRequestProcessor - Got user-level KeeperException when processing sessionid:0x16659354f920001 type:create cxid:0x5 zxid:0x4 txntype:-1 reqpath:n/a Error Path:/brokers Error:KeeperErrorCode = NoNode for /brokers
18:22:39.260 [SyncThread:0] DEBUG org.apache.zookeeper.server.FinalRequestProcessor - Processing request:: sessionid:0x16659354f920001 type:create cxid:0x5 zxid:0x4 txntype:-1 reqpath:n/a
18:22:39.260 [SyncThread:0] DEBUG org.apache.zookeeper.server.DataTree - Ignoring processTxn failure hdr: -1 : error: -101
18:22:39.262 [main-SendThread(127.0.0.1:52398)] DEBUG org.apache.zookeeper.ClientCnxn - Reading reply sessionid:0x16659354f920001, packet:: clientPath:null serverPath:null finished:false header:: 5,1  replyHeader:: 5,4,-101  request:: '/brokers/ids,,v{s{31,s{'world,'anyone}}},0  response::  
18:22:39.268 [SyncThread:0] DEBUG org.apache.zookeeper.server.FinalRequestProcessor - Processing request:: sessionid:0x16659354f920001 type:create cxid:0x6 zxid:0x5 txntype:1 reqpath:n/a
18:22:39.270 [SyncThread:0] DEBUG org.apache.zookeeper.server.FinalRequestProcessor - sessionid:0x16659354f920001 type:create cxid:0x6 zxid:0x5 txntype:1 reqpath:n/a
18:22:39.271 [main-SendThread(127.0.0.1:52398)] DEBUG org.apache.zookeeper.ClientCnxn - Reading reply sessionid:0x16659354f920001, packet:: clientPath:null serverPath:null finished:false header:: 6,1  replyHeader:: 6,5,0  request:: '/brokers,,v{s{31,s{'world,'anyone}}},0  response:: '/brokers 
18:22:39.274 [SyncThread:0] DEBUG org.apache.zookeeper.server.FinalRequestProcessor - Processing request:: sessionid:0x16659354f920001 type:create cxid:0x7 zxid:0x6 txntype:1 reqpath:n/a
18:22:39.275 [SyncThread:0] DEBUG org.apache.zookeeper.server.FinalRequestProcessor - sessionid:0x16659354f920001 type:create cxid:0x7 zxid:0x6 txntype:1 reqpath:n/a
18:22:39.276 [main-SendThread(127.0.0.1:52398)] DEBUG org.apache.zookeeper.ClientCnxn - Reading reply sessionid:0x16659354f920001, packet:: clientPath:null serverPath:null finished:false header:: 7,1  replyHeader:: 7,6,0  request:: '/brokers/ids,,v{s{31,s{'world,'anyone}}},0  response:: '/brokers/ids 
18:22:39.277 [SyncThread:0] DEBUG org.apache.zookeeper.server.FinalRequestProcessor - Processing request:: sessionid:0x16659354f920001 type:exists cxid:0x8 zxid:0xfffffffffffffffe txntype:unknown reqpath:/brokers/topics
18:22:39.277 [SyncThread:0] DEBUG org.apache.zookeeper.server.FinalRequestProcessor - sessionid:0x16659354f920001 type:exists cxid:0x8 zxid:0xfffffffffffffffe txntype:unknown reqpath:/brokers/topics
18:22:39.278 [main-SendThread(127.0.0.1:52398)] DEBUG org.apache.zookeeper.ClientCnxn - Reading reply sessionid:0x16659354f920001, packet:: clientPath:null serverPath:null finished:false header:: 8,3  replyHeader:: 8,6,-101  request:: '/brokers/topics,F  response::  
18:22:39.282 [SyncThread:0] DEBUG org.apache.zookeeper.server.FinalRequestProcessor - Processing request:: sessionid:0x16659354f920001 type:create cxid:0x9 zxid:0x7 txntype:1 reqpath:n/a
18:22:39.283 [SyncThread:0] DEBUG org.apache.zookeeper.server.FinalRequestProcessor - sessionid:0x16659354f920001 type:create cxid:0x9 zxid:0x7 txntype:1 reqpath:n/a
18:22:39.284 [main-SendThread(127.0.0.1:52398)] DEBUG org.apache.zookeeper.ClientCnxn - Reading reply sessionid:0x16659354f920001, packet:: clientPath:null serverPath:null finished:false header:: 9,1  replyHeader:: 9,7,0  request:: '/brokers/topics,,v{s{31,s{'world,'anyone}}},0  response:: '/brokers/topics 
18:22:39.286 [SyncThread:0] DEBUG org.apache.zookeeper.server.FinalRequestProcessor - Processing request:: sessionid:0x16659354f920001 type:exists cxid:0xa zxid:0xfffffffffffffffe txntype:unknown reqpath:/config/changes
18:22:39.286 [SyncThread:0] DEBUG org.apache.zookeeper.server.FinalRequestProcessor - sessionid:0x16659354f920001 type:exists cxid:0xa zxid:0xfffffffffffffffe txntype:unknown reqpath:/config/changes
18:22:39.287 [main-SendThread(127.0.0.1:52398)] DEBUG org.apache.zookeeper.ClientCnxn - Reading reply sessionid:0x16659354f920001, packet:: clientPath:null serverPath:null finished:false header:: 10,3  replyHeader:: 10,7,-101  request:: '/config/changes,F  response::  
18:22:39.288 [ProcessThread(sid:0 cport:52398):] INFO org.apache.zookeeper.server.PrepRequestProcessor - Got user-level KeeperException when processing sessionid:0x16659354f920001 type:create cxid:0xb zxid:0x8 txntype:-1 reqpath:n/a Error Path:/config Error:KeeperErrorCode = NoNode for /config
18:22:39.291 [SyncThread:0] DEBUG org.apache.zookeeper.server.FinalRequestProcessor - Processing request:: sessionid:0x16659354f920001 type:create cxid:0xb zxid:0x8 txntype:-1 reqpath:n/a
18:22:39.291 [SyncThread:0] DEBUG org.apache.zookeeper.server.DataTree - Ignoring processTxn failure hdr: -1 : error: -101
18:22:39.293 [main-SendThread(127.0.0.1:52398)] DEBUG org.apache.zookeeper.ClientCnxn - Reading reply sessionid:0x16659354f920001, packet:: clientPath:null serverPath:null finished:false header:: 11,1  replyHeader:: 11,8,-101  request:: '/config/changes,,v{s{31,s{'world,'anyone}}},0  response::  
18:22:39.297 [SyncThread:0] DEBUG org.apache.zookeeper.server.FinalRequestProcessor - Processing request:: sessionid:0x16659354f920001 type:create cxid:0xc zxid:0x9 txntype:1 reqpath:n/a
18:22:39.298 [SyncThread:0] DEBUG org.apache.zookeeper.server.FinalRequestProcessor - sessionid:0x16659354f920001 type:create cxid:0xc zxid:0x9 txntype:1 reqpath:n/a
18:22:39.300 [main-SendThread(127.0.0.1:52398)] DEBUG org.apache.zookeeper.ClientCnxn - Reading reply sessionid:0x16659354f920001, packet:: clientPath:null serverPath:null finished:false header:: 12,1  replyHeader:: 12,9,0  request:: '/config,,v{s{31,s{'world,'anyone}}},0  response:: '/config 
18:22:39.305 [SyncThread:0] DEBUG org.apache.zookeeper.server.FinalRequestProcessor - Processing request:: sessionid:0x16659354f920001 type:create cxid:0xd zxid:0xa txntype:1 reqpath:n/a
18:22:39.306 [SyncThread:0] DEBUG org.apache.zookeeper.server.FinalRequestProcessor - sessionid:0x16659354f920001 type:create cxid:0xd zxid:0xa txntype:1 reqpath:n/a
18:22:39.308 [main-SendThread(127.0.0.1:52398)] DEBUG org.apache.zookeeper.ClientCnxn - Reading reply sessionid:0x16659354f920001, packet:: clientPath:null serverPath:null finished:false header:: 13,1  replyHeader:: 13,10,0  request:: '/config/changes,,v{s{31,s{'world,'anyone}}},0  response:: '/config/changes 
18:22:39.310 [SyncThread:0] DEBUG org.apache.zookeeper.server.FinalRequestProcessor - Processing request:: sessionid:0x16659354f920001 type:exists cxid:0xe zxid:0xfffffffffffffffe txntype:unknown reqpath:/config/topics
18:22:39.310 [SyncThread:0] DEBUG org.apache.zookeeper.server.FinalRequestProcessor - sessionid:0x16659354f920001 type:exists cxid:0xe zxid:0xfffffffffffffffe txntype:unknown reqpath:/config/topics
18:22:39.311 [main-SendThread(127.0.0.1:52398)] DEBUG org.apache.zookeeper.ClientCnxn - Reading reply sessionid:0x16659354f920001, packet:: clientPath:null serverPath:null finished:false header:: 14,3  replyHeader:: 14,10,-101  request:: '/config/topics,F  response::  
18:22:39.316 [SyncThread:0] DEBUG org.apache.zookeeper.server.FinalRequestProcessor - Processing request:: sessionid:0x16659354f920001 type:create cxid:0xf zxid:0xb txntype:1 reqpath:n/a
18:22:39.316 [SyncThread:0] DEBUG org.apache.zookeeper.server.FinalRequestProcessor - sessionid:0x16659354f920001 type:create cxid:0xf zxid:0xb txntype:1 reqpath:n/a
18:22:39.317 [main-SendThread(127.0.0.1:52398)] DEBUG org.apache.zookeeper.ClientCnxn - Reading reply sessionid:0x16659354f920001, packet:: clientPath:null serverPath:null finished:false header:: 15,1  replyHeader:: 15,11,0  request:: '/config/topics,,v{s{31,s{'world,'anyone}}},0  response:: '/config/topics 
18:22:39.319 [SyncThread:0] DEBUG org.apache.zookeeper.server.FinalRequestProcessor - Processing request:: sessionid:0x16659354f920001 type:exists cxid:0x10 zxid:0xfffffffffffffffe txntype:unknown reqpath:/config/clients
18:22:39.319 [SyncThread:0] DEBUG org.apache.zookeeper.server.FinalRequestProcessor - sessionid:0x16659354f920001 type:exists cxid:0x10 zxid:0xfffffffffffffffe txntype:unknown reqpath:/config/clients
18:22:39.319 [main-SendThread(127.0.0.1:52398)] DEBUG org.apache.zookeeper.ClientCnxn - Reading reply sessionid:0x16659354f920001, packet:: clientPath:null serverPath:null finished:false header:: 16,3  replyHeader:: 16,11,-101  request:: '/config/clients,F  response::  
18:22:39.329 [SyncThread:0] DEBUG org.apache.zookeeper.server.FinalRequestProcessor - Processing request:: sessionid:0x16659354f920001 type:create cxid:0x11 zxid:0xc txntype:1 reqpath:n/a
18:22:39.330 [SyncThread:0] DEBUG org.apache.zookeeper.server.FinalRequestProcessor - sessionid:0x16659354f920001 type:create cxid:0x11 zxid:0xc txntype:1 reqpath:n/a
18:22:39.331 [main-SendThread(127.0.0.1:52398)] DEBUG org.apache.zookeeper.ClientCnxn - Reading reply sessionid:0x16659354f920001, packet:: clientPath:null serverPath:null finished:false header:: 17,1  replyHeader:: 17,12,0  request:: '/config/clients,,v{s{31,s{'world,'anyone}}},0  response:: '/config/clients 
18:22:39.332 [SyncThread:0] DEBUG org.apache.zookeeper.server.FinalRequestProcessor - Processing request:: sessionid:0x16659354f920001 type:exists cxid:0x12 zxid:0xfffffffffffffffe txntype:unknown reqpath:/admin/delete_topics
18:22:39.332 [SyncThread:0] DEBUG org.apache.zookeeper.server.FinalRequestProcessor - sessionid:0x16659354f920001 type:exists cxid:0x12 zxid:0xfffffffffffffffe txntype:unknown reqpath:/admin/delete_topics
18:22:39.334 [main-SendThread(127.0.0.1:52398)] DEBUG org.apache.zookeeper.ClientCnxn - Reading reply sessionid:0x16659354f920001, packet:: clientPath:null serverPath:null finished:false header:: 18,3  replyHeader:: 18,12,-101  request:: '/admin/delete_topics,F  response::  
18:22:39.335 [ProcessThread(sid:0 cport:52398):] INFO org.apache.zookeeper.server.PrepRequestProcessor - Got user-level KeeperException when processing sessionid:0x16659354f920001 type:create cxid:0x13 zxid:0xd txntype:-1 reqpath:n/a Error Path:/admin Error:KeeperErrorCode = NoNode for /admin
18:22:39.338 [SyncThread:0] DEBUG org.apache.zookeeper.server.FinalRequestProcessor - Processing request:: sessionid:0x16659354f920001 type:create cxid:0x13 zxid:0xd txntype:-1 reqpath:n/a
18:22:39.338 [SyncThread:0] DEBUG org.apache.zookeeper.server.DataTree - Ignoring processTxn failure hdr: -1 : error: -101
18:22:39.339 [main-SendThread(127.0.0.1:52398)] DEBUG org.apache.zookeeper.ClientCnxn - Reading reply sessionid:0x16659354f920001, packet:: clientPath:null serverPath:null finished:false header:: 19,1  replyHeader:: 19,13,-101  request:: '/admin/delete_topics,,v{s{31,s{'world,'anyone}}},0  response::  
18:22:39.343 [SyncThread:0] DEBUG org.apache.zookeeper.server.FinalRequestProcessor - Processing request:: sessionid:0x16659354f920001 type:create cxid:0x14 zxid:0xe txntype:1 reqpath:n/a
18:22:39.344 [SyncThread:0] DEBUG org.apache.zookeeper.server.FinalRequestProcessor - sessionid:0x16659354f920001 type:create cxid:0x14 zxid:0xe txntype:1 reqpath:n/a
18:22:39.345 [main-SendThread(127.0.0.1:52398)] DEBUG org.apache.zookeeper.ClientCnxn - Reading reply sessionid:0x16659354f920001, packet:: clientPath:null serverPath:null finished:false header:: 20,1  replyHeader:: 20,14,0  request:: '/admin,,v{s{31,s{'world,'anyone}}},0  response:: '/admin 
18:22:39.349 [SyncThread:0] DEBUG org.apache.zookeeper.server.FinalRequestProcessor - Processing request:: sessionid:0x16659354f920001 type:create cxid:0x15 zxid:0xf txntype:1 reqpath:n/a
18:22:39.350 [SyncThread:0] DEBUG org.apache.zookeeper.server.FinalRequestProcessor - sessionid:0x16659354f920001 type:create cxid:0x15 zxid:0xf txntype:1 reqpath:n/a
18:22:39.352 [main-SendThread(127.0.0.1:52398)] DEBUG org.apache.zookeeper.ClientCnxn - Reading reply sessionid:0x16659354f920001, packet:: clientPath:null serverPath:null finished:false header:: 21,1  replyHeader:: 21,15,0  request:: '/admin/delete_topics,,v{s{31,s{'world,'anyone}}},0  response:: '/admin/delete_topics 
18:22:39.353 [SyncThread:0] DEBUG org.apache.zookeeper.server.FinalRequestProcessor - Processing request:: sessionid:0x16659354f920001 type:exists cxid:0x16 zxid:0xfffffffffffffffe txntype:unknown reqpath:/brokers/seqid
18:22:39.354 [SyncThread:0] DEBUG org.apache.zookeeper.server.FinalRequestProcessor - sessionid:0x16659354f920001 type:exists cxid:0x16 zxid:0xfffffffffffffffe txntype:unknown reqpath:/brokers/seqid
18:22:39.354 [main-SendThread(127.0.0.1:52398)] DEBUG org.apache.zookeeper.ClientCnxn - Reading reply sessionid:0x16659354f920001, packet:: clientPath:null serverPath:null finished:false header:: 22,3  replyHeader:: 22,15,-101  request:: '/brokers/seqid,F  response::  
18:22:39.359 [SyncThread:0] DEBUG org.apache.zookeeper.server.FinalRequestProcessor - Processing request:: sessionid:0x16659354f920001 type:create cxid:0x17 zxid:0x10 txntype:1 reqpath:n/a
18:22:39.359 [SyncThread:0] DEBUG org.apache.zookeeper.server.FinalRequestProcessor - sessionid:0x16659354f920001 type:create cxid:0x17 zxid:0x10 txntype:1 reqpath:n/a
18:22:39.360 [main-SendThread(127.0.0.1:52398)] DEBUG org.apache.zookeeper.ClientCnxn - Reading reply sessionid:0x16659354f920001, packet:: clientPath:null serverPath:null finished:false header:: 23,1  replyHeader:: 23,16,0  request:: '/brokers/seqid,,v{s{31,s{'world,'anyone}}},0  response:: '/brokers/seqid 
18:22:39.362 [SyncThread:0] DEBUG org.apache.zookeeper.server.FinalRequestProcessor - Processing request:: sessionid:0x16659354f920001 type:exists cxid:0x18 zxid:0xfffffffffffffffe txntype:unknown reqpath:/isr_change_notification
18:22:39.363 [SyncThread:0] DEBUG org.apache.zookeeper.server.FinalRequestProcessor - sessionid:0x16659354f920001 type:exists cxid:0x18 zxid:0xfffffffffffffffe txntype:unknown reqpath:/isr_change_notification
18:22:39.365 [main-SendThread(127.0.0.1:52398)] DEBUG org.apache.zookeeper.ClientCnxn - Reading reply sessionid:0x16659354f920001, packet:: clientPath:null serverPath:null finished:false header:: 24,3  replyHeader:: 24,16,-101  request:: '/isr_change_notification,F  response::  
18:22:39.371 [SyncThread:0] DEBUG org.apache.zookeeper.server.FinalRequestProcessor - Processing request:: sessionid:0x16659354f920001 type:create cxid:0x19 zxid:0x11 txntype:1 reqpath:n/a
18:22:39.371 [SyncThread:0] DEBUG org.apache.zookeeper.server.FinalRequestProcessor - sessionid:0x16659354f920001 type:create cxid:0x19 zxid:0x11 txntype:1 reqpath:n/a
18:22:39.373 [main-SendThread(127.0.0.1:52398)] DEBUG org.apache.zookeeper.ClientCnxn - Reading reply sessionid:0x16659354f920001, packet:: clientPath:null serverPath:null finished:false header:: 25,1  replyHeader:: 25,17,0  request:: '/isr_change_notification,,v{s{31,s{'world,'anyone}}},0  response:: '/isr_change_notification 
18:22:39.375 [SyncThread:0] DEBUG org.apache.zookeeper.server.FinalRequestProcessor - Processing request:: sessionid:0x16659354f920001 type:exists cxid:0x1a zxid:0xfffffffffffffffe txntype:unknown reqpath:/latest_producer_id_block
18:22:39.375 [SyncThread:0] DEBUG org.apache.zookeeper.server.FinalRequestProcessor - sessionid:0x16659354f920001 type:exists cxid:0x1a zxid:0xfffffffffffffffe txntype:unknown reqpath:/latest_producer_id_block
18:22:39.377 [main-SendThread(127.0.0.1:52398)] DEBUG org.apache.zookeeper.ClientCnxn - Reading reply sessionid:0x16659354f920001, packet:: clientPath:null serverPath:null finished:false header:: 26,3  replyHeader:: 26,17,-101  request:: '/latest_producer_id_block,F  response::  
18:22:39.381 [SyncThread:0] DEBUG org.apache.zookeeper.server.FinalRequestProcessor - Processing request:: sessionid:0x16659354f920001 type:create cxid:0x1b zxid:0x12 txntype:1 reqpath:n/a
18:22:39.382 [SyncThread:0] DEBUG org.apache.zookeeper.server.FinalRequestProcessor - sessionid:0x16659354f920001 type:create cxid:0x1b zxid:0x12 txntype:1 reqpath:n/a
18:22:39.383 [main-SendThread(127.0.0.1:52398)] DEBUG org.apache.zookeeper.ClientCnxn - Reading reply sessionid:0x16659354f920001, packet:: clientPath:null serverPath:null finished:false header:: 27,1  replyHeader:: 27,18,0  request:: '/latest_producer_id_block,,v{s{31,s{'world,'anyone}}},0  response:: '/latest_producer_id_block 
18:22:39.385 [SyncThread:0] DEBUG org.apache.zookeeper.server.FinalRequestProcessor - Processing request:: sessionid:0x16659354f920001 type:exists cxid:0x1c zxid:0xfffffffffffffffe txntype:unknown reqpath:/log_dir_event_notification
18:22:39.385 [SyncThread:0] DEBUG org.apache.zookeeper.server.FinalRequestProcessor - sessionid:0x16659354f920001 type:exists cxid:0x1c zxid:0xfffffffffffffffe txntype:unknown reqpath:/log_dir_event_notification
18:22:39.386 [main-SendThread(127.0.0.1:52398)] DEBUG org.apache.zookeeper.ClientCnxn - Reading reply sessionid:0x16659354f920001, packet:: clientPath:null serverPath:null finished:false header:: 28,3  replyHeader:: 28,18,-101  request:: '/log_dir_event_notification,F  response::  
18:22:39.389 [SyncThread:0] DEBUG org.apache.zookeeper.server.FinalRequestProcessor - Processing request:: sessionid:0x16659354f920001 type:create cxid:0x1d zxid:0x13 txntype:1 reqpath:n/a
18:22:39.389 [SyncThread:0] DEBUG org.apache.zookeeper.server.FinalRequestProcessor - sessionid:0x16659354f920001 type:create cxid:0x1d zxid:0x13 txntype:1 reqpath:n/a
18:22:39.393 [main-SendThread(127.0.0.1:52398)] DEBUG org.apache.zookeeper.ClientCnxn - Reading reply sessionid:0x16659354f920001, packet:: clientPath:null serverPath:null finished:false header:: 29,1  replyHeader:: 29,19,0  request:: '/log_dir_event_notification,,v{s{31,s{'world,'anyone}}},0  response:: '/log_dir_event_notification 
18:22:39.399 [SyncThread:0] DEBUG org.apache.zookeeper.server.FinalRequestProcessor - Processing request:: sessionid:0x16659354f920001 type:getData cxid:0x1e zxid:0xfffffffffffffffe txntype:unknown reqpath:/cluster/id
18:22:39.399 [SyncThread:0] DEBUG org.apache.zookeeper.server.FinalRequestProcessor - sessionid:0x16659354f920001 type:getData cxid:0x1e zxid:0xfffffffffffffffe txntype:unknown reqpath:/cluster/id
18:22:39.401 [main-SendThread(127.0.0.1:52398)] DEBUG org.apache.zookeeper.ClientCnxn - Reading reply sessionid:0x16659354f920001, packet:: clientPath:null serverPath:null finished:false header:: 30,4  replyHeader:: 30,19,-101  request:: '/cluster/id,F  response::  
18:22:39.837 [ProcessThread(sid:0 cport:52398):] INFO org.apache.zookeeper.server.PrepRequestProcessor - Got user-level KeeperException when processing sessionid:0x16659354f920001 type:create cxid:0x1f zxid:0x14 txntype:-1 reqpath:n/a Error Path:/cluster Error:KeeperErrorCode = NoNode for /cluster
18:22:39.840 [SyncThread:0] DEBUG org.apache.zookeeper.server.FinalRequestProcessor - Processing request:: sessionid:0x16659354f920001 type:create cxid:0x1f zxid:0x14 txntype:-1 reqpath:n/a
18:22:39.840 [SyncThread:0] DEBUG org.apache.zookeeper.server.DataTree - Ignoring processTxn failure hdr: -1 : error: -101
18:22:39.841 [main-SendThread(127.0.0.1:52398)] DEBUG org.apache.zookeeper.ClientCnxn - Reading reply sessionid:0x16659354f920001, packet:: clientPath:null serverPath:null finished:false header:: 31,1  replyHeader:: 31,20,-101  request:: '/cluster/id,#7b2276657273696f6e223a2231222c226964223a225654326674355a43536d57634553754935526b727467227d,v{s{31,s{'world,'anyone}}},0  response::  
18:22:39.845 [SyncThread:0] DEBUG org.apache.zookeeper.server.FinalRequestProcessor - Processing request:: sessionid:0x16659354f920001 type:create cxid:0x20 zxid:0x15 txntype:1 reqpath:n/a
18:22:39.846 [SyncThread:0] DEBUG org.apache.zookeeper.server.FinalRequestProcessor - sessionid:0x16659354f920001 type:create cxid:0x20 zxid:0x15 txntype:1 reqpath:n/a
18:22:39.847 [main-SendThread(127.0.0.1:52398)] DEBUG org.apache.zookeeper.ClientCnxn - Reading reply sessionid:0x16659354f920001, packet:: clientPath:null serverPath:null finished:false header:: 32,1  replyHeader:: 32,21,0  request:: '/cluster,,v{s{31,s{'world,'anyone}}},0  response:: '/cluster 
18:22:39.851 [SyncThread:0] DEBUG org.apache.zookeeper.server.FinalRequestProcessor - Processing request:: sessionid:0x16659354f920001 type:create cxid:0x21 zxid:0x16 txntype:1 reqpath:n/a
18:22:39.852 [SyncThread:0] DEBUG org.apache.zookeeper.server.FinalRequestProcessor - sessionid:0x16659354f920001 type:create cxid:0x21 zxid:0x16 txntype:1 reqpath:n/a
18:22:39.854 [main-SendThread(127.0.0.1:52398)] DEBUG org.apache.zookeeper.ClientCnxn - Reading reply sessionid:0x16659354f920001, packet:: clientPath:null serverPath:null finished:false header:: 33,1  replyHeader:: 33,22,0  request:: '/cluster/id,#7b2276657273696f6e223a2231222c226964223a225654326674355a43536d57634553754935526b727467227d,v{s{31,s{'world,'anyone}}},0  response:: '/cluster/id 
18:22:39.945 [main] DEBUG org.apache.kafka.common.metrics.Metrics - Added sensor with name Fetch-delayQueue
18:22:39.952 [main] DEBUG org.apache.kafka.common.metrics.Metrics - Added sensor with name Produce-delayQueue
18:22:39.957 [main] DEBUG org.apache.kafka.common.metrics.Metrics - Added sensor with name Request-delayQueue
18:22:40.034 [SyncThread:0] DEBUG org.apache.zookeeper.server.FinalRequestProcessor - Processing request:: sessionid:0x16659354f920001 type:getChildren cxid:0x22 zxid:0xfffffffffffffffe txntype:unknown reqpath:/brokers/topics
18:22:40.034 [SyncThread:0] DEBUG org.apache.zookeeper.server.FinalRequestProcessor - sessionid:0x16659354f920001 type:getChildren cxid:0x22 zxid:0xfffffffffffffffe txntype:unknown reqpath:/brokers/topics
18:22:40.036 [main-SendThread(127.0.0.1:52398)] DEBUG org.apache.zookeeper.ClientCnxn - Reading reply sessionid:0x16659354f920001, packet:: clientPath:null serverPath:null finished:false header:: 34,8  replyHeader:: 34,22,0  request:: '/brokers/topics,F  response:: v{} 
18:22:40.076 [SyncThread:0] DEBUG org.apache.zookeeper.server.FinalRequestProcessor - Processing request:: sessionid:0x16659354f920000 type:ping cxid:0xfffffffffffffffe zxid:0xfffffffffffffffe txntype:unknown reqpath:n/a
18:22:40.076 [SyncThread:0] DEBUG org.apache.zookeeper.server.FinalRequestProcessor - sessionid:0x16659354f920000 type:ping cxid:0xfffffffffffffffe zxid:0xfffffffffffffffe txntype:unknown reqpath:n/a
18:22:40.077 [main-SendThread(127.0.0.1:52398)] DEBUG org.apache.zookeeper.ClientCnxn - Got ping response for sessionid: 0x16659354f920000 after 3ms
18:22:40.236 [main] WARN com.yammer.metrics.reporting.JmxReporter - Error processing kafka.log:type=LogManager,name=LogDirectoryOffline,logDirectory=C:\Users\ashru\AppData\Local\Temp\kafka-7887906714852656977
javax.management.MalformedObjectNameException: Invalid character ':' in value part of property
	at javax.management.ObjectName.construct(ObjectName.java:618)
	at javax.management.ObjectName.<init>(ObjectName.java:1382)
	at com.yammer.metrics.reporting.JmxReporter.onMetricAdded(JmxReporter.java:395)
	at com.yammer.metrics.core.MetricsRegistry.notifyMetricAdded(MetricsRegistry.java:516)
	at com.yammer.metrics.core.MetricsRegistry.getOrAdd(MetricsRegistry.java:491)
	at com.yammer.metrics.core.MetricsRegistry.newGauge(MetricsRegistry.java:79)
	at kafka.metrics.KafkaMetricsGroup$class.newGauge(KafkaMetricsGroup.scala:74)
	at kafka.log.LogManager.newGauge(LogManager.scala:50)
	at kafka.log.LogManager$$anonfun$6.apply(LogManager.scala:117)
	at kafka.log.LogManager$$anonfun$6.apply(LogManager.scala:116)
	at scala.collection.mutable.ResizableArray$class.foreach(ResizableArray.scala:59)
	at scala.collection.mutable.ArrayBuffer.foreach(ArrayBuffer.scala:48)
	at kafka.log.LogManager.<init>(LogManager.scala:116)
	at kafka.log.LogManager$.apply(LogManager.scala:799)
	at kafka.server.KafkaServer.startup(KafkaServer.scala:222)
	at kafka.utils.TestUtils$.createServer(TestUtils.scala:133)
	at kafka.utils.TestUtils.createServer(TestUtils.scala)
	at org.springframework.kafka.test.rule.KafkaEmbedded.before(KafkaEmbedded.java:206)
	at org.junit.rules.ExternalResource$1.evaluate(ExternalResource.java:46)
	at org.junit.rules.RunRules.evaluate(RunRules.java:20)
	at org.junit.runners.ParentRunner.run(ParentRunner.java:363)
	at org.springframework.test.context.junit4.SpringJUnit4ClassRunner.run(SpringJUnit4ClassRunner.java:190)
	at org.apache.maven.surefire.junit4.JUnit4Provider.execute(JUnit4Provider.java:369)
	at org.apache.maven.surefire.junit4.JUnit4Provider.executeWithRerun(JUnit4Provider.java:275)
	at org.apache.maven.surefire.junit4.JUnit4Provider.executeTestSet(JUnit4Provider.java:239)
	at org.apache.maven.surefire.junit4.JUnit4Provider.invoke(JUnit4Provider.java:160)
	at org.apache.maven.surefire.booter.ForkedBooter.invokeProviderInSameClassLoader(ForkedBooter.java:373)
	at org.apache.maven.surefire.booter.ForkedBooter.runSuitesInProcess(ForkedBooter.java:334)
	at org.apache.maven.surefire.booter.ForkedBooter.execute(ForkedBooter.java:119)
	at org.apache.maven.surefire.booter.ForkedBooter.main(ForkedBooter.java:407)
18:22:40.285 [main] DEBUG org.apache.kafka.common.metrics.Metrics - Added sensor with name MemoryPoolUtilization
18:22:40.909 [main] DEBUG org.apache.kafka.common.metrics.Metrics - Added sensor with name connections-closed:listener-PLAINTEXTnetworkProcessor-0
18:22:40.911 [main] DEBUG org.apache.kafka.common.metrics.Metrics - Added sensor with name connections-created:listener-PLAINTEXTnetworkProcessor-0
18:22:40.912 [main] DEBUG org.apache.kafka.common.metrics.Metrics - Added sensor with name successful-authentication:listener-PLAINTEXTnetworkProcessor-0
18:22:40.912 [main] DEBUG org.apache.kafka.common.metrics.Metrics - Added sensor with name failed-authentication:listener-PLAINTEXTnetworkProcessor-0
18:22:40.913 [main] DEBUG org.apache.kafka.common.metrics.Metrics - Added sensor with name bytes-sent-received:listener-PLAINTEXTnetworkProcessor-0
18:22:40.914 [main] DEBUG org.apache.kafka.common.metrics.Metrics - Added sensor with name bytes-sent:listener-PLAINTEXTnetworkProcessor-0
18:22:40.916 [main] DEBUG org.apache.kafka.common.metrics.Metrics - Added sensor with name bytes-received:listener-PLAINTEXTnetworkProcessor-0
18:22:40.917 [main] DEBUG org.apache.kafka.common.metrics.Metrics - Added sensor with name select-time:listener-PLAINTEXTnetworkProcessor-0
18:22:40.918 [main] DEBUG org.apache.kafka.common.metrics.Metrics - Added sensor with name io-time:listener-PLAINTEXTnetworkProcessor-0
18:22:40.925 [main] DEBUG org.apache.kafka.common.metrics.Metrics - Added sensor with name connections-closed:listener-PLAINTEXTnetworkProcessor-1
18:22:40.925 [main] DEBUG org.apache.kafka.common.metrics.Metrics - Added sensor with name connections-created:listener-PLAINTEXTnetworkProcessor-1
18:22:40.926 [main] DEBUG org.apache.kafka.common.metrics.Metrics - Added sensor with name successful-authentication:listener-PLAINTEXTnetworkProcessor-1
18:22:40.926 [main] DEBUG org.apache.kafka.common.metrics.Metrics - Added sensor with name failed-authentication:listener-PLAINTEXTnetworkProcessor-1
18:22:40.926 [main] DEBUG org.apache.kafka.common.metrics.Metrics - Added sensor with name bytes-sent-received:listener-PLAINTEXTnetworkProcessor-1
18:22:40.927 [main] DEBUG org.apache.kafka.common.metrics.Metrics - Added sensor with name bytes-sent:listener-PLAINTEXTnetworkProcessor-1
18:22:40.928 [main] DEBUG org.apache.kafka.common.metrics.Metrics - Added sensor with name bytes-received:listener-PLAINTEXTnetworkProcessor-1
18:22:40.929 [main] DEBUG org.apache.kafka.common.metrics.Metrics - Added sensor with name select-time:listener-PLAINTEXTnetworkProcessor-1
18:22:40.930 [main] DEBUG org.apache.kafka.common.metrics.Metrics - Added sensor with name io-time:listener-PLAINTEXTnetworkProcessor-1
18:22:40.932 [main] DEBUG org.apache.kafka.common.metrics.Metrics - Added sensor with name connections-closed:listener-PLAINTEXTnetworkProcessor-2
18:22:40.933 [main] DEBUG org.apache.kafka.common.metrics.Metrics - Added sensor with name connections-created:listener-PLAINTEXTnetworkProcessor-2
18:22:40.934 [main] DEBUG org.apache.kafka.common.metrics.Metrics - Added sensor with name successful-authentication:listener-PLAINTEXTnetworkProcessor-2
18:22:40.934 [main] DEBUG org.apache.kafka.common.metrics.Metrics - Added sensor with name failed-authentication:listener-PLAINTEXTnetworkProcessor-2
18:22:40.935 [main] DEBUG org.apache.kafka.common.metrics.Metrics - Added sensor with name bytes-sent-received:listener-PLAINTEXTnetworkProcessor-2
18:22:40.935 [main] DEBUG org.apache.kafka.common.metrics.Metrics - Added sensor with name bytes-sent:listener-PLAINTEXTnetworkProcessor-2
18:22:40.936 [main] DEBUG org.apache.kafka.common.metrics.Metrics - Added sensor with name bytes-received:listener-PLAINTEXTnetworkProcessor-2
18:22:40.936 [main] DEBUG org.apache.kafka.common.metrics.Metrics - Added sensor with name select-time:listener-PLAINTEXTnetworkProcessor-2
18:22:40.937 [main] DEBUG org.apache.kafka.common.metrics.Metrics - Added sensor with name io-time:listener-PLAINTEXTnetworkProcessor-2
18:22:41.128 [SyncThread:0] DEBUG org.apache.zookeeper.server.FinalRequestProcessor - Processing request:: sessionid:0x16659354f920001 type:exists cxid:0x23 zxid:0xfffffffffffffffe txntype:unknown reqpath:/controller
18:22:41.128 [SyncThread:0] DEBUG org.apache.zookeeper.server.FinalRequestProcessor - sessionid:0x16659354f920001 type:exists cxid:0x23 zxid:0xfffffffffffffffe txntype:unknown reqpath:/controller
18:22:41.131 [main-SendThread(127.0.0.1:52398)] DEBUG org.apache.zookeeper.ClientCnxn - Reading reply sessionid:0x16659354f920001, packet:: clientPath:null serverPath:null finished:false header:: 35,3  replyHeader:: 35,22,-101  request:: '/controller,T  response::  
18:22:41.131 [SyncThread:0] DEBUG org.apache.zookeeper.server.FinalRequestProcessor - Processing request:: sessionid:0x16659354f920001 type:ping cxid:0xfffffffffffffffe zxid:0xfffffffffffffffe txntype:unknown reqpath:n/a
18:22:41.131 [SyncThread:0] DEBUG org.apache.zookeeper.server.FinalRequestProcessor - sessionid:0x16659354f920001 type:ping cxid:0xfffffffffffffffe zxid:0xfffffffffffffffe txntype:unknown reqpath:n/a
18:22:41.131 [controller-event-thread] DEBUG org.I0Itec.zkclient.ZkClient - Subscribed data changes for /controller
18:22:41.132 [main-SendThread(127.0.0.1:52398)] DEBUG org.apache.zookeeper.ClientCnxn - Got ping response for sessionid: 0x16659354f920001 after 4ms
18:22:41.133 [SyncThread:0] DEBUG org.apache.zookeeper.server.FinalRequestProcessor - Processing request:: sessionid:0x16659354f920001 type:getData cxid:0x24 zxid:0xfffffffffffffffe txntype:unknown reqpath:/controller
18:22:41.133 [SyncThread:0] DEBUG org.apache.zookeeper.server.FinalRequestProcessor - sessionid:0x16659354f920001 type:getData cxid:0x24 zxid:0xfffffffffffffffe txntype:unknown reqpath:/controller
18:22:41.134 [main-SendThread(127.0.0.1:52398)] DEBUG org.apache.zookeeper.ClientCnxn - Reading reply sessionid:0x16659354f920001, packet:: clientPath:null serverPath:null finished:false header:: 36,4  replyHeader:: 36,22,-101  request:: '/controller,T  response::  
18:22:41.149 [SyncThread:0] DEBUG org.apache.zookeeper.server.FinalRequestProcessor - Processing request:: sessionid:0x16659354f920001 type:create cxid:0x25 zxid:0x17 txntype:1 reqpath:n/a
18:22:41.152 [main-SendThread(127.0.0.1:52398)] DEBUG org.apache.zookeeper.ClientCnxn - Got notification sessionid:0x16659354f920001
18:22:41.152 [SyncThread:0] DEBUG org.apache.zookeeper.server.FinalRequestProcessor - sessionid:0x16659354f920001 type:create cxid:0x25 zxid:0x17 txntype:1 reqpath:n/a
18:22:41.152 [main-SendThread(127.0.0.1:52398)] DEBUG org.apache.zookeeper.ClientCnxn - Got WatchedEvent state:SyncConnected type:NodeCreated path:/controller for sessionid 0x16659354f920001
18:22:41.152 [main-EventThread] DEBUG org.I0Itec.zkclient.ZkClient - Received event: WatchedEvent state:SyncConnected type:NodeCreated path:/controller
18:22:41.152 [SyncThread:0] DEBUG org.apache.zookeeper.server.FinalRequestProcessor - Processing request:: sessionid:0x16659354f920001 type:getData cxid:0x26 zxid:0xfffffffffffffffe txntype:unknown reqpath:/brokers/topics/__consumer_offsets
18:22:41.153 [SyncThread:0] DEBUG org.apache.zookeeper.server.FinalRequestProcessor - sessionid:0x16659354f920001 type:getData cxid:0x26 zxid:0xfffffffffffffffe txntype:unknown reqpath:/brokers/topics/__consumer_offsets
18:22:41.153 [main-EventThread] DEBUG org.I0Itec.zkclient.ZkEventThread - New event: ZkEvent[Data of /controller changed sent to kafka.controller.ControllerChangeListener@dfe059]
18:22:41.153 [main-EventThread] DEBUG org.I0Itec.zkclient.ZkClient - Leaving process event
18:22:41.153 [main-SendThread(127.0.0.1:52398)] DEBUG org.apache.zookeeper.ClientCnxn - Reading reply sessionid:0x16659354f920001, packet:: clientPath:/controller serverPath:/controller finished:false header:: 37,1  replyHeader:: 37,23,0  request:: '/controller,#7b2276657273696f6e223a312c2262726f6b65726964223a302c2274696d657374616d70223a2231353339303934393631313331227d,v{s{31,s{'world,'anyone}}},1  response:: '/controller 
18:22:41.153 [ZkClient-EventThread-22-127.0.0.1:52398] DEBUG org.I0Itec.zkclient.ZkEventThread - Delivering event #1 ZkEvent[Data of /controller changed sent to kafka.controller.ControllerChangeListener@dfe059]
18:22:41.154 [main-SendThread(127.0.0.1:52398)] DEBUG org.apache.zookeeper.ClientCnxn - Reading reply sessionid:0x16659354f920001, packet:: clientPath:null serverPath:null finished:false header:: 38,4  replyHeader:: 38,23,-101  request:: '/brokers/topics/__consumer_offsets,F  response::  
18:22:41.155 [SyncThread:0] DEBUG org.apache.zookeeper.server.FinalRequestProcessor - Processing request:: sessionid:0x16659354f920001 type:exists cxid:0x27 zxid:0xfffffffffffffffe txntype:unknown reqpath:/controller
18:22:41.156 [SyncThread:0] DEBUG org.apache.zookeeper.server.FinalRequestProcessor - sessionid:0x16659354f920001 type:exists cxid:0x27 zxid:0xfffffffffffffffe txntype:unknown reqpath:/controller
18:22:41.157 [main-SendThread(127.0.0.1:52398)] DEBUG org.apache.zookeeper.ClientCnxn - Reading reply sessionid:0x16659354f920001, packet:: clientPath:null serverPath:null finished:false header:: 39,3  replyHeader:: 39,23,0  request:: '/controller,T  response:: s{23,23,1539094961143,1539094961143,0,0,0,100866127165521921,54,0,23} 
18:22:41.158 [SyncThread:0] DEBUG org.apache.zookeeper.server.FinalRequestProcessor - Processing request:: sessionid:0x16659354f920001 type:getData cxid:0x28 zxid:0xfffffffffffffffe txntype:unknown reqpath:/controller
18:22:41.159 [SyncThread:0] DEBUG org.apache.zookeeper.server.FinalRequestProcessor - sessionid:0x16659354f920001 type:getData cxid:0x28 zxid:0xfffffffffffffffe txntype:unknown reqpath:/controller
18:22:41.160 [main-SendThread(127.0.0.1:52398)] DEBUG org.apache.zookeeper.ClientCnxn - Reading reply sessionid:0x16659354f920001, packet:: clientPath:null serverPath:null finished:false header:: 40,4  replyHeader:: 40,23,0  request:: '/controller,T  response:: #7b2276657273696f6e223a312c2262726f6b65726964223a302c2274696d657374616d70223a2231353339303934393631313331227d,s{23,23,1539094961143,1539094961143,0,0,0,100866127165521921,54,0,23} 
18:22:41.166 [SyncThread:0] DEBUG org.apache.zookeeper.server.FinalRequestProcessor - Processing request:: sessionid:0x16659354f920001 type:exists cxid:0x29 zxid:0xfffffffffffffffe txntype:unknown reqpath:/controller_epoch
18:22:41.166 [SyncThread:0] DEBUG org.apache.zookeeper.server.FinalRequestProcessor - sessionid:0x16659354f920001 type:exists cxid:0x29 zxid:0xfffffffffffffffe txntype:unknown reqpath:/controller_epoch
18:22:41.167 [main-SendThread(127.0.0.1:52398)] DEBUG org.apache.zookeeper.ClientCnxn - Reading reply sessionid:0x16659354f920001, packet:: clientPath:null serverPath:null finished:false header:: 41,3  replyHeader:: 41,23,-101  request:: '/controller_epoch,F  response::  
18:22:41.177 [ProcessThread(sid:0 cport:52398):] INFO org.apache.zookeeper.server.PrepRequestProcessor - Got user-level KeeperException when processing sessionid:0x16659354f920001 type:setData cxid:0x2a zxid:0x18 txntype:-1 reqpath:n/a Error Path:/controller_epoch Error:KeeperErrorCode = NoNode for /controller_epoch
18:22:41.183 [SyncThread:0] DEBUG org.apache.zookeeper.server.FinalRequestProcessor - Processing request:: sessionid:0x16659354f920001 type:setData cxid:0x2a zxid:0x18 txntype:-1 reqpath:n/a
18:22:41.183 [SyncThread:0] DEBUG org.apache.zookeeper.server.DataTree - Ignoring processTxn failure hdr: -1 : error: -101
18:22:41.185 [main-SendThread(127.0.0.1:52398)] DEBUG org.apache.zookeeper.ClientCnxn - Reading reply sessionid:0x16659354f920001, packet:: clientPath:null serverPath:null finished:false header:: 42,5  replyHeader:: 42,24,-101  request:: '/controller_epoch,#31,0  response::  
18:22:41.196 [SyncThread:0] DEBUG org.apache.zookeeper.server.FinalRequestProcessor - Processing request:: sessionid:0x16659354f920001 type:create cxid:0x2b zxid:0x19 txntype:1 reqpath:n/a
18:22:41.198 [SyncThread:0] DEBUG org.apache.zookeeper.server.FinalRequestProcessor - sessionid:0x16659354f920001 type:create cxid:0x2b zxid:0x19 txntype:1 reqpath:n/a
18:22:41.200 [SyncThread:0] DEBUG org.apache.zookeeper.server.FinalRequestProcessor - Processing request:: sessionid:0x16659354f920001 type:getData cxid:0x2c zxid:0xfffffffffffffffe txntype:unknown reqpath:/latest_producer_id_block
18:22:41.200 [main-SendThread(127.0.0.1:52398)] DEBUG org.apache.zookeeper.ClientCnxn - Reading reply sessionid:0x16659354f920001, packet:: clientPath:null serverPath:null finished:false header:: 43,1  replyHeader:: 43,25,0  request:: '/controller_epoch,#31,v{s{31,s{'world,'anyone}}},0  response:: '/controller_epoch 
18:22:41.200 [SyncThread:0] DEBUG org.apache.zookeeper.server.FinalRequestProcessor - sessionid:0x16659354f920001 type:getData cxid:0x2c zxid:0xfffffffffffffffe txntype:unknown reqpath:/latest_producer_id_block
18:22:41.201 [main-SendThread(127.0.0.1:52398)] DEBUG org.apache.zookeeper.ClientCnxn - Reading reply sessionid:0x16659354f920001, packet:: clientPath:null serverPath:null finished:false header:: 44,4  replyHeader:: 44,25,0  request:: '/latest_producer_id_block,F  response:: ,s{18,18,1539094959378,1539094959378,0,0,0,0,0,0,18} 
18:22:41.204 [SyncThread:0] DEBUG org.apache.zookeeper.server.FinalRequestProcessor - Processing request:: sessionid:0x16659354f920001 type:getChildren cxid:0x2d zxid:0xfffffffffffffffe txntype:unknown reqpath:/log_dir_event_notification
18:22:41.205 [SyncThread:0] DEBUG org.apache.zookeeper.server.FinalRequestProcessor - sessionid:0x16659354f920001 type:getChildren cxid:0x2d zxid:0xfffffffffffffffe txntype:unknown reqpath:/log_dir_event_notification
18:22:41.205 [main-SendThread(127.0.0.1:52398)] DEBUG org.apache.zookeeper.ClientCnxn - Reading reply sessionid:0x16659354f920001, packet:: clientPath:null serverPath:null finished:false header:: 45,8  replyHeader:: 45,25,0  request:: '/log_dir_event_notification,F  response:: v{} 
18:22:41.207 [SyncThread:0] DEBUG org.apache.zookeeper.server.FinalRequestProcessor - Processing request:: sessionid:0x16659354f920001 type:exists cxid:0x2e zxid:0xfffffffffffffffe txntype:unknown reqpath:/admin/reassign_partitions
18:22:41.207 [SyncThread:0] DEBUG org.apache.zookeeper.server.FinalRequestProcessor - sessionid:0x16659354f920001 type:exists cxid:0x2e zxid:0xfffffffffffffffe txntype:unknown reqpath:/admin/reassign_partitions
18:22:41.208 [main-SendThread(127.0.0.1:52398)] DEBUG org.apache.zookeeper.ClientCnxn - Reading reply sessionid:0x16659354f920001, packet:: clientPath:null serverPath:null finished:false header:: 46,3  replyHeader:: 46,25,-101  request:: '/admin/reassign_partitions,T  response::  
18:22:41.208 [controller-event-thread] DEBUG org.I0Itec.zkclient.ZkClient - Subscribed data changes for /admin/reassign_partitions
18:22:41.216 [SyncThread:0] DEBUG org.apache.zookeeper.server.FinalRequestProcessor - Processing request:: sessionid:0x16659354f920001 type:setData cxid:0x2f zxid:0x1a txntype:5 reqpath:n/a
18:22:41.216 [SyncThread:0] DEBUG org.apache.zookeeper.server.FinalRequestProcessor - sessionid:0x16659354f920001 type:setData cxid:0x2f zxid:0x1a txntype:5 reqpath:n/a
18:22:41.217 [SyncThread:0] DEBUG org.apache.zookeeper.server.FinalRequestProcessor - Processing request:: sessionid:0x16659354f920001 type:exists cxid:0x30 zxid:0xfffffffffffffffe txntype:unknown reqpath:/isr_change_notification
18:22:41.217 [SyncThread:0] DEBUG org.apache.zookeeper.server.FinalRequestProcessor - sessionid:0x16659354f920001 type:exists cxid:0x30 zxid:0xfffffffffffffffe txntype:unknown reqpath:/isr_change_notification
18:22:41.218 [main-SendThread(127.0.0.1:52398)] DEBUG org.apache.zookeeper.ClientCnxn - Reading reply sessionid:0x16659354f920001, packet:: clientPath:null serverPath:null finished:false header:: 47,5  replyHeader:: 47,26,0  request:: '/latest_producer_id_block,#7b2276657273696f6e223a312c2262726f6b6572223a302c22626c6f636b5f7374617274223a2230222c22626c6f636b5f656e64223a22393939227d,0  response:: s{18,26,1539094959378,1539094961209,1,0,0,0,60,0,18} 
18:22:41.219 [main-SendThread(127.0.0.1:52398)] DEBUG org.apache.zookeeper.ClientCnxn - Reading reply sessionid:0x16659354f920001, packet:: clientPath:null serverPath:null finished:false header:: 48,3  replyHeader:: 48,26,0  request:: '/isr_change_notification,T  response:: s{17,17,1539094959367,1539094959367,0,0,0,0,0,0,17} 
18:22:41.221 [SyncThread:0] DEBUG org.apache.zookeeper.server.FinalRequestProcessor - Processing request:: sessionid:0x16659354f920001 type:getChildren cxid:0x31 zxid:0xfffffffffffffffe txntype:unknown reqpath:/isr_change_notification
18:22:41.221 [SyncThread:0] DEBUG org.apache.zookeeper.server.FinalRequestProcessor - sessionid:0x16659354f920001 type:getChildren cxid:0x31 zxid:0xfffffffffffffffe txntype:unknown reqpath:/isr_change_notification
18:22:41.223 [main-SendThread(127.0.0.1:52398)] DEBUG org.apache.zookeeper.ClientCnxn - Reading reply sessionid:0x16659354f920001, packet:: clientPath:null serverPath:null finished:false header:: 49,8  replyHeader:: 49,26,0  request:: '/isr_change_notification,T  response:: v{} 
18:22:41.226 [SyncThread:0] DEBUG org.apache.zookeeper.server.FinalRequestProcessor - Processing request:: sessionid:0x16659354f920001 type:exists cxid:0x32 zxid:0xfffffffffffffffe txntype:unknown reqpath:/admin/preferred_replica_election
18:22:41.227 [SyncThread:0] DEBUG org.apache.zookeeper.server.FinalRequestProcessor - sessionid:0x16659354f920001 type:exists cxid:0x32 zxid:0xfffffffffffffffe txntype:unknown reqpath:/admin/preferred_replica_election
18:22:41.229 [main-SendThread(127.0.0.1:52398)] DEBUG org.apache.zookeeper.ClientCnxn - Reading reply sessionid:0x16659354f920001, packet:: clientPath:null serverPath:null finished:false header:: 50,3  replyHeader:: 50,26,-101  request:: '/admin/preferred_replica_election,T  response::  
18:22:41.230 [controller-event-thread] DEBUG org.I0Itec.zkclient.ZkClient - Subscribed data changes for /admin/preferred_replica_election
18:22:41.232 [SyncThread:0] DEBUG org.apache.zookeeper.server.FinalRequestProcessor - Processing request:: sessionid:0x16659354f920001 type:exists cxid:0x33 zxid:0xfffffffffffffffe txntype:unknown reqpath:/brokers/topics
18:22:41.232 [SyncThread:0] DEBUG org.apache.zookeeper.server.FinalRequestProcessor - sessionid:0x16659354f920001 type:exists cxid:0x33 zxid:0xfffffffffffffffe txntype:unknown reqpath:/brokers/topics
18:22:41.233 [main-SendThread(127.0.0.1:52398)] DEBUG org.apache.zookeeper.ClientCnxn - Reading reply sessionid:0x16659354f920001, packet:: clientPath:null serverPath:null finished:false header:: 51,3  replyHeader:: 51,26,0  request:: '/brokers/topics,T  response:: s{7,7,1539094959279,1539094959279,0,0,0,0,0,0,7} 
18:22:41.234 [SyncThread:0] DEBUG org.apache.zookeeper.server.FinalRequestProcessor - Processing request:: sessionid:0x16659354f920001 type:getData cxid:0x34 zxid:0xfffffffffffffffe txntype:unknown reqpath:/brokers/topics/__transaction_state
18:22:41.234 [SyncThread:0] DEBUG org.apache.zookeeper.server.FinalRequestProcessor - sessionid:0x16659354f920001 type:getData cxid:0x34 zxid:0xfffffffffffffffe txntype:unknown reqpath:/brokers/topics/__transaction_state
18:22:41.235 [SyncThread:0] DEBUG org.apache.zookeeper.server.FinalRequestProcessor - Processing request:: sessionid:0x16659354f920001 type:getChildren cxid:0x35 zxid:0xfffffffffffffffe txntype:unknown reqpath:/brokers/topics
18:22:41.235 [main-SendThread(127.0.0.1:52398)] DEBUG org.apache.zookeeper.ClientCnxn - Reading reply sessionid:0x16659354f920001, packet:: clientPath:null serverPath:null finished:false header:: 52,4  replyHeader:: 52,26,-101  request:: '/brokers/topics/__transaction_state,F  response::  
18:22:41.236 [SyncThread:0] DEBUG org.apache.zookeeper.server.FinalRequestProcessor - sessionid:0x16659354f920001 type:getChildren cxid:0x35 zxid:0xfffffffffffffffe txntype:unknown reqpath:/brokers/topics
18:22:41.238 [main-SendThread(127.0.0.1:52398)] DEBUG org.apache.zookeeper.ClientCnxn - Reading reply sessionid:0x16659354f920001, packet:: clientPath:null serverPath:null finished:false header:: 53,8  replyHeader:: 53,26,0  request:: '/brokers/topics,T  response:: v{} 
18:22:41.245 [SyncThread:0] DEBUG org.apache.zookeeper.server.FinalRequestProcessor - Processing request:: sessionid:0x16659354f920001 type:exists cxid:0x36 zxid:0xfffffffffffffffe txntype:unknown reqpath:/admin/delete_topics
18:22:41.245 [SyncThread:0] DEBUG org.apache.zookeeper.server.FinalRequestProcessor - sessionid:0x16659354f920001 type:exists cxid:0x36 zxid:0xfffffffffffffffe txntype:unknown reqpath:/admin/delete_topics
18:22:41.246 [main] DEBUG org.apache.kafka.common.metrics.Metrics - Added sensor with name connections-closed:
18:22:41.247 [main-SendThread(127.0.0.1:52398)] DEBUG org.apache.zookeeper.ClientCnxn - Reading reply sessionid:0x16659354f920001, packet:: clientPath:null serverPath:null finished:false header:: 54,3  replyHeader:: 54,26,0  request:: '/admin/delete_topics,T  response:: s{15,15,1539094959347,1539094959347,0,0,0,0,0,0,15} 
18:22:41.248 [main] DEBUG org.apache.kafka.common.metrics.Metrics - Added sensor with name connections-created:
18:22:41.249 [SyncThread:0] DEBUG org.apache.zookeeper.server.FinalRequestProcessor - Processing request:: sessionid:0x16659354f920001 type:getChildren cxid:0x37 zxid:0xfffffffffffffffe txntype:unknown reqpath:/admin/delete_topics
18:22:41.249 [SyncThread:0] DEBUG org.apache.zookeeper.server.FinalRequestProcessor - sessionid:0x16659354f920001 type:getChildren cxid:0x37 zxid:0xfffffffffffffffe txntype:unknown reqpath:/admin/delete_topics
18:22:41.249 [main] DEBUG org.apache.kafka.common.metrics.Metrics - Added sensor with name successful-authentication:
18:22:41.250 [main] DEBUG org.apache.kafka.common.metrics.Metrics - Added sensor with name failed-authentication:
18:22:41.250 [main-SendThread(127.0.0.1:52398)] DEBUG org.apache.zookeeper.ClientCnxn - Reading reply sessionid:0x16659354f920001, packet:: clientPath:null serverPath:null finished:false header:: 55,8  replyHeader:: 55,26,0  request:: '/admin/delete_topics,T  response:: v{} 
18:22:41.253 [main] DEBUG org.apache.kafka.common.metrics.Metrics - Added sensor with name bytes-sent-received:
18:22:41.254 [main] DEBUG org.apache.kafka.common.metrics.Metrics - Added sensor with name bytes-sent:
18:22:41.254 [SyncThread:0] DEBUG org.apache.zookeeper.server.FinalRequestProcessor - Processing request:: sessionid:0x16659354f920001 type:exists cxid:0x38 zxid:0xfffffffffffffffe txntype:unknown reqpath:/brokers/ids
18:22:41.255 [SyncThread:0] DEBUG org.apache.zookeeper.server.FinalRequestProcessor - sessionid:0x16659354f920001 type:exists cxid:0x38 zxid:0xfffffffffffffffe txntype:unknown reqpath:/brokers/ids
18:22:41.259 [main-SendThread(127.0.0.1:52398)] DEBUG org.apache.zookeeper.ClientCnxn - Reading reply sessionid:0x16659354f920001, packet:: clientPath:null serverPath:null finished:false header:: 56,3  replyHeader:: 56,26,0  request:: '/brokers/ids,T  response:: s{6,6,1539094959272,1539094959272,0,0,0,0,0,0,6} 
18:22:41.259 [ZkClient-EventThread-22-127.0.0.1:52398] DEBUG org.I0Itec.zkclient.ZkEventThread - Delivering event #1 done
18:22:41.261 [main] DEBUG org.apache.kafka.common.metrics.Metrics - Added sensor with name bytes-received:
18:22:41.264 [main] DEBUG org.apache.kafka.common.metrics.Metrics - Added sensor with name select-time:
18:22:41.265 [SyncThread:0] DEBUG org.apache.zookeeper.server.FinalRequestProcessor - Processing request:: sessionid:0x16659354f920001 type:getChildren cxid:0x39 zxid:0xfffffffffffffffe txntype:unknown reqpath:/brokers/ids
18:22:41.265 [SyncThread:0] DEBUG org.apache.zookeeper.server.FinalRequestProcessor - sessionid:0x16659354f920001 type:getChildren cxid:0x39 zxid:0xfffffffffffffffe txntype:unknown reqpath:/brokers/ids
18:22:41.268 [main-SendThread(127.0.0.1:52398)] DEBUG org.apache.zookeeper.ClientCnxn - Reading reply sessionid:0x16659354f920001, packet:: clientPath:null serverPath:null finished:false header:: 57,8  replyHeader:: 57,26,0  request:: '/brokers/ids,T  response:: v{} 
18:22:41.270 [main] DEBUG org.apache.kafka.common.metrics.Metrics - Added sensor with name io-time:
18:22:41.272 [SyncThread:0] DEBUG org.apache.zookeeper.server.FinalRequestProcessor - Processing request:: sessionid:0x16659354f920001 type:exists cxid:0x3a zxid:0xfffffffffffffffe txntype:unknown reqpath:/log_dir_event_notification
18:22:41.272 [SyncThread:0] DEBUG org.apache.zookeeper.server.FinalRequestProcessor - sessionid:0x16659354f920001 type:exists cxid:0x3a zxid:0xfffffffffffffffe txntype:unknown reqpath:/log_dir_event_notification
18:22:41.274 [main-SendThread(127.0.0.1:52398)] DEBUG org.apache.zookeeper.ClientCnxn - Reading reply sessionid:0x16659354f920001, packet:: clientPath:null serverPath:null finished:false header:: 58,3  replyHeader:: 58,26,0  request:: '/log_dir_event_notification,T  response:: s{19,19,1539094959387,1539094959387,0,0,0,0,0,0,19} 
18:22:41.277 [SyncThread:0] DEBUG org.apache.zookeeper.server.FinalRequestProcessor - Processing request:: sessionid:0x16659354f920001 type:getChildren cxid:0x3b zxid:0xfffffffffffffffe txntype:unknown reqpath:/log_dir_event_notification
18:22:41.277 [SyncThread:0] DEBUG org.apache.zookeeper.server.FinalRequestProcessor - sessionid:0x16659354f920001 type:getChildren cxid:0x3b zxid:0xfffffffffffffffe txntype:unknown reqpath:/log_dir_event_notification
18:22:41.279 [main-SendThread(127.0.0.1:52398)] DEBUG org.apache.zookeeper.ClientCnxn - Reading reply sessionid:0x16659354f920001, packet:: clientPath:null serverPath:null finished:false header:: 59,8  replyHeader:: 59,26,0  request:: '/log_dir_event_notification,T  response:: v{} 
18:22:41.281 [SyncThread:0] DEBUG org.apache.zookeeper.server.FinalRequestProcessor - Processing request:: sessionid:0x16659354f920001 type:getChildren cxid:0x3c zxid:0xfffffffffffffffe txntype:unknown reqpath:/brokers/ids
18:22:41.281 [SyncThread:0] DEBUG org.apache.zookeeper.server.FinalRequestProcessor - sessionid:0x16659354f920001 type:getChildren cxid:0x3c zxid:0xfffffffffffffffe txntype:unknown reqpath:/brokers/ids
18:22:41.283 [main-SendThread(127.0.0.1:52398)] DEBUG org.apache.zookeeper.ClientCnxn - Reading reply sessionid:0x16659354f920001, packet:: clientPath:null serverPath:null finished:false header:: 60,8  replyHeader:: 60,26,0  request:: '/brokers/ids,T  response:: v{} 
18:22:41.290 [SyncThread:0] DEBUG org.apache.zookeeper.server.FinalRequestProcessor - Processing request:: sessionid:0x16659354f920001 type:getChildren cxid:0x3d zxid:0xfffffffffffffffe txntype:unknown reqpath:/brokers/topics
18:22:41.291 [SyncThread:0] DEBUG org.apache.zookeeper.server.FinalRequestProcessor - sessionid:0x16659354f920001 type:getChildren cxid:0x3d zxid:0xfffffffffffffffe txntype:unknown reqpath:/brokers/topics
18:22:41.292 [main-SendThread(127.0.0.1:52398)] DEBUG org.apache.zookeeper.ClientCnxn - Reading reply sessionid:0x16659354f920001, packet:: clientPath:null serverPath:null finished:false header:: 61,8  replyHeader:: 61,26,0  request:: '/brokers/topics,T  response:: v{} 
18:22:41.309 [SyncThread:0] DEBUG org.apache.zookeeper.server.FinalRequestProcessor - Processing request:: sessionid:0x16659354f920001 type:getData cxid:0x3e zxid:0xfffffffffffffffe txntype:unknown reqpath:/admin/reassign_partitions
18:22:41.309 [SyncThread:0] DEBUG org.apache.zookeeper.server.FinalRequestProcessor - sessionid:0x16659354f920001 type:getData cxid:0x3e zxid:0xfffffffffffffffe txntype:unknown reqpath:/admin/reassign_partitions
18:22:41.310 [main-SendThread(127.0.0.1:52398)] DEBUG org.apache.zookeeper.ClientCnxn - Reading reply sessionid:0x16659354f920001, packet:: clientPath:null serverPath:null finished:false header:: 62,4  replyHeader:: 62,26,-101  request:: '/admin/reassign_partitions,T  response::  
18:22:41.337 [SyncThread:0] DEBUG org.apache.zookeeper.server.FinalRequestProcessor - Processing request:: sessionid:0x16659354f920001 type:getChildren cxid:0x3f zxid:0xfffffffffffffffe txntype:unknown reqpath:/admin/delete_topics
18:22:41.338 [SyncThread:0] DEBUG org.apache.zookeeper.server.FinalRequestProcessor - sessionid:0x16659354f920001 type:getChildren cxid:0x3f zxid:0xfffffffffffffffe txntype:unknown reqpath:/admin/delete_topics
18:22:41.340 [main-SendThread(127.0.0.1:52398)] DEBUG org.apache.zookeeper.ClientCnxn - Reading reply sessionid:0x16659354f920001, packet:: clientPath:null serverPath:null finished:false header:: 63,8  replyHeader:: 63,26,0  request:: '/admin/delete_topics,T  response:: v{} 
18:22:41.374 [SyncThread:0] DEBUG org.apache.zookeeper.server.FinalRequestProcessor - Processing request:: sessionid:0x16659354f920001 type:exists cxid:0x40 zxid:0xfffffffffffffffe txntype:unknown reqpath:/config/changes
18:22:41.374 [SyncThread:0] DEBUG org.apache.zookeeper.server.FinalRequestProcessor - sessionid:0x16659354f920001 type:exists cxid:0x40 zxid:0xfffffffffffffffe txntype:unknown reqpath:/config/changes
18:22:41.375 [main-SendThread(127.0.0.1:52398)] DEBUG org.apache.zookeeper.ClientCnxn - Reading reply sessionid:0x16659354f920001, packet:: clientPath:null serverPath:null finished:false header:: 64,3  replyHeader:: 64,26,0  request:: '/config/changes,F  response:: s{10,10,1539094959302,1539094959302,0,0,0,0,0,0,10} 
18:22:41.378 [SyncThread:0] DEBUG org.apache.zookeeper.server.FinalRequestProcessor - Processing request:: sessionid:0x16659354f920001 type:exists cxid:0x41 zxid:0xfffffffffffffffe txntype:unknown reqpath:/config/changes
18:22:41.378 [SyncThread:0] DEBUG org.apache.zookeeper.server.FinalRequestProcessor - sessionid:0x16659354f920001 type:exists cxid:0x41 zxid:0xfffffffffffffffe txntype:unknown reqpath:/config/changes
18:22:41.380 [main-SendThread(127.0.0.1:52398)] DEBUG org.apache.zookeeper.ClientCnxn - Reading reply sessionid:0x16659354f920001, packet:: clientPath:null serverPath:null finished:false header:: 65,3  replyHeader:: 65,26,0  request:: '/config/changes,T  response:: s{10,10,1539094959302,1539094959302,0,0,0,0,0,0,10} 
18:22:41.382 [SyncThread:0] DEBUG org.apache.zookeeper.server.FinalRequestProcessor - Processing request:: sessionid:0x16659354f920001 type:getChildren cxid:0x42 zxid:0xfffffffffffffffe txntype:unknown reqpath:/config/changes
18:22:41.382 [SyncThread:0] DEBUG org.apache.zookeeper.server.FinalRequestProcessor - sessionid:0x16659354f920001 type:getChildren cxid:0x42 zxid:0xfffffffffffffffe txntype:unknown reqpath:/config/changes
18:22:41.384 [main-SendThread(127.0.0.1:52398)] DEBUG org.apache.zookeeper.ClientCnxn - Reading reply sessionid:0x16659354f920001, packet:: clientPath:null serverPath:null finished:false header:: 66,8  replyHeader:: 66,26,0  request:: '/config/changes,T  response:: v{} 
18:22:41.387 [SyncThread:0] DEBUG org.apache.zookeeper.server.FinalRequestProcessor - Processing request:: sessionid:0x16659354f920001 type:getChildren cxid:0x43 zxid:0xfffffffffffffffe txntype:unknown reqpath:/config/changes
18:22:41.387 [SyncThread:0] DEBUG org.apache.zookeeper.server.FinalRequestProcessor - sessionid:0x16659354f920001 type:getChildren cxid:0x43 zxid:0xfffffffffffffffe txntype:unknown reqpath:/config/changes
18:22:41.388 [main-SendThread(127.0.0.1:52398)] DEBUG org.apache.zookeeper.ClientCnxn - Reading reply sessionid:0x16659354f920001, packet:: clientPath:null serverPath:null finished:false header:: 67,8  replyHeader:: 67,26,0  request:: '/config/changes,T  response:: v{} 
18:22:41.398 [SyncThread:0] DEBUG org.apache.zookeeper.server.FinalRequestProcessor - Processing request:: sessionid:0x16659354f920001 type:getChildren cxid:0x44 zxid:0xfffffffffffffffe txntype:unknown reqpath:/config/topics
18:22:41.399 [SyncThread:0] DEBUG org.apache.zookeeper.server.FinalRequestProcessor - sessionid:0x16659354f920001 type:getChildren cxid:0x44 zxid:0xfffffffffffffffe txntype:unknown reqpath:/config/topics
18:22:41.403 [main-SendThread(127.0.0.1:52398)] DEBUG org.apache.zookeeper.ClientCnxn - Reading reply sessionid:0x16659354f920001, packet:: clientPath:null serverPath:null finished:false header:: 68,8  replyHeader:: 68,26,0  request:: '/config/topics,F  response:: v{} 
18:22:41.410 [SyncThread:0] DEBUG org.apache.zookeeper.server.FinalRequestProcessor - Processing request:: sessionid:0x16659354f920001 type:getChildren cxid:0x45 zxid:0xfffffffffffffffe txntype:unknown reqpath:/config/clients
18:22:41.410 [SyncThread:0] DEBUG org.apache.zookeeper.server.FinalRequestProcessor - sessionid:0x16659354f920001 type:getChildren cxid:0x45 zxid:0xfffffffffffffffe txntype:unknown reqpath:/config/clients
18:22:41.412 [main-SendThread(127.0.0.1:52398)] DEBUG org.apache.zookeeper.ClientCnxn - Reading reply sessionid:0x16659354f920001, packet:: clientPath:null serverPath:null finished:false header:: 69,8  replyHeader:: 69,26,0  request:: '/config/clients,F  response:: v{} 
18:22:41.413 [SyncThread:0] DEBUG org.apache.zookeeper.server.FinalRequestProcessor - Processing request:: sessionid:0x16659354f920001 type:getData cxid:0x46 zxid:0xfffffffffffffffe txntype:unknown reqpath:/admin/preferred_replica_election
18:22:41.414 [SyncThread:0] DEBUG org.apache.zookeeper.server.FinalRequestProcessor - sessionid:0x16659354f920001 type:getData cxid:0x46 zxid:0xfffffffffffffffe txntype:unknown reqpath:/admin/preferred_replica_election
18:22:41.416 [main-SendThread(127.0.0.1:52398)] DEBUG org.apache.zookeeper.ClientCnxn - Reading reply sessionid:0x16659354f920001, packet:: clientPath:null serverPath:null finished:false header:: 70,4  replyHeader:: 70,26,-101  request:: '/admin/preferred_replica_election,T  response::  
18:22:41.416 [SyncThread:0] DEBUG org.apache.zookeeper.server.FinalRequestProcessor - Processing request:: sessionid:0x16659354f920001 type:getChildren cxid:0x47 zxid:0xfffffffffffffffe txntype:unknown reqpath:/config/users
18:22:41.416 [SyncThread:0] DEBUG org.apache.zookeeper.server.FinalRequestProcessor - sessionid:0x16659354f920001 type:getChildren cxid:0x47 zxid:0xfffffffffffffffe txntype:unknown reqpath:/config/users
18:22:41.417 [main-SendThread(127.0.0.1:52398)] DEBUG org.apache.zookeeper.ClientCnxn - Reading reply sessionid:0x16659354f920001, packet:: clientPath:null serverPath:null finished:false header:: 71,8  replyHeader:: 71,26,-101  request:: '/config/users,F  response:: v{} 
18:22:41.420 [SyncThread:0] DEBUG org.apache.zookeeper.server.FinalRequestProcessor - Processing request:: sessionid:0x16659354f920001 type:getChildren cxid:0x48 zxid:0xfffffffffffffffe txntype:unknown reqpath:/config/users
18:22:41.420 [SyncThread:0] DEBUG org.apache.zookeeper.server.FinalRequestProcessor - sessionid:0x16659354f920001 type:getChildren cxid:0x48 zxid:0xfffffffffffffffe txntype:unknown reqpath:/config/users
18:22:41.421 [main-SendThread(127.0.0.1:52398)] DEBUG org.apache.zookeeper.ClientCnxn - Reading reply sessionid:0x16659354f920001, packet:: clientPath:null serverPath:null finished:false header:: 72,8  replyHeader:: 72,26,-101  request:: '/config/users,F  response:: v{} 
18:22:41.424 [SyncThread:0] DEBUG org.apache.zookeeper.server.FinalRequestProcessor - Processing request:: sessionid:0x16659354f920001 type:getChildren cxid:0x49 zxid:0xfffffffffffffffe txntype:unknown reqpath:/config/brokers
18:22:41.424 [SyncThread:0] DEBUG org.apache.zookeeper.server.FinalRequestProcessor - sessionid:0x16659354f920001 type:getChildren cxid:0x49 zxid:0xfffffffffffffffe txntype:unknown reqpath:/config/brokers
18:22:41.425 [main-SendThread(127.0.0.1:52398)] DEBUG org.apache.zookeeper.ClientCnxn - Reading reply sessionid:0x16659354f920001, packet:: clientPath:null serverPath:null finished:false header:: 73,8  replyHeader:: 73,26,-101  request:: '/config/brokers,F  response:: v{} 
18:22:41.433 [ProcessThread(sid:0 cport:52398):] INFO org.apache.zookeeper.server.PrepRequestProcessor - Got user-level KeeperException when processing sessionid:0x16659354f920001 type:delete cxid:0x4a zxid:0x1b txntype:-1 reqpath:n/a Error Path:/admin/preferred_replica_election Error:KeeperErrorCode = NoNode for /admin/preferred_replica_election
18:22:41.439 [SyncThread:0] DEBUG org.apache.zookeeper.server.FinalRequestProcessor - Processing request:: sessionid:0x16659354f920001 type:delete cxid:0x4a zxid:0x1b txntype:-1 reqpath:n/a
18:22:41.439 [SyncThread:0] DEBUG org.apache.zookeeper.server.DataTree - Ignoring processTxn failure hdr: -1 : error: -101
18:22:41.440 [main-SendThread(127.0.0.1:52398)] DEBUG org.apache.zookeeper.ClientCnxn - Reading reply sessionid:0x16659354f920001, packet:: clientPath:null serverPath:null finished:false header:: 74,2  replyHeader:: 74,27,-101  request:: '/admin/preferred_replica_election,-1  response:: null
18:22:41.455 [ProcessThread(sid:0 cport:52398):] INFO org.apache.zookeeper.server.PrepRequestProcessor - Got user-level KeeperException when processing sessionid:0x16659354f920001 type:create cxid:0x4b zxid:0x1c txntype:-1 reqpath:n/a Error Path:/brokers Error:KeeperErrorCode = NodeExists for /brokers
18:22:41.455 [ProcessThread(sid:0 cport:52398):] INFO org.apache.zookeeper.server.PrepRequestProcessor - Got user-level KeeperException when processing sessionid:0x16659354f920001 type:create cxid:0x4c zxid:0x1d txntype:-1 reqpath:n/a Error Path:/brokers/ids Error:KeeperErrorCode = NodeExists for /brokers/ids
18:22:41.458 [SyncThread:0] DEBUG org.apache.zookeeper.server.FinalRequestProcessor - Processing request:: sessionid:0x16659354f920001 type:create cxid:0x4b zxid:0x1c txntype:-1 reqpath:n/a
18:22:41.458 [SyncThread:0] DEBUG org.apache.zookeeper.server.DataTree - Ignoring processTxn failure hdr: -1 : error: -110
18:22:41.459 [main-SendThread(127.0.0.1:52398)] DEBUG org.apache.zookeeper.ClientCnxn - Reading reply sessionid:0x16659354f920001, packet:: clientPath:/brokers serverPath:/brokers finished:false header:: 75,1  replyHeader:: 75,28,-110  request:: '/brokers,,v{s{31,s{'world,'anyone}}},0  response::  
18:22:41.461 [SyncThread:0] DEBUG org.apache.zookeeper.server.FinalRequestProcessor - Processing request:: sessionid:0x16659354f920001 type:create cxid:0x4c zxid:0x1d txntype:-1 reqpath:n/a
18:22:41.462 [SyncThread:0] DEBUG org.apache.zookeeper.server.DataTree - Ignoring processTxn failure hdr: -1 : error: -110
18:22:41.463 [SyncThread:0] DEBUG org.apache.zookeeper.server.FinalRequestProcessor - Processing request:: sessionid:0x16659354f920001 type:create cxid:0x4d zxid:0x1e txntype:1 reqpath:n/a
18:22:41.464 [main-SendThread(127.0.0.1:52398)] DEBUG org.apache.zookeeper.ClientCnxn - Reading reply sessionid:0x16659354f920001, packet:: clientPath:/brokers/ids serverPath:/brokers/ids finished:false header:: 76,1  replyHeader:: 76,29,-110  request:: '/brokers/ids,,v{s{31,s{'world,'anyone}}},0  response::  
18:22:41.465 [SyncThread:0] DEBUG org.apache.zookeeper.server.FinalRequestProcessor - sessionid:0x16659354f920001 type:create cxid:0x4d zxid:0x1e txntype:1 reqpath:n/a
18:22:41.465 [main-SendThread(127.0.0.1:52398)] DEBUG org.apache.zookeeper.ClientCnxn - Got notification sessionid:0x16659354f920001
18:22:41.465 [main-SendThread(127.0.0.1:52398)] DEBUG org.apache.zookeeper.ClientCnxn - Got WatchedEvent state:SyncConnected type:NodeChildrenChanged path:/brokers/ids for sessionid 0x16659354f920001
18:22:41.466 [main-EventThread] DEBUG org.I0Itec.zkclient.ZkClient - Received event: WatchedEvent state:SyncConnected type:NodeChildrenChanged path:/brokers/ids
18:22:41.467 [main-SendThread(127.0.0.1:52398)] DEBUG org.apache.zookeeper.ClientCnxn - Reading reply sessionid:0x16659354f920001, packet:: clientPath:/brokers/ids/0 serverPath:/brokers/ids/0 finished:false header:: 77,1  replyHeader:: 77,30,0  request:: '/brokers/ids/0,#7b226c697374656e65725f73656375726974795f70726f746f636f6c5f6d6170223a7b22504c41494e54455854223a22504c41494e54455854227d2c22656e64706f696e7473223a5b22504c41494e544558543a2f2f6c6f63616c686f73743a3532343133225d2c226a6d785f706f7274223a2d312c22686f7374223a226c6f63616c686f7374222c2274696d657374616d70223a2231353339303934393631343437222c22706f7274223a35323431332c2276657273696f6e223a347d,v{s{31,s{'world,'anyone}}},1  response:: '/brokers/ids/0 
18:22:41.467 [main-EventThread] DEBUG org.I0Itec.zkclient.ZkEventThread - New event: ZkEvent[Children of /brokers/ids changed sent to kafka.controller.BrokerChangeListener@10af986]
18:22:41.467 [main-EventThread] DEBUG org.I0Itec.zkclient.ZkClient - Leaving process event
18:22:41.467 [ZkClient-EventThread-22-127.0.0.1:52398] DEBUG org.I0Itec.zkclient.ZkEventThread - Delivering event #2 ZkEvent[Children of /brokers/ids changed sent to kafka.controller.BrokerChangeListener@10af986]
18:22:41.469 [SyncThread:0] DEBUG org.apache.zookeeper.server.FinalRequestProcessor - Processing request:: sessionid:0x16659354f920001 type:exists cxid:0x4e zxid:0xfffffffffffffffe txntype:unknown reqpath:/brokers/ids
18:22:41.470 [SyncThread:0] DEBUG org.apache.zookeeper.server.FinalRequestProcessor - sessionid:0x16659354f920001 type:exists cxid:0x4e zxid:0xfffffffffffffffe txntype:unknown reqpath:/brokers/ids
18:22:41.472 [main-SendThread(127.0.0.1:52398)] DEBUG org.apache.zookeeper.ClientCnxn - Reading reply sessionid:0x16659354f920001, packet:: clientPath:null serverPath:null finished:false header:: 78,3  replyHeader:: 78,30,0  request:: '/brokers/ids,T  response:: s{6,6,1539094959272,1539094959272,0,1,0,0,0,1,30} 
18:22:41.474 [SyncThread:0] DEBUG org.apache.zookeeper.server.FinalRequestProcessor - Processing request:: sessionid:0x16659354f920001 type:getChildren cxid:0x4f zxid:0xfffffffffffffffe txntype:unknown reqpath:/brokers/ids
18:22:41.474 [SyncThread:0] DEBUG org.apache.zookeeper.server.FinalRequestProcessor - sessionid:0x16659354f920001 type:getChildren cxid:0x4f zxid:0xfffffffffffffffe txntype:unknown reqpath:/brokers/ids
18:22:41.477 [main-SendThread(127.0.0.1:52398)] DEBUG org.apache.zookeeper.ClientCnxn - Reading reply sessionid:0x16659354f920001, packet:: clientPath:null serverPath:null finished:false header:: 79,8  replyHeader:: 79,30,0  request:: '/brokers/ids,T  response:: v{'0} 
18:22:41.479 [ZkClient-EventThread-22-127.0.0.1:52398] DEBUG org.I0Itec.zkclient.ZkEventThread - Delivering event #2 done
18:22:41.482 [SyncThread:0] DEBUG org.apache.zookeeper.server.FinalRequestProcessor - Processing request:: sessionid:0x16659354f920001 type:getChildren cxid:0x50 zxid:0xfffffffffffffffe txntype:unknown reqpath:/brokers/ids
18:22:41.482 [SyncThread:0] DEBUG org.apache.zookeeper.server.FinalRequestProcessor - sessionid:0x16659354f920001 type:getChildren cxid:0x50 zxid:0xfffffffffffffffe txntype:unknown reqpath:/brokers/ids
18:22:41.483 [main-SendThread(127.0.0.1:52398)] DEBUG org.apache.zookeeper.ClientCnxn - Reading reply sessionid:0x16659354f920001, packet:: clientPath:null serverPath:null finished:false header:: 80,8  replyHeader:: 80,30,0  request:: '/brokers/ids,T  response:: v{'0} 
18:22:41.484 [SyncThread:0] DEBUG org.apache.zookeeper.server.FinalRequestProcessor - Processing request:: sessionid:0x16659354f920001 type:getData cxid:0x51 zxid:0xfffffffffffffffe txntype:unknown reqpath:/brokers/ids/0
18:22:41.485 [SyncThread:0] DEBUG org.apache.zookeeper.server.FinalRequestProcessor - sessionid:0x16659354f920001 type:getData cxid:0x51 zxid:0xfffffffffffffffe txntype:unknown reqpath:/brokers/ids/0
18:22:41.491 [main-SendThread(127.0.0.1:52398)] DEBUG org.apache.zookeeper.ClientCnxn - Reading reply sessionid:0x16659354f920001, packet:: clientPath:null serverPath:null finished:false header:: 81,4  replyHeader:: 81,30,0  request:: '/brokers/ids/0,F  response:: #7b226c697374656e65725f73656375726974795f70726f746f636f6c5f6d6170223a7b22504c41494e54455854223a22504c41494e54455854227d2c22656e64706f696e7473223a5b22504c41494e544558543a2f2f6c6f63616c686f73743a3532343133225d2c226a6d785f706f7274223a2d312c22686f7374223a226c6f63616c686f7374222c2274696d657374616d70223a2231353339303934393631343437222c22706f7274223a35323431332c2276657273696f6e223a347d,s{30,30,1539094961455,1539094961455,0,0,0,100866127165521921,190,0,30} 
18:22:41.510 [main] INFO org.apache.kafka.common.utils.AppInfoParser - Kafka version : 1.0.0
18:22:41.510 [main] INFO org.apache.kafka.common.utils.AppInfoParser - Kafka commitId : aaa7af6d4a11b29d
18:22:41.521 [main] INFO org.apache.kafka.clients.admin.AdminClientConfig - AdminClientConfig values: 
	bootstrap.servers = [127.0.0.1:52413]
	client.id = 
	connections.max.idle.ms = 300000
	metadata.max.age.ms = 300000
	metric.reporters = []
	metrics.num.samples = 2
	metrics.recording.level = INFO
	metrics.sample.window.ms = 30000
	receive.buffer.bytes = 65536
	reconnect.backoff.max.ms = 1000
	reconnect.backoff.ms = 50
	request.timeout.ms = 120000
	retries = 5
	retry.backoff.ms = 100
	sasl.jaas.config = null
	sasl.kerberos.kinit.cmd = /usr/bin/kinit
	sasl.kerberos.min.time.before.relogin = 60000
	sasl.kerberos.service.name = null
	sasl.kerberos.ticket.renew.jitter = 0.05
	sasl.kerberos.ticket.renew.window.factor = 0.8
	sasl.mechanism = GSSAPI
	security.protocol = PLAINTEXT
	send.buffer.bytes = 131072
	ssl.cipher.suites = null
	ssl.enabled.protocols = [TLSv1.2, TLSv1.1, TLSv1]
	ssl.endpoint.identification.algorithm = null
	ssl.key.password = null
	ssl.keymanager.algorithm = SunX509
	ssl.keystore.location = null
	ssl.keystore.password = null
	ssl.keystore.type = JKS
	ssl.protocol = TLS
	ssl.provider = null
	ssl.secure.random.implementation = null
	ssl.trustmanager.algorithm = PKIX
	ssl.truststore.location = null
	ssl.truststore.password = null
	ssl.truststore.type = JKS

18:22:41.526 [controller-event-thread] DEBUG org.apache.kafka.common.metrics.Metrics - Added sensor with name connections-closed:broker-id-0
18:22:41.528 [controller-event-thread] DEBUG org.apache.kafka.common.metrics.Metrics - Added sensor with name connections-created:broker-id-0
18:22:41.529 [controller-event-thread] DEBUG org.apache.kafka.common.metrics.Metrics - Added sensor with name successful-authentication:broker-id-0
18:22:41.531 [controller-event-thread] DEBUG org.apache.kafka.common.metrics.Metrics - Added sensor with name failed-authentication:broker-id-0
18:22:41.532 [controller-event-thread] DEBUG org.apache.kafka.common.metrics.Metrics - Added sensor with name bytes-sent-received:broker-id-0
18:22:41.533 [controller-event-thread] DEBUG org.apache.kafka.common.metrics.Metrics - Added sensor with name bytes-sent:broker-id-0
18:22:41.534 [controller-event-thread] DEBUG org.apache.kafka.common.metrics.Metrics - Added sensor with name bytes-received:broker-id-0
18:22:41.536 [controller-event-thread] DEBUG org.apache.kafka.common.metrics.Metrics - Added sensor with name select-time:broker-id-0
18:22:41.537 [controller-event-thread] DEBUG org.apache.kafka.common.metrics.Metrics - Added sensor with name io-time:broker-id-0
18:22:41.554 [main] DEBUG org.apache.kafka.common.metrics.Metrics - Added sensor with name connections-closed:
18:22:41.555 [main] DEBUG org.apache.kafka.common.metrics.Metrics - Added sensor with name connections-created:
18:22:41.555 [main] DEBUG org.apache.kafka.common.metrics.Metrics - Added sensor with name successful-authentication:
18:22:41.557 [main] DEBUG org.apache.kafka.common.metrics.Metrics - Added sensor with name failed-authentication:
18:22:41.559 [main] DEBUG org.apache.kafka.common.metrics.Metrics - Added sensor with name bytes-sent-received:
18:22:41.560 [main] DEBUG org.apache.kafka.common.metrics.Metrics - Added sensor with name bytes-sent:
18:22:41.560 [main] DEBUG org.apache.kafka.common.metrics.Metrics - Added sensor with name bytes-received:
18:22:41.561 [main] DEBUG org.apache.kafka.common.metrics.Metrics - Added sensor with name select-time:
18:22:41.562 [main] DEBUG org.apache.kafka.common.metrics.Metrics - Added sensor with name io-time:
18:22:41.565 [Controller-0-to-broker-0-send-thread] DEBUG org.apache.kafka.clients.NetworkClient - [Controller id=0, targetBrokerId=0] Initiating connection to node localhost:52413 (id: 0 rack: null)
18:22:41.567 [main] DEBUG org.apache.kafka.clients.Metadata - Updated cluster metadata version 1 to Cluster(id = null, nodes = [127.0.0.1:52413 (id: -1 rack: null)], partitions = [])
18:22:41.576 [main] INFO org.apache.kafka.common.utils.AppInfoParser - Kafka version : 1.0.0
18:22:41.577 [main] INFO org.apache.kafka.common.utils.AppInfoParser - Kafka commitId : aaa7af6d4a11b29d
18:22:41.579 [main] DEBUG org.apache.kafka.clients.admin.KafkaAdminClient - [AdminClient clientId=adminclient-1] Kafka admin client initialized
18:22:41.590 [Controller-0-to-broker-0-send-thread] DEBUG org.apache.kafka.common.network.Selector - [Controller id=0, targetBrokerId=0] Created socket with SO_RCVBUF = 65536, SO_SNDBUF = 65536, SO_TIMEOUT = 0 to node 0
18:22:41.590 [Controller-0-to-broker-0-send-thread] DEBUG org.apache.kafka.clients.NetworkClient - [Controller id=0, targetBrokerId=0] Completed connection to node 0. Ready.
18:22:41.606 [main] DEBUG org.apache.kafka.clients.admin.KafkaAdminClient - [AdminClient clientId=adminclient-1] Queueing Call(callName=createTopics, deadlineMs=1539095081604) with a timeout 120000 ms from now.
18:22:41.668 [kafka-admin-client-thread | adminclient-1] DEBUG org.apache.kafka.clients.NetworkClient - [AdminClient clientId=adminclient-1] Initialize connection to node 127.0.0.1:52413 (id: -1 rack: null) for sending metadata request
18:22:41.668 [kafka-admin-client-thread | adminclient-1] DEBUG org.apache.kafka.clients.NetworkClient - [AdminClient clientId=adminclient-1] Initiating connection to node 127.0.0.1:52413 (id: -1 rack: null)
18:22:41.671 [kafka-admin-client-thread | adminclient-1] DEBUG org.apache.kafka.common.metrics.Metrics - Added sensor with name node--1.bytes-sent
18:22:41.673 [kafka-admin-client-thread | adminclient-1] DEBUG org.apache.kafka.common.metrics.Metrics - Added sensor with name node--1.bytes-received
18:22:41.674 [kafka-admin-client-thread | adminclient-1] DEBUG org.apache.kafka.common.metrics.Metrics - Added sensor with name node--1.latency
18:22:41.674 [kafka-admin-client-thread | adminclient-1] DEBUG org.apache.kafka.common.network.Selector - [AdminClient clientId=adminclient-1] Created socket with SO_RCVBUF = 65536, SO_SNDBUF = 131072, SO_TIMEOUT = 0 to node -1
18:22:41.675 [kafka-admin-client-thread | adminclient-1] DEBUG org.apache.kafka.clients.NetworkClient - [AdminClient clientId=adminclient-1] Completed connection to node -1. Fetching API versions.
18:22:41.675 [kafka-admin-client-thread | adminclient-1] DEBUG org.apache.kafka.clients.NetworkClient - [AdminClient clientId=adminclient-1] Initiating API versions fetch from node -1.
18:22:41.691 [kafka-admin-client-thread | adminclient-1] DEBUG org.apache.kafka.clients.NetworkClient - [AdminClient clientId=adminclient-1] Recorded API versions for node -1: (Produce(0): 0 to 5 [usable: 5], Fetch(1): 0 to 6 [usable: 6], ListOffsets(2): 0 to 2 [usable: 2], Metadata(3): 0 to 5 [usable: 5], LeaderAndIsr(4): 0 to 1 [usable: 1], StopReplica(5): 0 [usable: 0], UpdateMetadata(6): 0 to 4 [usable: 4], ControlledShutdown(7): 0 to 1 [usable: 1], OffsetCommit(8): 0 to 3 [usable: 3], OffsetFetch(9): 0 to 3 [usable: 3], FindCoordinator(10): 0 to 1 [usable: 1], JoinGroup(11): 0 to 2 [usable: 2], Heartbeat(12): 0 to 1 [usable: 1], LeaveGroup(13): 0 to 1 [usable: 1], SyncGroup(14): 0 to 1 [usable: 1], DescribeGroups(15): 0 to 1 [usable: 1], ListGroups(16): 0 to 1 [usable: 1], SaslHandshake(17): 0 to 1 [usable: 1], ApiVersions(18): 0 to 1 [usable: 1], CreateTopics(19): 0 to 2 [usable: 2], DeleteTopics(20): 0 to 1 [usable: 1], DeleteRecords(21): 0 [usable: 0], InitProducerId(22): 0 [usable: 0], OffsetForLeaderEpoch(23): 0 [usable: 0], AddPartitionsToTxn(24): 0 [usable: 0], AddOffsetsToTxn(25): 0 [usable: 0], EndTxn(26): 0 [usable: 0], WriteTxnMarkers(27): 0 [usable: 0], TxnOffsetCommit(28): 0 [usable: 0], DescribeAcls(29): 0 [usable: 0], CreateAcls(30): 0 [usable: 0], DeleteAcls(31): 0 [usable: 0], DescribeConfigs(32): 0 [usable: 0], AlterConfigs(33): 0 [usable: 0], AlterReplicaLogDirs(34): 0 [usable: 0], DescribeLogDirs(35): 0 [usable: 0], SaslAuthenticate(36): 0 [usable: 0], CreatePartitions(37): 0 [usable: 0])
18:22:41.693 [kafka-admin-client-thread | adminclient-1] DEBUG org.apache.kafka.clients.NetworkClient - [AdminClient clientId=adminclient-1] Sending metadata request (type=MetadataRequest, topics=) to node 127.0.0.1:52413 (id: -1 rack: null)
18:22:41.707 [kafka-admin-client-thread | adminclient-1] DEBUG org.apache.kafka.clients.Metadata - Updated cluster metadata version 2 to Cluster(id = VT2ft5ZCSmWcESuI5Rkrtg, nodes = [localhost:52413 (id: 0 rack: null)], partitions = [])
18:22:41.708 [kafka-admin-client-thread | adminclient-1] DEBUG org.apache.kafka.clients.NetworkClient - [AdminClient clientId=adminclient-1] Initiating connection to node localhost:52413 (id: 0 rack: null)
18:22:41.710 [kafka-admin-client-thread | adminclient-1] DEBUG org.apache.kafka.common.metrics.Metrics - Added sensor with name node-0.bytes-sent
18:22:41.711 [kafka-admin-client-thread | adminclient-1] DEBUG org.apache.kafka.common.metrics.Metrics - Added sensor with name node-0.bytes-received
18:22:41.712 [kafka-admin-client-thread | adminclient-1] DEBUG org.apache.kafka.common.metrics.Metrics - Added sensor with name node-0.latency
18:22:41.713 [kafka-admin-client-thread | adminclient-1] DEBUG org.apache.kafka.common.network.Selector - [AdminClient clientId=adminclient-1] Created socket with SO_RCVBUF = 65536, SO_SNDBUF = 131072, SO_TIMEOUT = 0 to node 0
18:22:41.713 [kafka-admin-client-thread | adminclient-1] DEBUG org.apache.kafka.clients.NetworkClient - [AdminClient clientId=adminclient-1] Completed connection to node 0. Fetching API versions.
18:22:41.713 [kafka-admin-client-thread | adminclient-1] DEBUG org.apache.kafka.clients.NetworkClient - [AdminClient clientId=adminclient-1] Initiating API versions fetch from node 0.
18:22:41.718 [kafka-admin-client-thread | adminclient-1] DEBUG org.apache.kafka.clients.NetworkClient - [AdminClient clientId=adminclient-1] Recorded API versions for node 0: (Produce(0): 0 to 5 [usable: 5], Fetch(1): 0 to 6 [usable: 6], ListOffsets(2): 0 to 2 [usable: 2], Metadata(3): 0 to 5 [usable: 5], LeaderAndIsr(4): 0 to 1 [usable: 1], StopReplica(5): 0 [usable: 0], UpdateMetadata(6): 0 to 4 [usable: 4], ControlledShutdown(7): 0 to 1 [usable: 1], OffsetCommit(8): 0 to 3 [usable: 3], OffsetFetch(9): 0 to 3 [usable: 3], FindCoordinator(10): 0 to 1 [usable: 1], JoinGroup(11): 0 to 2 [usable: 2], Heartbeat(12): 0 to 1 [usable: 1], LeaveGroup(13): 0 to 1 [usable: 1], SyncGroup(14): 0 to 1 [usable: 1], DescribeGroups(15): 0 to 1 [usable: 1], ListGroups(16): 0 to 1 [usable: 1], SaslHandshake(17): 0 to 1 [usable: 1], ApiVersions(18): 0 to 1 [usable: 1], CreateTopics(19): 0 to 2 [usable: 2], DeleteTopics(20): 0 to 1 [usable: 1], DeleteRecords(21): 0 [usable: 0], InitProducerId(22): 0 [usable: 0], OffsetForLeaderEpoch(23): 0 [usable: 0], AddPartitionsToTxn(24): 0 [usable: 0], AddOffsetsToTxn(25): 0 [usable: 0], EndTxn(26): 0 [usable: 0], WriteTxnMarkers(27): 0 [usable: 0], TxnOffsetCommit(28): 0 [usable: 0], DescribeAcls(29): 0 [usable: 0], CreateAcls(30): 0 [usable: 0], DeleteAcls(31): 0 [usable: 0], DescribeConfigs(32): 0 [usable: 0], AlterConfigs(33): 0 [usable: 0], AlterReplicaLogDirs(34): 0 [usable: 0], DescribeLogDirs(35): 0 [usable: 0], SaslAuthenticate(36): 0 [usable: 0], CreatePartitions(37): 0 [usable: 0])
18:22:41.754 [SyncThread:0] DEBUG org.apache.zookeeper.server.FinalRequestProcessor - Processing request:: sessionid:0x16659354f920001 type:exists cxid:0x52 zxid:0xfffffffffffffffe txntype:unknown reqpath:/brokers/topics/bigDataRequestTopic
18:22:41.754 [SyncThread:0] DEBUG org.apache.zookeeper.server.FinalRequestProcessor - sessionid:0x16659354f920001 type:exists cxid:0x52 zxid:0xfffffffffffffffe txntype:unknown reqpath:/brokers/topics/bigDataRequestTopic
18:22:41.755 [main-SendThread(127.0.0.1:52398)] DEBUG org.apache.zookeeper.ClientCnxn - Reading reply sessionid:0x16659354f920001, packet:: clientPath:null serverPath:null finished:false header:: 82,3  replyHeader:: 82,30,-101  request:: '/brokers/topics/bigDataRequestTopic,F  response::  
18:22:41.767 [ProcessThread(sid:0 cport:52398):] INFO org.apache.zookeeper.server.PrepRequestProcessor - Got user-level KeeperException when processing sessionid:0x16659354f920001 type:setData cxid:0x53 zxid:0x1f txntype:-1 reqpath:n/a Error Path:/config/topics/bigDataRequestTopic Error:KeeperErrorCode = NoNode for /config/topics/bigDataRequestTopic
18:22:41.777 [SyncThread:0] DEBUG org.apache.zookeeper.server.FinalRequestProcessor - Processing request:: sessionid:0x16659354f920001 type:setData cxid:0x53 zxid:0x1f txntype:-1 reqpath:n/a
18:22:41.777 [SyncThread:0] DEBUG org.apache.zookeeper.server.DataTree - Ignoring processTxn failure hdr: -1 : error: -101
18:22:41.778 [main-SendThread(127.0.0.1:52398)] DEBUG org.apache.zookeeper.ClientCnxn - Reading reply sessionid:0x16659354f920001, packet:: clientPath:null serverPath:null finished:false header:: 83,5  replyHeader:: 83,31,-101  request:: '/config/topics/bigDataRequestTopic,#7b2276657273696f6e223a312c22636f6e666967223a7b7d7d,-1  response::  
18:22:41.781 [ProcessThread(sid:0 cport:52398):] INFO org.apache.zookeeper.server.PrepRequestProcessor - Got user-level KeeperException when processing sessionid:0x16659354f920001 type:create cxid:0x54 zxid:0x20 txntype:-1 reqpath:n/a Error Path:/config/topics Error:KeeperErrorCode = NodeExists for /config/topics
18:22:41.791 [SyncThread:0] DEBUG org.apache.zookeeper.server.FinalRequestProcessor - Processing request:: sessionid:0x16659354f920001 type:create cxid:0x54 zxid:0x20 txntype:-1 reqpath:n/a
18:22:41.791 [SyncThread:0] DEBUG org.apache.zookeeper.server.DataTree - Ignoring processTxn failure hdr: -1 : error: -110
18:22:41.792 [main-SendThread(127.0.0.1:52398)] DEBUG org.apache.zookeeper.ClientCnxn - Reading reply sessionid:0x16659354f920001, packet:: clientPath:null serverPath:null finished:false header:: 84,1  replyHeader:: 84,32,-110  request:: '/config/topics,,v{s{31,s{'world,'anyone}}},0  response::  
18:22:41.795 [SyncThread:0] DEBUG org.apache.zookeeper.server.FinalRequestProcessor - Processing request:: sessionid:0x16659354f920001 type:create cxid:0x55 zxid:0x21 txntype:1 reqpath:n/a
18:22:41.796 [SyncThread:0] DEBUG org.apache.zookeeper.server.FinalRequestProcessor - sessionid:0x16659354f920001 type:create cxid:0x55 zxid:0x21 txntype:1 reqpath:n/a
18:22:41.798 [main-SendThread(127.0.0.1:52398)] DEBUG org.apache.zookeeper.ClientCnxn - Reading reply sessionid:0x16659354f920001, packet:: clientPath:null serverPath:null finished:false header:: 85,1  replyHeader:: 85,33,0  request:: '/config/topics/bigDataRequestTopic,#7b2276657273696f6e223a312c22636f6e666967223a7b7d7d,v{s{31,s{'world,'anyone}}},0  response:: '/config/topics/bigDataRequestTopic 
18:22:41.806 [SyncThread:0] DEBUG org.apache.zookeeper.server.FinalRequestProcessor - Processing request:: sessionid:0x16659354f920001 type:create cxid:0x56 zxid:0x22 txntype:1 reqpath:n/a
18:22:41.807 [SyncThread:0] DEBUG org.apache.zookeeper.server.FinalRequestProcessor - sessionid:0x16659354f920001 type:create cxid:0x56 zxid:0x22 txntype:1 reqpath:n/a
18:22:41.807 [main-SendThread(127.0.0.1:52398)] DEBUG org.apache.zookeeper.ClientCnxn - Got notification sessionid:0x16659354f920001
18:22:41.808 [main-SendThread(127.0.0.1:52398)] DEBUG org.apache.zookeeper.ClientCnxn - Got WatchedEvent state:SyncConnected type:NodeChildrenChanged path:/brokers/topics for sessionid 0x16659354f920001
18:22:41.809 [main-SendThread(127.0.0.1:52398)] DEBUG org.apache.zookeeper.ClientCnxn - Reading reply sessionid:0x16659354f920001, packet:: clientPath:null serverPath:null finished:false header:: 86,1  replyHeader:: 86,34,0  request:: '/brokers/topics/bigDataRequestTopic,#7b2276657273696f6e223a312c22706172746974696f6e73223a7b2231223a5b305d2c2230223a5b305d7d7d,v{s{31,s{'world,'anyone}}},0  response:: '/brokers/topics/bigDataRequestTopic 
18:22:41.810 [main-EventThread] DEBUG org.I0Itec.zkclient.ZkClient - Received event: WatchedEvent state:SyncConnected type:NodeChildrenChanged path:/brokers/topics
18:22:41.810 [main-EventThread] DEBUG org.I0Itec.zkclient.ZkEventThread - New event: ZkEvent[Children of /brokers/topics changed sent to kafka.controller.TopicChangeListener@e0a323]
18:22:41.810 [main-EventThread] DEBUG org.I0Itec.zkclient.ZkClient - Leaving process event
18:22:41.810 [ZkClient-EventThread-22-127.0.0.1:52398] DEBUG org.I0Itec.zkclient.ZkEventThread - Delivering event #3 ZkEvent[Children of /brokers/topics changed sent to kafka.controller.TopicChangeListener@e0a323]
18:22:41.812 [SyncThread:0] DEBUG org.apache.zookeeper.server.FinalRequestProcessor - Processing request:: sessionid:0x16659354f920001 type:exists cxid:0x57 zxid:0xfffffffffffffffe txntype:unknown reqpath:/brokers/topics
18:22:41.812 [SyncThread:0] DEBUG org.apache.zookeeper.server.FinalRequestProcessor - sessionid:0x16659354f920001 type:exists cxid:0x57 zxid:0xfffffffffffffffe txntype:unknown reqpath:/brokers/topics
18:22:41.814 [main-SendThread(127.0.0.1:52398)] DEBUG org.apache.zookeeper.ClientCnxn - Reading reply sessionid:0x16659354f920001, packet:: clientPath:null serverPath:null finished:false header:: 87,3  replyHeader:: 87,34,0  request:: '/brokers/topics,T  response:: s{7,7,1539094959279,1539094959279,0,1,0,0,0,1,34} 
18:22:41.816 [SyncThread:0] DEBUG org.apache.zookeeper.server.FinalRequestProcessor - Processing request:: sessionid:0x16659354f920001 type:getChildren cxid:0x58 zxid:0xfffffffffffffffe txntype:unknown reqpath:/brokers/topics
18:22:41.816 [SyncThread:0] DEBUG org.apache.zookeeper.server.FinalRequestProcessor - sessionid:0x16659354f920001 type:getChildren cxid:0x58 zxid:0xfffffffffffffffe txntype:unknown reqpath:/brokers/topics
18:22:41.818 [main-SendThread(127.0.0.1:52398)] DEBUG org.apache.zookeeper.ClientCnxn - Reading reply sessionid:0x16659354f920001, packet:: clientPath:null serverPath:null finished:false header:: 88,8  replyHeader:: 88,34,0  request:: '/brokers/topics,T  response:: v{'bigDataRequestTopic} 
18:22:41.821 [ZkClient-EventThread-22-127.0.0.1:52398] DEBUG org.I0Itec.zkclient.ZkEventThread - Delivering event #3 done
18:22:41.823 [SyncThread:0] DEBUG org.apache.zookeeper.server.FinalRequestProcessor - Processing request:: sessionid:0x16659354f920001 type:getData cxid:0x59 zxid:0xfffffffffffffffe txntype:unknown reqpath:/brokers/topics/bigDataRequestTopic
18:22:41.823 [SyncThread:0] DEBUG org.apache.zookeeper.server.FinalRequestProcessor - sessionid:0x16659354f920001 type:getData cxid:0x59 zxid:0xfffffffffffffffe txntype:unknown reqpath:/brokers/topics/bigDataRequestTopic
18:22:41.825 [main-SendThread(127.0.0.1:52398)] DEBUG org.apache.zookeeper.ClientCnxn - Reading reply sessionid:0x16659354f920001, packet:: clientPath:null serverPath:null finished:false header:: 89,4  replyHeader:: 89,34,0  request:: '/brokers/topics/bigDataRequestTopic,F  response:: #7b2276657273696f6e223a312c22706172746974696f6e73223a7b2231223a5b305d2c2230223a5b305d7d7d,s{34,34,1539094961803,1539094961803,0,0,0,0,44,0,34} 
18:22:41.843 [SyncThread:0] DEBUG org.apache.zookeeper.server.FinalRequestProcessor - Processing request:: sessionid:0x16659354f920001 type:exists cxid:0x5a zxid:0xfffffffffffffffe txntype:unknown reqpath:/brokers/topics/bigDataRequestTopic
18:22:41.843 [SyncThread:0] DEBUG org.apache.zookeeper.server.FinalRequestProcessor - sessionid:0x16659354f920001 type:exists cxid:0x5a zxid:0xfffffffffffffffe txntype:unknown reqpath:/brokers/topics/bigDataRequestTopic
18:22:41.844 [main-SendThread(127.0.0.1:52398)] DEBUG org.apache.zookeeper.ClientCnxn - Reading reply sessionid:0x16659354f920001, packet:: clientPath:null serverPath:null finished:false header:: 90,3  replyHeader:: 90,34,0  request:: '/brokers/topics/bigDataRequestTopic,T  response:: s{34,34,1539094961803,1539094961803,0,0,0,0,44,0,34} 
18:22:41.844 [controller-event-thread] DEBUG org.I0Itec.zkclient.ZkClient - Subscribed data changes for /brokers/topics/bigDataRequestTopic
18:22:41.874 [SyncThread:0] DEBUG org.apache.zookeeper.server.FinalRequestProcessor - Processing request:: sessionid:0x16659354f920001 type:getData cxid:0x5b zxid:0xfffffffffffffffe txntype:unknown reqpath:/brokers/topics/bigDataRequestTopic/partitions/1/state
18:22:41.874 [SyncThread:0] DEBUG org.apache.zookeeper.server.FinalRequestProcessor - sessionid:0x16659354f920001 type:getData cxid:0x5b zxid:0xfffffffffffffffe txntype:unknown reqpath:/brokers/topics/bigDataRequestTopic/partitions/1/state
18:22:41.875 [main-SendThread(127.0.0.1:52398)] DEBUG org.apache.zookeeper.ClientCnxn - Reading reply sessionid:0x16659354f920001, packet:: clientPath:null serverPath:null finished:false header:: 91,4  replyHeader:: 91,34,-101  request:: '/brokers/topics/bigDataRequestTopic/partitions/1/state,F  response::  
18:22:41.884 [SyncThread:0] DEBUG org.apache.zookeeper.server.FinalRequestProcessor - Processing request:: sessionid:0x16659354f920001 type:getData cxid:0x5c zxid:0xfffffffffffffffe txntype:unknown reqpath:/brokers/topics/bigDataRequestTopic/partitions/0/state
18:22:41.884 [SyncThread:0] DEBUG org.apache.zookeeper.server.FinalRequestProcessor - sessionid:0x16659354f920001 type:getData cxid:0x5c zxid:0xfffffffffffffffe txntype:unknown reqpath:/brokers/topics/bigDataRequestTopic/partitions/0/state
18:22:41.885 [main-SendThread(127.0.0.1:52398)] DEBUG org.apache.zookeeper.ClientCnxn - Reading reply sessionid:0x16659354f920001, packet:: clientPath:null serverPath:null finished:false header:: 92,4  replyHeader:: 92,34,-101  request:: '/brokers/topics/bigDataRequestTopic/partitions/0/state,F  response::  
18:22:41.899 [ProcessThread(sid:0 cport:52398):] INFO org.apache.zookeeper.server.PrepRequestProcessor - Got user-level KeeperException when processing sessionid:0x16659354f920001 type:create cxid:0x5d zxid:0x23 txntype:-1 reqpath:n/a Error Path:/brokers/topics/bigDataRequestTopic/partitions/1 Error:KeeperErrorCode = NoNode for /brokers/topics/bigDataRequestTopic/partitions/1
18:22:41.903 [SyncThread:0] DEBUG org.apache.zookeeper.server.FinalRequestProcessor - Processing request:: sessionid:0x16659354f920001 type:create cxid:0x5d zxid:0x23 txntype:-1 reqpath:n/a
18:22:41.903 [SyncThread:0] DEBUG org.apache.zookeeper.server.DataTree - Ignoring processTxn failure hdr: -1 : error: -101
18:22:41.905 [main-SendThread(127.0.0.1:52398)] DEBUG org.apache.zookeeper.ClientCnxn - Reading reply sessionid:0x16659354f920001, packet:: clientPath:null serverPath:null finished:false header:: 93,1  replyHeader:: 93,35,-101  request:: '/brokers/topics/bigDataRequestTopic/partitions/1/state,#7b22636f6e74726f6c6c65725f65706f6368223a312c226c6561646572223a302c2276657273696f6e223a312c226c65616465725f65706f6368223a302c22697372223a5b305d7d,v{s{31,s{'world,'anyone}}},0  response::  
18:22:41.907 [ProcessThread(sid:0 cport:52398):] INFO org.apache.zookeeper.server.PrepRequestProcessor - Got user-level KeeperException when processing sessionid:0x16659354f920001 type:create cxid:0x5e zxid:0x24 txntype:-1 reqpath:n/a Error Path:/brokers/topics/bigDataRequestTopic/partitions Error:KeeperErrorCode = NoNode for /brokers/topics/bigDataRequestTopic/partitions
18:22:41.909 [SyncThread:0] DEBUG org.apache.zookeeper.server.FinalRequestProcessor - Processing request:: sessionid:0x16659354f920001 type:create cxid:0x5e zxid:0x24 txntype:-1 reqpath:n/a
18:22:41.910 [SyncThread:0] DEBUG org.apache.zookeeper.server.DataTree - Ignoring processTxn failure hdr: -1 : error: -101
18:22:41.911 [main-SendThread(127.0.0.1:52398)] DEBUG org.apache.zookeeper.ClientCnxn - Reading reply sessionid:0x16659354f920001, packet:: clientPath:null serverPath:null finished:false header:: 94,1  replyHeader:: 94,36,-101  request:: '/brokers/topics/bigDataRequestTopic/partitions/1,,v{s{31,s{'world,'anyone}}},0  response::  
18:22:41.918 [SyncThread:0] DEBUG org.apache.zookeeper.server.FinalRequestProcessor - Processing request:: sessionid:0x16659354f920001 type:create cxid:0x5f zxid:0x25 txntype:1 reqpath:n/a
18:22:41.918 [SyncThread:0] DEBUG org.apache.zookeeper.server.FinalRequestProcessor - sessionid:0x16659354f920001 type:create cxid:0x5f zxid:0x25 txntype:1 reqpath:n/a
18:22:41.919 [main-SendThread(127.0.0.1:52398)] DEBUG org.apache.zookeeper.ClientCnxn - Reading reply sessionid:0x16659354f920001, packet:: clientPath:null serverPath:null finished:false header:: 95,1  replyHeader:: 95,37,0  request:: '/brokers/topics/bigDataRequestTopic/partitions,,v{s{31,s{'world,'anyone}}},0  response:: '/brokers/topics/bigDataRequestTopic/partitions 
18:22:41.923 [SyncThread:0] DEBUG org.apache.zookeeper.server.FinalRequestProcessor - Processing request:: sessionid:0x16659354f920001 type:create cxid:0x60 zxid:0x26 txntype:1 reqpath:n/a
18:22:41.923 [SyncThread:0] DEBUG org.apache.zookeeper.server.FinalRequestProcessor - sessionid:0x16659354f920001 type:create cxid:0x60 zxid:0x26 txntype:1 reqpath:n/a
18:22:41.924 [main-SendThread(127.0.0.1:52398)] DEBUG org.apache.zookeeper.ClientCnxn - Reading reply sessionid:0x16659354f920001, packet:: clientPath:null serverPath:null finished:false header:: 96,1  replyHeader:: 96,38,0  request:: '/brokers/topics/bigDataRequestTopic/partitions/1,,v{s{31,s{'world,'anyone}}},0  response:: '/brokers/topics/bigDataRequestTopic/partitions/1 
18:22:41.928 [SyncThread:0] DEBUG org.apache.zookeeper.server.FinalRequestProcessor - Processing request:: sessionid:0x16659354f920001 type:create cxid:0x61 zxid:0x27 txntype:1 reqpath:n/a
18:22:41.929 [SyncThread:0] DEBUG org.apache.zookeeper.server.FinalRequestProcessor - sessionid:0x16659354f920001 type:create cxid:0x61 zxid:0x27 txntype:1 reqpath:n/a
18:22:41.931 [main-SendThread(127.0.0.1:52398)] DEBUG org.apache.zookeeper.ClientCnxn - Reading reply sessionid:0x16659354f920001, packet:: clientPath:null serverPath:null finished:false header:: 97,1  replyHeader:: 97,39,0  request:: '/brokers/topics/bigDataRequestTopic/partitions/1/state,#7b22636f6e74726f6c6c65725f65706f6368223a312c226c6561646572223a302c2276657273696f6e223a312c226c65616465725f65706f6368223a302c22697372223a5b305d7d,v{s{31,s{'world,'anyone}}},0  response:: '/brokers/topics/bigDataRequestTopic/partitions/1/state 
18:22:41.955 [ProcessThread(sid:0 cport:52398):] INFO org.apache.zookeeper.server.PrepRequestProcessor - Got user-level KeeperException when processing sessionid:0x16659354f920001 type:create cxid:0x62 zxid:0x28 txntype:-1 reqpath:n/a Error Path:/brokers/topics/bigDataRequestTopic/partitions/0 Error:KeeperErrorCode = NoNode for /brokers/topics/bigDataRequestTopic/partitions/0
18:22:41.959 [SyncThread:0] DEBUG org.apache.zookeeper.server.FinalRequestProcessor - Processing request:: sessionid:0x16659354f920001 type:create cxid:0x62 zxid:0x28 txntype:-1 reqpath:n/a
18:22:41.959 [SyncThread:0] DEBUG org.apache.zookeeper.server.DataTree - Ignoring processTxn failure hdr: -1 : error: -101
18:22:41.960 [main-SendThread(127.0.0.1:52398)] DEBUG org.apache.zookeeper.ClientCnxn - Reading reply sessionid:0x16659354f920001, packet:: clientPath:null serverPath:null finished:false header:: 98,1  replyHeader:: 98,40,-101  request:: '/brokers/topics/bigDataRequestTopic/partitions/0/state,#7b22636f6e74726f6c6c65725f65706f6368223a312c226c6561646572223a302c2276657273696f6e223a312c226c65616465725f65706f6368223a302c22697372223a5b305d7d,v{s{31,s{'world,'anyone}}},0  response::  
18:22:41.968 [SyncThread:0] DEBUG org.apache.zookeeper.server.FinalRequestProcessor - Processing request:: sessionid:0x16659354f920001 type:create cxid:0x63 zxid:0x29 txntype:1 reqpath:n/a
18:22:41.969 [SyncThread:0] DEBUG org.apache.zookeeper.server.FinalRequestProcessor - sessionid:0x16659354f920001 type:create cxid:0x63 zxid:0x29 txntype:1 reqpath:n/a
18:22:41.972 [main-SendThread(127.0.0.1:52398)] DEBUG org.apache.zookeeper.ClientCnxn - Reading reply sessionid:0x16659354f920001, packet:: clientPath:null serverPath:null finished:false header:: 99,1  replyHeader:: 99,41,0  request:: '/brokers/topics/bigDataRequestTopic/partitions/0,,v{s{31,s{'world,'anyone}}},0  response:: '/brokers/topics/bigDataRequestTopic/partitions/0 
18:22:41.978 [SyncThread:0] DEBUG org.apache.zookeeper.server.FinalRequestProcessor - Processing request:: sessionid:0x16659354f920001 type:create cxid:0x64 zxid:0x2a txntype:1 reqpath:n/a
18:22:41.980 [SyncThread:0] DEBUG org.apache.zookeeper.server.FinalRequestProcessor - sessionid:0x16659354f920001 type:create cxid:0x64 zxid:0x2a txntype:1 reqpath:n/a
18:22:41.982 [main-SendThread(127.0.0.1:52398)] DEBUG org.apache.zookeeper.ClientCnxn - Reading reply sessionid:0x16659354f920001, packet:: clientPath:null serverPath:null finished:false header:: 100,1  replyHeader:: 100,42,0  request:: '/brokers/topics/bigDataRequestTopic/partitions/0/state,#7b22636f6e74726f6c6c65725f65706f6368223a312c226c6561646572223a302c2276657273696f6e223a312c226c65616465725f65706f6368223a302c22697372223a5b305d7d,v{s{31,s{'world,'anyone}}},0  response:: '/brokers/topics/bigDataRequestTopic/partitions/0/state 
18:22:42.033 [SyncThread:0] DEBUG org.apache.zookeeper.server.FinalRequestProcessor - Processing request:: sessionid:0x16659354f920001 type:getData cxid:0x65 zxid:0xfffffffffffffffe txntype:unknown reqpath:/config/topics/bigDataRequestTopic
18:22:42.034 [SyncThread:0] DEBUG org.apache.zookeeper.server.FinalRequestProcessor - sessionid:0x16659354f920001 type:getData cxid:0x65 zxid:0xfffffffffffffffe txntype:unknown reqpath:/config/topics/bigDataRequestTopic
18:22:42.035 [main-SendThread(127.0.0.1:52398)] DEBUG org.apache.zookeeper.ClientCnxn - Reading reply sessionid:0x16659354f920001, packet:: clientPath:null serverPath:null finished:false header:: 101,4  replyHeader:: 101,42,0  request:: '/config/topics/bigDataRequestTopic,F  response:: #7b2276657273696f6e223a312c22636f6e666967223a7b7d7d,s{33,33,1539094961793,1539094961793,0,0,0,0,25,0,33} 
18:22:42.076 [SyncThread:0] DEBUG org.apache.zookeeper.server.FinalRequestProcessor - Processing request:: sessionid:0x16659354f920000 type:ping cxid:0xfffffffffffffffe zxid:0xfffffffffffffffe txntype:unknown reqpath:n/a
18:22:42.076 [SyncThread:0] DEBUG org.apache.zookeeper.server.FinalRequestProcessor - sessionid:0x16659354f920000 type:ping cxid:0xfffffffffffffffe zxid:0xfffffffffffffffe txntype:unknown reqpath:n/a
18:22:42.076 [main-SendThread(127.0.0.1:52398)] DEBUG org.apache.zookeeper.ClientCnxn - Got ping response for sessionid: 0x16659354f920000 after 2ms
18:22:42.259 [SyncThread:0] DEBUG org.apache.zookeeper.server.FinalRequestProcessor - Processing request:: sessionid:0x16659354f920001 type:getData cxid:0x66 zxid:0xfffffffffffffffe txntype:unknown reqpath:/config/topics/bigDataRequestTopic
18:22:42.259 [SyncThread:0] DEBUG org.apache.zookeeper.server.FinalRequestProcessor - sessionid:0x16659354f920001 type:getData cxid:0x66 zxid:0xfffffffffffffffe txntype:unknown reqpath:/config/topics/bigDataRequestTopic
18:22:42.260 [main-SendThread(127.0.0.1:52398)] DEBUG org.apache.zookeeper.ClientCnxn - Reading reply sessionid:0x16659354f920001, packet:: clientPath:null serverPath:null finished:false header:: 102,4  replyHeader:: 102,42,0  request:: '/config/topics/bigDataRequestTopic,F  response:: #7b2276657273696f6e223a312c22636f6e666967223a7b7d7d,s{33,33,1539094961793,1539094961793,0,0,0,0,25,0,33} 
18:22:42.334 [main] DEBUG org.apache.kafka.clients.admin.KafkaAdminClient - [AdminClient clientId=adminclient-1] Initiating close operation.
18:22:42.335 [main] DEBUG org.apache.kafka.clients.admin.KafkaAdminClient - [AdminClient clientId=adminclient-1] Waiting for the I/O thread to exit. Hard shutdown in 31535999999 ms.
18:22:42.336 [kafka-network-thread-0-ListenerName(PLAINTEXT)-PLAINTEXT-2] DEBUG org.apache.kafka.common.network.Selector - [SocketServer brokerId=0] Connection with /127.0.0.1 disconnected
java.io.EOFException: null
	at org.apache.kafka.common.network.NetworkReceive.readFromReadableChannel(NetworkReceive.java:124)
	at org.apache.kafka.common.network.NetworkReceive.readFrom(NetworkReceive.java:93)
	at org.apache.kafka.common.network.KafkaChannel.receive(KafkaChannel.java:231)
	at org.apache.kafka.common.network.KafkaChannel.read(KafkaChannel.java:192)
	at org.apache.kafka.common.network.Selector.attemptRead(Selector.java:528)
	at org.apache.kafka.common.network.Selector.pollSelectionKeys(Selector.java:469)
	at org.apache.kafka.common.network.Selector.poll(Selector.java:398)
	at kafka.network.Processor.poll(SocketServer.scala:535)
	at kafka.network.Processor.run(SocketServer.scala:452)
	at java.lang.Thread.run(Thread.java:748)
18:22:42.336 [kafka-network-thread-0-ListenerName(PLAINTEXT)-PLAINTEXT-1] DEBUG org.apache.kafka.common.network.Selector - [SocketServer brokerId=0] Connection with /127.0.0.1 disconnected
java.io.EOFException: null
	at org.apache.kafka.common.network.NetworkReceive.readFromReadableChannel(NetworkReceive.java:124)
	at org.apache.kafka.common.network.NetworkReceive.readFrom(NetworkReceive.java:93)
	at org.apache.kafka.common.network.KafkaChannel.receive(KafkaChannel.java:231)
	at org.apache.kafka.common.network.KafkaChannel.read(KafkaChannel.java:192)
	at org.apache.kafka.common.network.Selector.attemptRead(Selector.java:528)
	at org.apache.kafka.common.network.Selector.pollSelectionKeys(Selector.java:469)
	at org.apache.kafka.common.network.Selector.poll(Selector.java:398)
	at kafka.network.Processor.poll(SocketServer.scala:535)
	at kafka.network.Processor.run(SocketServer.scala:452)
	at java.lang.Thread.run(Thread.java:748)
18:22:42.337 [kafka-admin-client-thread | adminclient-1] DEBUG org.apache.kafka.common.metrics.Metrics - Removed sensor with name connections-closed:
18:22:42.338 [kafka-admin-client-thread | adminclient-1] DEBUG org.apache.kafka.common.metrics.Metrics - Removed sensor with name connections-created:
18:22:42.338 [kafka-admin-client-thread | adminclient-1] DEBUG org.apache.kafka.common.metrics.Metrics - Removed sensor with name successful-authentication:
18:22:42.338 [kafka-admin-client-thread | adminclient-1] DEBUG org.apache.kafka.common.metrics.Metrics - Removed sensor with name failed-authentication:
18:22:42.339 [kafka-admin-client-thread | adminclient-1] DEBUG org.apache.kafka.common.metrics.Metrics - Removed sensor with name bytes-sent-received:
18:22:42.339 [kafka-admin-client-thread | adminclient-1] DEBUG org.apache.kafka.common.metrics.Metrics - Removed sensor with name bytes-sent:
18:22:42.339 [kafka-admin-client-thread | adminclient-1] DEBUG org.apache.kafka.common.metrics.Metrics - Removed sensor with name bytes-received:
18:22:42.340 [kafka-admin-client-thread | adminclient-1] DEBUG org.apache.kafka.common.metrics.Metrics - Removed sensor with name select-time:
18:22:42.340 [kafka-admin-client-thread | adminclient-1] DEBUG org.apache.kafka.common.metrics.Metrics - Removed sensor with name io-time:
18:22:42.341 [kafka-admin-client-thread | adminclient-1] DEBUG org.apache.kafka.common.metrics.Metrics - Removed sensor with name node--1.bytes-sent
18:22:42.342 [kafka-admin-client-thread | adminclient-1] DEBUG org.apache.kafka.common.metrics.Metrics - Removed sensor with name node--1.bytes-received
18:22:42.342 [kafka-admin-client-thread | adminclient-1] DEBUG org.apache.kafka.common.metrics.Metrics - Removed sensor with name node--1.latency
18:22:42.343 [kafka-admin-client-thread | adminclient-1] DEBUG org.apache.kafka.common.metrics.Metrics - Removed sensor with name node-0.bytes-sent
18:22:42.343 [kafka-admin-client-thread | adminclient-1] DEBUG org.apache.kafka.common.metrics.Metrics - Removed sensor with name node-0.bytes-received
18:22:42.344 [kafka-admin-client-thread | adminclient-1] DEBUG org.apache.kafka.common.metrics.Metrics - Removed sensor with name node-0.latency
18:22:42.344 [kafka-admin-client-thread | adminclient-1] DEBUG org.apache.kafka.clients.admin.KafkaAdminClient - [AdminClient clientId=adminclient-1] Exiting AdminClientRunnable thread.
18:22:42.351 [main] DEBUG org.apache.kafka.clients.admin.KafkaAdminClient - [AdminClient clientId=adminclient-1] Kafka admin client closed.
18:22:42.367 [main] DEBUG org.springframework.test.context.support.AbstractDirtiesContextTestExecutionListener - Before test class: context [DefaultTestContext@d140a7 testClass = SpringKafkaSenderTest, testInstance = [null], testMethod = [null], testException = [null], mergedContextConfiguration = [MergedContextConfiguration@7bdeef testClass = SpringKafkaSenderTest, locations = '{}', classes = '{class com.memorynotfound.kafka.ProducerConsumerApplication}', contextInitializerClasses = '[]', activeProfiles = '{}', propertySourceLocations = '{}', propertySourceProperties = '{org.springframework.boot.test.context.SpringBootTestContextBootstrapper=true}', contextCustomizers = set[org.springframework.boot.test.context.filter.ExcludeFilterContextCustomizer@83f5ae, org.springframework.boot.test.json.DuplicateJsonObjectContextCustomizerFactory$DuplicateJsonObjectContextCustomizer@1d4cc9e, org.springframework.boot.test.mock.mockito.MockitoContextCustomizer@0, org.springframework.boot.test.web.client.TestRestTemplateContextCustomizer@1695df3, org.springframework.boot.test.autoconfigure.properties.PropertyMappingContextCustomizer@0, org.springframework.boot.test.autoconfigure.web.servlet.WebDriverContextCustomizerFactory$Customizer@42d7b5], contextLoader = 'org.springframework.boot.test.context.SpringBootContextLoader', parent = [null]], attributes = map[[empty]]], class annotated with @DirtiesContext [true] with mode [AFTER_CLASS].
18:22:42.369 [main] DEBUG org.springframework.test.annotation.ProfileValueUtils - Retrieved @ProfileValueSourceConfiguration [null] for test class [com.memorynotfound.kafka.SpringKafkaSenderTest]
18:22:42.369 [main] DEBUG org.springframework.test.annotation.ProfileValueUtils - Retrieved ProfileValueSource type [class org.springframework.test.annotation.SystemProfileValueSource] for class [com.memorynotfound.kafka.SpringKafkaSenderTest]
18:22:42.379 [main] DEBUG org.springframework.test.context.support.DependencyInjectionTestExecutionListener - Performing dependency injection for test context [[DefaultTestContext@d140a7 testClass = SpringKafkaSenderTest, testInstance = com.memorynotfound.kafka.SpringKafkaSenderTest@177d6c8, testMethod = [null], testException = [null], mergedContextConfiguration = [MergedContextConfiguration@7bdeef testClass = SpringKafkaSenderTest, locations = '{}', classes = '{class com.memorynotfound.kafka.ProducerConsumerApplication}', contextInitializerClasses = '[]', activeProfiles = '{}', propertySourceLocations = '{}', propertySourceProperties = '{org.springframework.boot.test.context.SpringBootTestContextBootstrapper=true}', contextCustomizers = set[org.springframework.boot.test.context.filter.ExcludeFilterContextCustomizer@83f5ae, org.springframework.boot.test.json.DuplicateJsonObjectContextCustomizerFactory$DuplicateJsonObjectContextCustomizer@1d4cc9e, org.springframework.boot.test.mock.mockito.MockitoContextCustomizer@0, org.springframework.boot.test.web.client.TestRestTemplateContextCustomizer@1695df3, org.springframework.boot.test.autoconfigure.properties.PropertyMappingContextCustomizer@0, org.springframework.boot.test.autoconfigure.web.servlet.WebDriverContextCustomizerFactory$Customizer@42d7b5], contextLoader = 'org.springframework.boot.test.context.SpringBootContextLoader', parent = [null]], attributes = map[[empty]]]].
18:22:42.444 [main] DEBUG org.springframework.core.env.StandardEnvironment - Adding PropertySource 'systemProperties' with lowest search precedence
18:22:42.444 [main] DEBUG org.springframework.core.env.StandardEnvironment - Adding PropertySource 'systemEnvironment' with lowest search precedence
18:22:42.445 [main] DEBUG org.springframework.core.env.StandardEnvironment - Initialized StandardEnvironment with PropertySources [MapPropertySource@18149900 {name='systemProperties', properties={java.runtime.name=Java(TM) SE Runtime Environment, sun.boot.library.path=C:\Program Files (x86)\Java\jdk1.8.0_181\jre\bin, java.vm.version=25.181-b13, java.vm.vendor=Oracle Corporation, java.vendor.url=http://java.oracle.com/, path.separator=;, java.vm.name=Java HotSpot(TM) Client VM, file.encoding.pkg=sun.io, user.country=GB, user.script=, sun.java.launcher=SUN_STANDARD, sun.os.patch.level=, java.vm.specification.name=Java Virtual Machine Specification, user.dir=C:\Firebase\spring-kafka-producer-consumer-example\producer-consumer, java.runtime.version=1.8.0_181-b13, basedir=C:\Firebase\spring-kafka-producer-consumer-example\producer-consumer, java.awt.graphicsenv=sun.awt.Win32GraphicsEnvironment, java.endorsed.dirs=C:\Program Files (x86)\Java\jdk1.8.0_181\jre\lib\endorsed, os.arch=x86, surefire.real.class.path=C:\Users\ashru\AppData\Local\Temp\surefire8504665249565219306\surefirebooter2514368698823662589.jar, java.io.tmpdir=C:\Users\ashru\AppData\Local\Temp\, line.separator=
, java.vm.specification.vendor=Oracle Corporation, user.variant=, os.name=Windows 10, sun.jnu.encoding=Cp1252, java.library.path=C:\Program Files (x86)\Java\jdk1.8.0_181\jre\bin;C:\WINDOWS\Sun\Java\bin;C:\WINDOWS\system32;C:\WINDOWS;C:\Program Files (x86)\Common Files\Oracle\Java\javapath;C:\ProgramData\Oracle\Java\javapath;C:\PROGRAM FILES (X86)\LENOVO\FUSIONENGINE;C:\WINDOWS\SYSTEM32;C:\WINDOWS;C:\WINDOWS\SYSTEM32\WBEM;C:\WINDOWS\SYSTEM32\WINDOWSPOWERSHELL\V1.0\;C:\PROGRAM FILES (X86)\COMMON FILES\LENOVO\EASYPLUSSDK\BIN;C:\Program Files\Lenovo\Bluetooth Software\;C:\Program Files\Lenovo\Bluetooth Software\syswow64;C:\Program Files (x86)\Java\jdk1.8.0_181\bin;C:\WINDOWS\system32;C:\WINDOWS;C:\WINDOWS\System32\Wbem;C:\WINDOWS\System32\WindowsPowerShell\v1.0\;C:\apache-maven-3.5.0\bin;C:\apache-maven-3.5.0\bin;C:\spring-1.5.6.RELEASE\bin;C:\apache-tomcat-8.5.20\bin;C:\WINDOWS\System32\OpenSSH\;C:\Softwares\nodejs;C:\Python\Python37;C:\Program Files\Cloud Foundry;C:\Program Files\Git\cmd;C:\Program Files\PuTTY\;C:\Program Files\dotnet\;C:\Softwares\codes\MobileOnboarding-61c63b06c16b.json;C:\Users\ashru\AppData\Local\Microsoft\WindowsApps;C:\gradle-4.0\bin;C:\Program Files\Docker Toolbox;C:\Users\ashru\AppData\Local\Google\Cloud SDK\google-cloud-sdk\bin;C:\Users\ashru\AppData\Local\Programs\Microsoft VS Code\bin;., surefire.test.class.path=C:\Firebase\spring-kafka-producer-consumer-example\producer-consumer\target\test-classes;C:\Firebase\spring-kafka-producer-consumer-example\producer-consumer\target\classes;C:\Users\ashru\.m2\repository\org\springframework\boot\spring-boot-starter\2.0.0.RELEASE\spring-boot-starter-2.0.0.RELEASE.jar;C:\Users\ashru\.m2\repository\org\springframework\boot\spring-boot\2.0.0.RELEASE\spring-boot-2.0.0.RELEASE.jar;C:\Users\ashru\.m2\repository\org\springframework\boot\spring-boot-autoconfigure\2.0.0.RELEASE\spring-boot-autoconfigure-2.0.0.RELEASE.jar;C:\Users\ashru\.m2\repository\org\springframework\boot\spring-boot-starter-logging\2.0.0.RELEASE\spring-boot-starter-logging-2.0.0.RELEASE.jar;C:\Users\ashru\.m2\repository\ch\qos\logback\logback-classic\1.2.3\logback-classic-1.2.3.jar;C:\Users\ashru\.m2\repository\ch\qos\logback\logback-core\1.2.3\logback-core-1.2.3.jar;C:\Users\ashru\.m2\repository\org\apache\logging\log4j\log4j-to-slf4j\2.10.0\log4j-to-slf4j-2.10.0.jar;C:\Users\ashru\.m2\repository\org\apache\logging\log4j\log4j-api\2.10.0\log4j-api-2.10.0.jar;C:\Users\ashru\.m2\repository\org\slf4j\jul-to-slf4j\1.7.25\jul-to-slf4j-1.7.25.jar;C:\Users\ashru\.m2\repository\javax\annotation\javax.annotation-api\1.3.2\javax.annotation-api-1.3.2.jar;C:\Users\ashru\.m2\repository\org\springframework\spring-core\5.0.4.RELEASE\spring-core-5.0.4.RELEASE.jar;C:\Users\ashru\.m2\repository\org\springframework\spring-jcl\5.0.4.RELEASE\spring-jcl-5.0.4.RELEASE.jar;C:\Users\ashru\.m2\repository\org\yaml\snakeyaml\1.19\snakeyaml-1.19.jar;C:\Users\ashru\.m2\repository\org\springframework\kafka\spring-kafka\2.1.4.RELEASE\spring-kafka-2.1.4.RELEASE.jar;C:\Users\ashru\.m2\repository\org\springframework\spring-context\5.0.4.RELEASE\spring-context-5.0.4.RELEASE.jar;C:\Users\ashru\.m2\repository\org\springframework\spring-aop\5.0.4.RELEASE\spring-aop-5.0.4.RELEASE.jar;C:\Users\ashru\.m2\repository\org\springframework\spring-beans\5.0.4.RELEASE\spring-beans-5.0.4.RELEASE.jar;C:\Users\ashru\.m2\repository\org\springframework\spring-expression\5.0.4.RELEASE\spring-expression-5.0.4.RELEASE.jar;C:\Users\ashru\.m2\repository\org\springframework\spring-messaging\5.0.4.RELEASE\spring-messaging-5.0.4.RELEASE.jar;C:\Users\ashru\.m2\repository\org\springframework\spring-tx\5.0.4.RELEASE\spring-tx-5.0.4.RELEASE.jar;C:\Users\ashru\.m2\repository\org\springframework\retry\spring-retry\1.2.2.RELEASE\spring-retry-1.2.2.RELEASE.jar;C:\Users\ashru\.m2\repository\org\apache\kafka\kafka-clients\1.0.0\kafka-clients-1.0.0.jar;C:\Users\ashru\.m2\repository\org\lz4\lz4-java\1.4\lz4-java-1.4.jar;C:\Users\ashru\.m2\repository\org\xerial\snappy\snappy-java\1.1.4\snappy-java-1.1.4.jar;C:\Users\ashru\.m2\repository\org\springframework\boot\spring-boot-starter-test\2.0.0.RELEASE\spring-boot-starter-test-2.0.0.RELEASE.jar;C:\Users\ashru\.m2\repository\org\springframework\boot\spring-boot-test\2.0.0.RELEASE\spring-boot-test-2.0.0.RELEASE.jar;C:\Users\ashru\.m2\repository\org\springframework\boot\spring-boot-test-autoconfigure\2.0.0.RELEASE\spring-boot-test-autoconfigure-2.0.0.RELEASE.jar;C:\Users\ashru\.m2\repository\com\jayway\jsonpath\json-path\2.4.0\json-path-2.4.0.jar;C:\Users\ashru\.m2\repository\net\minidev\json-smart\2.3\json-smart-2.3.jar;C:\Users\ashru\.m2\repository\net\minidev\accessors-smart\1.2\accessors-smart-1.2.jar;C:\Users\ashru\.m2\repository\org\ow2\asm\asm\5.0.4\asm-5.0.4.jar;C:\Users\ashru\.m2\repository\org\slf4j\slf4j-api\1.7.25\slf4j-api-1.7.25.jar;C:\Users\ashru\.m2\repository\junit\junit\4.12\junit-4.12.jar;C:\Users\ashru\.m2\repository\org\assertj\assertj-core\3.9.1\assertj-core-3.9.1.jar;C:\Users\ashru\.m2\repository\org\mockito\mockito-core\2.15.0\mockito-core-2.15.0.jar;C:\Users\ashru\.m2\repository\net\bytebuddy\byte-buddy\1.7.10\byte-buddy-1.7.10.jar;C:\Users\ashru\.m2\repository\net\bytebuddy\byte-buddy-agent\1.7.10\byte-buddy-agent-1.7.10.jar;C:\Users\ashru\.m2\repository\org\objenesis\objenesis\2.6\objenesis-2.6.jar;C:\Users\ashru\.m2\repository\org\hamcrest\hamcrest-core\1.3\hamcrest-core-1.3.jar;C:\Users\ashru\.m2\repository\org\hamcrest\hamcrest-library\1.3\hamcrest-library-1.3.jar;C:\Users\ashru\.m2\repository\org\skyscreamer\jsonassert\1.5.0\jsonassert-1.5.0.jar;C:\Users\ashru\.m2\repository\com\vaadin\external\google\android-json\0.0.20131108.vaadin1\android-json-0.0.20131108.vaadin1.jar;C:\Users\ashru\.m2\repository\org\springframework\spring-test\5.0.4.RELEASE\spring-test-5.0.4.RELEASE.jar;C:\Users\ashru\.m2\repository\org\xmlunit\xmlunit-core\2.5.1\xmlunit-core-2.5.1.jar;C:\Users\ashru\.m2\repository\org\springframework\kafka\spring-kafka-test\2.1.4.RELEASE\spring-kafka-test-2.1.4.RELEASE.jar;C:\Users\ashru\.m2\repository\org\apache\kafka\kafka-clients\1.0.0\kafka-clients-1.0.0-test.jar;C:\Users\ashru\.m2\repository\org\apache\kafka\kafka_2.11\1.0.0\kafka_2.11-1.0.0.jar;C:\Users\ashru\.m2\repository\com\fasterxml\jackson\core\jackson-databind\2.9.4\jackson-databind-2.9.4.jar;C:\Users\ashru\.m2\repository\com\fasterxml\jackson\core\jackson-annotations\2.9.0\jackson-annotations-2.9.0.jar;C:\Users\ashru\.m2\repository\com\fasterxml\jackson\core\jackson-core\2.9.4\jackson-core-2.9.4.jar;C:\Users\ashru\.m2\repository\net\sf\jopt-simple\jopt-simple\5.0.4\jopt-simple-5.0.4.jar;C:\Users\ashru\.m2\repository\com\yammer\metrics\metrics-core\2.2.0\metrics-core-2.2.0.jar;C:\Users\ashru\.m2\repository\org\scala-lang\scala-library\2.11.11\scala-library-2.11.11.jar;C:\Users\ashru\.m2\repository\com\101tec\zkclient\0.10\zkclient-0.10.jar;C:\Users\ashru\.m2\repository\org\apache\zookeeper\zookeeper\3.4.10\zookeeper-3.4.10.jar;C:\Users\ashru\.m2\repository\log4j\log4j\1.2.16\log4j-1.2.16.jar;C:\Users\ashru\.m2\repository\org\apache\kafka\kafka_2.11\1.0.0\kafka_2.11-1.0.0-test.jar;, spring.embedded.zookeeper.connect=127.0.0.1:52398, java.specification.name=Java Platform API Specification, java.class.version=52.0, sun.management.compiler=HotSpot Client Compiler, os.version=10.0, user.home=C:\Users\ashru, user.timezone=Asia/Muscat, java.awt.printerjob=sun.awt.windows.WPrinterJob, file.encoding=Cp1252, java.specification.version=1.8, java.class.path=C:\Firebase\spring-kafka-producer-consumer-example\producer-consumer\target\test-classes;C:\Firebase\spring-kafka-producer-consumer-example\producer-consumer\target\classes;C:\Users\ashru\.m2\repository\org\springframework\boot\spring-boot-starter\2.0.0.RELEASE\spring-boot-starter-2.0.0.RELEASE.jar;C:\Users\ashru\.m2\repository\org\springframework\boot\spring-boot\2.0.0.RELEASE\spring-boot-2.0.0.RELEASE.jar;C:\Users\ashru\.m2\repository\org\springframework\boot\spring-boot-autoconfigure\2.0.0.RELEASE\spring-boot-autoconfigure-2.0.0.RELEASE.jar;C:\Users\ashru\.m2\repository\org\springframework\boot\spring-boot-starter-logging\2.0.0.RELEASE\spring-boot-starter-logging-2.0.0.RELEASE.jar;C:\Users\ashru\.m2\repository\ch\qos\logback\logback-classic\1.2.3\logback-classic-1.2.3.jar;C:\Users\ashru\.m2\repository\ch\qos\logback\logback-core\1.2.3\logback-core-1.2.3.jar;C:\Users\ashru\.m2\repository\org\apache\logging\log4j\log4j-to-slf4j\2.10.0\log4j-to-slf4j-2.10.0.jar;C:\Users\ashru\.m2\repository\org\apache\logging\log4j\log4j-api\2.10.0\log4j-api-2.10.0.jar;C:\Users\ashru\.m2\repository\org\slf4j\jul-to-slf4j\1.7.25\jul-to-slf4j-1.7.25.jar;C:\Users\ashru\.m2\repository\javax\annotation\javax.annotation-api\1.3.2\javax.annotation-api-1.3.2.jar;C:\Users\ashru\.m2\repository\org\springframework\spring-core\5.0.4.RELEASE\spring-core-5.0.4.RELEASE.jar;C:\Users\ashru\.m2\repository\org\springframework\spring-jcl\5.0.4.RELEASE\spring-jcl-5.0.4.RELEASE.jar;C:\Users\ashru\.m2\repository\org\yaml\snakeyaml\1.19\snakeyaml-1.19.jar;C:\Users\ashru\.m2\repository\org\springframework\kafka\spring-kafka\2.1.4.RELEASE\spring-kafka-2.1.4.RELEASE.jar;C:\Users\ashru\.m2\repository\org\springframework\spring-context\5.0.4.RELEASE\spring-context-5.0.4.RELEASE.jar;C:\Users\ashru\.m2\repository\org\springframework\spring-aop\5.0.4.RELEASE\spring-aop-5.0.4.RELEASE.jar;C:\Users\ashru\.m2\repository\org\springframework\spring-beans\5.0.4.RELEASE\spring-beans-5.0.4.RELEASE.jar;C:\Users\ashru\.m2\repository\org\springframework\spring-expression\5.0.4.RELEASE\spring-expression-5.0.4.RELEASE.jar;C:\Users\ashru\.m2\repository\org\springframework\spring-messaging\5.0.4.RELEASE\spring-messaging-5.0.4.RELEASE.jar;C:\Users\ashru\.m2\repository\org\springframework\spring-tx\5.0.4.RELEASE\spring-tx-5.0.4.RELEASE.jar;C:\Users\ashru\.m2\repository\org\springframework\retry\spring-retry\1.2.2.RELEASE\spring-retry-1.2.2.RELEASE.jar;C:\Users\ashru\.m2\repository\org\apache\kafka\kafka-clients\1.0.0\kafka-clients-1.0.0.jar;C:\Users\ashru\.m2\repository\org\lz4\lz4-java\1.4\lz4-java-1.4.jar;C:\Users\ashru\.m2\repository\org\xerial\snappy\snappy-java\1.1.4\snappy-java-1.1.4.jar;C:\Users\ashru\.m2\repository\org\springframework\boot\spring-boot-starter-test\2.0.0.RELEASE\spring-boot-starter-test-2.0.0.RELEASE.jar;C:\Users\ashru\.m2\repository\org\springframework\boot\spring-boot-test\2.0.0.RELEASE\spring-boot-test-2.0.0.RELEASE.jar;C:\Users\ashru\.m2\repository\org\springframework\boot\spring-boot-test-autoconfigure\2.0.0.RELEASE\spring-boot-test-autoconfigure-2.0.0.RELEASE.jar;C:\Users\ashru\.m2\repository\com\jayway\jsonpath\json-path\2.4.0\json-path-2.4.0.jar;C:\Users\ashru\.m2\repository\net\minidev\json-smart\2.3\json-smart-2.3.jar;C:\Users\ashru\.m2\repository\net\minidev\accessors-smart\1.2\accessors-smart-1.2.jar;C:\Users\ashru\.m2\repository\org\ow2\asm\asm\5.0.4\asm-5.0.4.jar;C:\Users\ashru\.m2\repository\org\slf4j\slf4j-api\1.7.25\slf4j-api-1.7.25.jar;C:\Users\ashru\.m2\repository\junit\junit\4.12\junit-4.12.jar;C:\Users\ashru\.m2\repository\org\assertj\assertj-core\3.9.1\assertj-core-3.9.1.jar;C:\Users\ashru\.m2\repository\org\mockito\mockito-core\2.15.0\mockito-core-2.15.0.jar;C:\Users\ashru\.m2\repository\net\bytebuddy\byte-buddy\1.7.10\byte-buddy-1.7.10.jar;C:\Users\ashru\.m2\repository\net\bytebuddy\byte-buddy-agent\1.7.10\byte-buddy-agent-1.7.10.jar;C:\Users\ashru\.m2\repository\org\objenesis\objenesis\2.6\objenesis-2.6.jar;C:\Users\ashru\.m2\repository\org\hamcrest\hamcrest-core\1.3\hamcrest-core-1.3.jar;C:\Users\ashru\.m2\repository\org\hamcrest\hamcrest-library\1.3\hamcrest-library-1.3.jar;C:\Users\ashru\.m2\repository\org\skyscreamer\jsonassert\1.5.0\jsonassert-1.5.0.jar;C:\Users\ashru\.m2\repository\com\vaadin\external\google\android-json\0.0.20131108.vaadin1\android-json-0.0.20131108.vaadin1.jar;C:\Users\ashru\.m2\repository\org\springframework\spring-test\5.0.4.RELEASE\spring-test-5.0.4.RELEASE.jar;C:\Users\ashru\.m2\repository\org\xmlunit\xmlunit-core\2.5.1\xmlunit-core-2.5.1.jar;C:\Users\ashru\.m2\repository\org\springframework\kafka\spring-kafka-test\2.1.4.RELEASE\spring-kafka-test-2.1.4.RELEASE.jar;C:\Users\ashru\.m2\repository\org\apache\kafka\kafka-clients\1.0.0\kafka-clients-1.0.0-test.jar;C:\Users\ashru\.m2\repository\org\apache\kafka\kafka_2.11\1.0.0\kafka_2.11-1.0.0.jar;C:\Users\ashru\.m2\repository\com\fasterxml\jackson\core\jackson-databind\2.9.4\jackson-databind-2.9.4.jar;C:\Users\ashru\.m2\repository\com\fasterxml\jackson\core\jackson-annotations\2.9.0\jackson-annotations-2.9.0.jar;C:\Users\ashru\.m2\repository\com\fasterxml\jackson\core\jackson-core\2.9.4\jackson-core-2.9.4.jar;C:\Users\ashru\.m2\repository\net\sf\jopt-simple\jopt-simple\5.0.4\jopt-simple-5.0.4.jar;C:\Users\ashru\.m2\repository\com\yammer\metrics\metrics-core\2.2.0\metrics-core-2.2.0.jar;C:\Users\ashru\.m2\repository\org\scala-lang\scala-library\2.11.11\scala-library-2.11.11.jar;C:\Users\ashru\.m2\repository\com\101tec\zkclient\0.10\zkclient-0.10.jar;C:\Users\ashru\.m2\repository\org\apache\zookeeper\zookeeper\3.4.10\zookeeper-3.4.10.jar;C:\Users\ashru\.m2\repository\log4j\log4j\1.2.16\log4j-1.2.16.jar;C:\Users\ashru\.m2\repository\org\apache\kafka\kafka_2.11\1.0.0\kafka_2.11-1.0.0-test.jar;, user.name=ashru, java.vm.specification.version=1.8, sun.java.command=C:\Users\ashru\AppData\Local\Temp\surefire8504665249565219306\surefirebooter2514368698823662589.jar C:\Users\ashru\AppData\Local\Temp\surefire8504665249565219306 2018-10-09T18-22-30_501-jvmRun1 surefire6096623395111276452tmp surefire_03957771889454204232tmp, java.home=C:\Program Files (x86)\Java\jdk1.8.0_181\jre, sun.arch.data.model=32, user.language=en, java.specification.vendor=Oracle Corporation, awt.toolkit=sun.awt.windows.WToolkit, java.vm.info=mixed mode, sharing, java.version=1.8.0_181, java.ext.dirs=C:\Program Files (x86)\Java\jdk1.8.0_181\jre\lib\ext;C:\WINDOWS\Sun\Java\lib\ext, sun.boot.class.path=C:\Program Files (x86)\Java\jdk1.8.0_181\jre\lib\resources.jar;C:\Program Files (x86)\Java\jdk1.8.0_181\jre\lib\rt.jar;C:\Program Files (x86)\Java\jdk1.8.0_181\jre\lib\sunrsasign.jar;C:\Program Files (x86)\Java\jdk1.8.0_181\jre\lib\jsse.jar;C:\Program Files (x86)\Java\jdk1.8.0_181\jre\lib\jce.jar;C:\Program Files (x86)\Java\jdk1.8.0_181\jre\lib\charsets.jar;C:\Program Files (x86)\Java\jdk1.8.0_181\jre\lib\jfr.jar;C:\Program Files (x86)\Java\jdk1.8.0_181\jre\classes, java.vendor=Oracle Corporation, localRepository=C:\Users\ashru\.m2\repository, file.separator=\, java.vendor.url.bug=http://bugreport.sun.com/bugreport/, sun.io.unicode.encoding=UnicodeLittle, sun.cpu.endian=little, sun.desktop=windows, spring.embedded.kafka.brokers=127.0.0.1:52413, sun.cpu.isalist=pentium_pro+mmx pentium_pro pentium+mmx pentium i486 i386 i86}}, SystemEnvironmentPropertySource@27943411 {name='systemEnvironment', properties={PATH=C:\Program Files (x86)\Common Files\Oracle\Java\javapath;C:\ProgramData\Oracle\Java\javapath;C:\PROGRAM FILES (X86)\LENOVO\FUSIONENGINE;C:\WINDOWS\SYSTEM32;C:\WINDOWS;C:\WINDOWS\SYSTEM32\WBEM;C:\WINDOWS\SYSTEM32\WINDOWSPOWERSHELL\V1.0\;C:\PROGRAM FILES (X86)\COMMON FILES\LENOVO\EASYPLUSSDK\BIN;C:\Program Files\Lenovo\Bluetooth Software\;C:\Program Files\Lenovo\Bluetooth Software\syswow64;C:\Program Files (x86)\Java\jdk1.8.0_181\bin;C:\WINDOWS\system32;C:\WINDOWS;C:\WINDOWS\System32\Wbem;C:\WINDOWS\System32\WindowsPowerShell\v1.0\;C:\apache-maven-3.5.0\bin;C:\apache-maven-3.5.0\bin;C:\spring-1.5.6.RELEASE\bin;C:\apache-tomcat-8.5.20\bin;C:\WINDOWS\System32\OpenSSH\;C:\Softwares\nodejs;C:\Python\Python37;C:\Program Files\Cloud Foundry;C:\Program Files\Git\cmd;C:\Program Files\PuTTY\;C:\Program Files\dotnet\;C:\Softwares\codes\MobileOnboarding-61c63b06c16b.json;C:\Users\ashru\AppData\Local\Microsoft\WindowsApps;C:\gradle-4.0\bin;C:\Program Files\Docker Toolbox;C:\Users\ashru\AppData\Local\Google\Cloud SDK\google-cloud-sdk\bin;C:\Users\ashru\AppData\Local\Programs\Microsoft VS Code\bin, USERDOMAIN_ROAMINGPROFILE=ASHRUJITPC, NO_PROXY=192.168.99.100, PROCESSOR_LEVEL=6, SYSTEMDRIVE=C:, SESSIONNAME=Console, ALLUSERSPROFILE=C:\ProgramData, PROCESSOR_ARCHITECTURE=x86, DRIVERDATA=C:\Windows\System32\Drivers\DriverData, MAVEN_HOME=C:\apache-maven-3.5.0\bin\.., PROGRAMFILES=C:\Program Files (x86), TVT=C:\Program Files (x86)\Lenovo, PSMODULEPATH=;C:\Users\ashru\AppData\Local\Google\Cloud SDK\google-cloud-sdk\platform\PowerShell, PROGRAMDATA=C:\ProgramData, USERNAME=ashru, WDIR=C:\, FPS_BROWSER_USER_PROFILE_STRING=Default, ONEDRIVE=C:\Users\ashru\OneDrive, CONFIGSETROOT=C:\WINDOWS\ConfigSetRoot, PATHEXT=.COM;.EXE;.BAT;.CMD;.VBS;.VBE;.JS;.JSE;.WSF;.WSH;.MSC, COMPOSE_CONVERT_WINDOWS_PATHS=true, PROCESSOR_ARCHITEW6432=AMD64, CLASSWORLDS_JAR="C:\apache-maven-3.5.0\bin\..\boot\plexus-classworlds-2.5.2.jar", WINDIR=C:\WINDOWS, HOMEPATH=\Users\ashru, SPRING_HOME=C:\spring-1.5.6.RELEASE, PROCESSOR_IDENTIFIER=Intel64 Family 6 Model 61 Stepping 4, GenuineIntel, M2_HOME=C:\apache-maven-3.5.0, PUBLIC=C:\Users\Public, =::=::\, =EXITCODE=00000001, LOCALAPPDATA=C:\Users\ashru\AppData\Local, COMMONPROGRAMFILES(X86)=C:\Program Files (x86)\Common Files, DOCKER_HOST=tcp://192.168.99.100:2376, USERDOMAIN=ASHRUJITPC, FPS_BROWSER_APP_PROFILE_STRING=Internet Explorer, LOGONSERVER=\\ASHRUJITPC, JAVA_HOME=C:\Program Files (x86)\Java\jdk1.8.0_181, PROMPT=$P$G, PROGRAMFILES(X86)=C:\Program Files (x86), GOOGLE_APPLICATION_CREDENTIALS=C:\Softwares\codes\MobileOnboarding-61c63b06c16b.json, ERROR_CODE=0, EXEC_DIR=C:\Firebase\spring-kafka-producer-consumer-example\producer-consumer, =C:=C:\Firebase\spring-kafka-producer-consumer-example\producer-consumer, APPDATA=C:\Users\ashru\AppData\Roaming, DOCKER_MACHINE_NAME=default, DOCKER_CERT_PATH=C:\Users\ashru\.docker\machine\machines\default, PROGRAMW6432=C:\Program Files, NODEJS=C:\Softwares\nodejs, SYSTEMROOT=C:\WINDOWS, MAVEN_CMD_LINE_ARGS=install, VBOX_MSI_INSTALL_PATH=C:\Program Files\Oracle\VirtualBox\, DOCKER_ID_USER=ashrujitpal, OS=Windows_NT, COMMONPROGRAMW6432=C:\Program Files\Common Files, COMPUTERNAME=ASHRUJITPC, COMMONPROGRAMFILES=C:\Program Files (x86)\Common Files, COMSPEC=C:\WINDOWS\system32\cmd.exe, CATALINA_HOME=C:\apache-tomcat-8.5.20, JAVACMD=C:\Program Files (x86)\Java\jdk1.8.0_181\bin\java.exe, MAVEN_PROJECTBASEDIR=C:\Firebase\spring-kafka-producer-consumer-example\producer-consumer, PROCESSOR_REVISION=3d04, CLASSWORLDS_LAUNCHER=org.codehaus.plexus.classworlds.launcher.Launcher, DOCKER_TLS_VERIFY=1, TEMP=C:\Users\ashru\AppData\Local\Temp, HOMEDRIVE=C:, USERPROFILE=C:\Users\ashru, TMP=C:\Users\ashru\AppData\Local\Temp, NUMBER_OF_PROCESSORS=4, JVMCONFIG=\.mvn\jvm.config, DOCKER_TOOLBOX_INSTALL_PATH=C:\Program Files\Docker Toolbox}}]
18:22:42.449 [main] DEBUG org.springframework.test.context.support.TestPropertySourceUtils - Adding inlined properties to environment: {spring.jmx.enabled=false, org.springframework.boot.test.context.SpringBootTestContextBootstrapper=true, server.port=-1}
18:22:42.449 [main] DEBUG org.springframework.core.env.StandardEnvironment - Adding PropertySource 'Inlined Test Properties' with highest search precedence

  .   ____          _            __ _ _
 /\\ / ___'_ __ _ _(_)_ __  __ _ \ \ \ \
( ( )\___ | '_ | '_| | '_ \/ _` | \ \ \ \
 \\/  ___)| |_)| | | | | || (_| |  ) ) ) )
  '  |____| .__|_| |_|_| |_\__, | / / / /
 =========|_|==============|___/=/_/_/_/
 :: Spring Boot ::        (v2.0.0.RELEASE)

2018-10-09 18:22:43.310  INFO 1108 --- [           main] c.m.kafka.SpringKafkaSenderTest          : Starting SpringKafkaSenderTest on AshrujitPC with PID 1108 (started by ashru in C:\Firebase\spring-kafka-producer-consumer-example\producer-consumer)
2018-10-09 18:22:43.315 DEBUG 1108 --- [           main] c.m.kafka.SpringKafkaSenderTest          : Running with Spring Boot v2.0.0.RELEASE, Spring v5.0.4.RELEASE
2018-10-09 18:22:43.316  INFO 1108 --- [           main] c.m.kafka.SpringKafkaSenderTest          : No active profile set, falling back to default profiles: default
2018-10-09 18:22:47.164  INFO 1108 --- [           main] c.m.kafka.SpringKafkaSenderTest          : Started SpringKafkaSenderTest in 4.705 seconds (JVM running for 16.013)
2018-10-09 18:22:47.175  INFO 1108 --- [           main] c.memorynotfound.kafka.producer.Sender   : sending message='Spring Kafka Producer and Consumer Example' to topic='foo.t'
2018-10-09 18:22:47.290  WARN 1108 --- [ntainer#0-0-C-1] org.apache.kafka.clients.NetworkClient   : [Consumer clientId=consumer-1, groupId=foo] Error while fetching metadata with correlation id 2 : {foo.t=LEADER_NOT_AVAILABLE}
2018-10-09 18:22:47.419  WARN 1108 --- [ad | producer-1] org.apache.kafka.clients.NetworkClient   : [Producer clientId=producer-1] Error while fetching metadata with correlation id 1 : {foo.t=LEADER_NOT_AVAILABLE}
2018-10-09 18:22:47.435  WARN 1108 --- [ntainer#0-0-C-1] org.apache.kafka.clients.NetworkClient   : [Consumer clientId=consumer-1, groupId=foo] Error while fetching metadata with correlation id 4 : {foo.t=LEADER_NOT_AVAILABLE}
2018-10-09 18:22:49.236  INFO 1108 --- [ntainer#0-0-C-1] c.m.kafka.consumer.Receiver              : received message='Spring Kafka Producer and Consumer Example'
2018-10-09 18:22:49.246  INFO 1108 --- [           main] c.memorynotfound.kafka.producer.Sender   : sending message='Hello Spring Kafka Sender!' to topic='foo.t'
2018-10-09 18:22:49.271  INFO 1108 --- [ntainer#0-0-C-1] c.m.kafka.consumer.Receiver              : received message='Hello Spring Kafka Sender!'
]]></system-out>
  </testcase>
</testsuite>